"../../../Engine/Content/ArtTools/RenderToTexture/Enums/RenderToTexture_Enum.uasset" 0
"../../../Engine/Content/ArtTools/RenderToTexture/Enums/RenderToTexture_Flipbook_Enum.uasset" 1
"../../../Engine/Content/ArtTools/RenderToTexture/Enums/RenderToTexture_Imposter_Enum.uasset" 2
"../../../Engine/Content/EditorBlueprintResources/StandardMacros.uasset" 3
"../../../Engine/Content/ArtTools/RenderToTexture/Enums/EIntTypes.uasset" 4
"../../../Engine/Content/ArtTools/RenderToTexture/Macros/RenderToTextureFunctionLibrary.uasset" 5
"../../../Engine/Content/ArtTools/RenderToTexture/Enums/EFloatTypes.uasset" 6
"../../../Engine/Content/ArtTools/RenderToTexture/Macros/RenderToTextureMacros.uasset" 7
"../../../Engine/Content/Functions/Engine_MaterialFunctions01/Opacity/CameraDepthFade.uasset" 8
"../../../Engine/Content/EngineMaterials/T_Default_Material_Grid_M.uasset" 9
"../../../Engine/Content/EngineMaterials/T_Default_Material_Grid_N.uasset" 10
"../../../Engine/Content/EngineMaterials/WorldGridMaterial.uasset" 11
"../../../Engine/Content/ArtTools/RenderToTexture/Meshes/S_1_Unit_Plane.uasset" 12
"../../../Engine/Content/EngineMaterials/DefaultMaterial.uasset" 13
"../../../Engine/Content/BasicShapes/Cone.uasset" 14
"../../../Engine/Content/BasicShapes/Cube.uasset" 15
"../../../Engine/Content/BasicShapes/Cylinder.uasset" 16
"../../../Engine/Content/BasicShapes/Plane.uasset" 17
"../../../Engine/Content/BasicShapes/Sphere.uasset" 18
"../../../Engine/Content/EngineMaterials/DefaultPhysicalMaterial.uasset" 19
"../../../Engine/Content/BufferVisualization/AmbientOcclusion.uasset" 20
"../../../Engine/Content/BufferVisualization/BaseColor.uasset" 21
"../../../Engine/Content/BufferVisualization/CustomDepth.uasset" 22
"../../../Engine/Content/Functions/Engine_MaterialFunctions02/Utility/VectorLength.uasset" 23
"../../../Engine/Content/BufferVisualization/CustomDepthWorldUnits.uasset" 24
"../../../Engine/Content/Functions/Engine_MaterialFunctions02/Utility/BreakOutFloat2Components.uasset" 25
"../../../Engine/Content/Functions/Engine_MaterialFunctions01/Texturing/ScaleUVsByCenter.uasset" 26
"../../../Engine/Content/Functions/Engine_MaterialFunctions02/ScreenResolution.uasset" 27
"../../../Engine/Content/Functions/Engine_MaterialFunctions02/Texturing/ScreenAlignedUVs.uasset" 28
"../../../Engine/Content/Functions/Engine_MaterialFunctions02/Utility/MakeFloat2.uasset" 29
"../../../Engine/Content/Functions/Engine_MaterialFunctions02/Utility/MakeFloat3.uasset" 30
"../../../Engine/Content/EngineMaterials/MiniFont.uasset" 31
"../../../Engine/Content/BufferVisualization/CustomStencil.uasset" 32
"../../../Engine/Content/BufferVisualization/FinalImage.uasset" 33
"../../../Engine/Content/BufferVisualization/LightingModel.uasset" 34
"../../../Engine/Content/BufferVisualization/MaterialAO.uasset" 35
"../../../Engine/Content/BufferVisualization/Metallic.uasset" 36
"../../../Engine/Content/BufferVisualization/Opacity.uasset" 37
"../../../Engine/Content/BufferVisualization/PostTonemapHDRColor.uasset" 38
"../../../Engine/Content/BufferVisualization/PreTonemapHDRColor.uasset" 39
"../../../Engine/Content/BufferVisualization/Roughness.uasset" 40
"../../../Engine/Content/BufferVisualization/SceneColor.uasset" 41
"../../../Engine/Content/BufferVisualization/SceneDepth.uasset" 42
"../../../Engine/Content/BufferVisualization/SceneDepthWorldUnits.uasset" 43
"../../../Engine/Content/BufferVisualization/SeparateTranslucencyA.uasset" 44
"../../../Engine/Content/BufferVisualization/SeparateTranslucencyRGB.uasset" 45
"../../../Engine/Content/BufferVisualization/Specular.uasset" 46
"../../../Engine/Content/BufferVisualization/SubsurfaceColor.uasset" 47
"../../../Engine/Content/BufferVisualization/WorldNormal.uasset" 48
"../../../Engine/Content/EditorBlueprintResources/ActorMacros.uasset" 49
"../../../Engine/Content/EditorLandscapeResources/DataLayer.uasset" 50
"../../../Engine/Content/EditorLandscapeResources/DefaultAlphaTexture.uasset" 51
"../../../Engine/Content/EditorLandscapeResources/LandscapeGizmoHeight_Mat.uasset" 52
"../../../Engine/Content/EditorLandscapeResources/LandscapeGizmo_Mat.uasset" 53
"../../../Engine/Content/EditorLandscapeResources/LandscapeGizmo_Mat_Copied.uasset" 54
"../../../Engine/Content/EditorLandscapeResources/SplineEditorMeshMat.uasset" 55
"../../../Engine/Content/EditorLandscapeResources/SplineEditorMesh.uasset" 56
"../../../Engine/Content/EditorMaterials/Cross.uasset" 57
"../../../Engine/Content/EditorMaterials/Cross_Mat.uasset" 58
"../../../Engine/Content/EditorMaterials/GizmoMaterial.uasset" 59
"../../../Engine/Content/Functions/Engine_MaterialFunctions02/Utility/Sign.uasset" 60
"../../../Engine/Content/Functions/Engine_MaterialFunctions02/Utility/Round.uasset" 61
"../../../Engine/Content/Functions/Engine_MaterialFunctions02/ExampleContent/Textures/flipbook.uasset" 62
"../../../Engine/Content/Functions/Engine_MaterialFunctions02/Texturing/FlipBook.uasset" 63
"../../../Engine/Content/EditorResources/T_EditorHelp.uasset" 64
"../../../Engine/Content/EditorMaterials/HelpActorMaterial.uasset" 65
"../../../Engine/Content/EditorMaterials/CompositeARGBLayer.uasset" 66
"../../../Engine/Content/EditorMaterials/TilingAALineIntegral.uasset" 67
"../../../Engine/Content/EditorMaterials/TilingAALineBoxFiltered.uasset" 68
"../../../Engine/Content/Functions/Engine_MaterialFunctions03/Procedurals/ComputeFilterWidth.uasset" 69
"../../../Engine/Content/EditorMaterials/TilingAADots.uasset" 70
"../../../Engine/Content/EditorMaterials/Cascade/CASC_Cross.uasset" 71
"../../../Engine/Content/EditorMaterials/Cascade/CASC_None.uasset" 72
"../../../Engine/Content/Functions/Engine_MaterialFunctions03/Blends/Blend_Screen.uasset" 73
"../../../Engine/Content/EditorMaterials/TilingAAGrid.uasset" 74
"../../../Engine/Content/EditorMaterials/LevelGridMaterial.uasset" 75
"../../../Engine/Content/EditorMaterials/MakeCompositeARGBLayer.uasset" 76
"../../../Engine/Content/EditorResources/LevelGrid1DStripes.uasset" 77
"../../../Engine/Content/EditorMaterials/TextureGridCascaded1D.uasset" 78
"../../../Engine/Content/EditorMaterials/TextureGridCascaded2D.uasset" 79
"../../../Engine/Content/EditorMaterials/LevelGridMaterial2.uasset" 80
"../../../Engine/Content/EditorMaterials/MAT_Groups_Toggle.uasset" 81
"../../../Engine/Content/EditorMaterials/MAT_Groups_Visibility.uasset" 82
"../../../Engine/Content/EditorMaterials/PhAT_BoneSelectedMaterial.uasset" 83
"../../../Engine/Content/EditorMaterials/PhAT_ElemSelectedMaterial.uasset" 84
"../../../Engine/Content/EditorMaterials/PhAT_NoCollisionMaterial.uasset" 85
"../../../Engine/Content/EditorMaterials/PhAT_UnselectedMaterial.uasset" 86
"../../../Engine/Content/EditorMaterials/PreviewShadowIndicator.uasset" 87
"../../../Engine/Content/EditorMaterials/PreviewShadowIndicatorMaterial.uasset" 88
"../../../Engine/Content/EditorMaterials/TargetIcon.uasset" 89
"../../../Engine/Content/EditorMaterials/Tick.uasset" 90
"../../../Engine/Content/EditorMaterials/Tick_Mat.uasset" 91
"../../../Engine/Content/EditorMaterials/WidgetGridVertexColorMaterial.uasset" 92
"../../../Engine/Content/EditorMaterials/WidgetGridVertexColorMaterial_Ma.uasset" 93
"../../../Engine/Content/EditorMaterials/WidgetMaterial.uasset" 94
"../../../Engine/Content/EditorMaterials/WidgetMaterial_Current.uasset" 95
"../../../Engine/Content/EditorMaterials/WidgetMaterial_X.uasset" 96
"../../../Engine/Content/EditorMaterials/WidgetMaterial_Y.uasset" 97
"../../../Engine/Content/EditorMaterials/WidgetMaterial_Z.uasset" 98
"../../../Engine/Content/EditorMaterials/WidgetVertexColorMaterial.uasset" 99
"../../../Engine/Content/EditorMaterials/AssetViewer/EpicQuadPanorama_CC+EV1.uasset" 100
"../../../Engine/Content/EditorMaterials/MatineeGroups/MAT_ColorTrack.uasset" 101
"../../../Engine/Content/EditorMaterials/MatineeGroups/MAT_Groups_Anim.uasset" 102
"../../../Engine/Content/EditorMaterials/MatineeGroups/MAT_Groups_AudioMaster.uasset" 103
"../../../Engine/Content/EditorMaterials/MatineeGroups/MAT_Groups_Director.uasset" 104
"../../../Engine/Content/EditorMaterials/MatineeGroups/MAT_Groups_Event.uasset" 105
"../../../Engine/Content/EditorMaterials/MatineeGroups/MAT_Groups_Fade.uasset" 106
"../../../Engine/Content/EditorMaterials/MatineeGroups/MAT_Groups_Float.uasset" 107
"../../../Engine/Content/EditorMaterials/MatineeGroups/MAT_Groups_Move.uasset" 108
"../../../Engine/Content/EditorMaterials/MatineeGroups/MAT_Groups_Slomo.uasset" 109
"../../../Engine/Content/EditorMaterials/MatineeGroups/MAT_Groups_Sound.uasset" 110
"../../../Engine/Content/EditorMaterials/MatineeGroups/MAT_Groups_Vector.uasset" 111
"../../../Engine/Content/EditorMaterials/ParticleSystems/PSysThumbnail_NoImage.uasset" 112
"../../../Engine/Content/EditorMaterials/ParticleSystems/PSysThumbnail_OOD.uasset" 113
"../../../Engine/Content/EngineMaterials/Grid.uasset" 114
"../../../Engine/Content/EditorMaterials/Thumbnails/FloorPlaneMaterial.uasset" 115
"../../../Engine/Content/EditorMeshes/EditorCylinder.uasset" 116
"../../../Engine/Content/EditorMeshes/EditorPlane.uasset" 117
"../../../Engine/Content/EditorMaterials/Thumbnails/SkySphereMaterial.uasset" 118
"../../../Engine/Content/EditorMeshes/EditorSkySphere.uasset" 119
"../../../Engine/Content/EditorMeshes/EditorSphere.uasset" 120
"../../../Engine/Content/EditorResources/MatineeCam_D.uasset" 121
"../../../Engine/Content/EditorMaterials/MatineeCam_mat.uasset" 122
"../../../Engine/Content/EditorMeshes/MatineeCam_SM.uasset" 123
"../../../Engine/Content/EditorMaterials/Camera/CineMat.uasset" 124
"../../../Engine/Content/EditorMaterials/Camera/MI_CineMat_CameraBody.uasset" 125
"../../../Engine/Content/EngineDebugMaterials/M_SimpleOpaque.uasset" 126
"../../../Engine/Content/EditorMaterials/Camera/MI_CineMat_CamViewFinder.uasset" 127
"../../../Engine/Content/EditorMeshes/Camera/SM_CineCam.uasset" 128
"../../../Engine/Content/EditorMaterials/Camera/MI_CineMat_Rig.uasset" 129
"../../../Engine/Content/EditorMeshes/Camera/SM_CraneRig_Arm.uasset" 130
"../../../Engine/Content/EditorMeshes/Camera/SM_CraneRig_Base.uasset" 131
"../../../Engine/Content/EditorMeshes/Camera/SM_CraneRig_Body.uasset" 132
"../../../Engine/Content/EditorMeshes/Camera/SM_CraneRig_Mount.uasset" 133
"../../../Engine/Content/EditorMeshes/Camera/SM_RailRig_Mount.uasset" 134
"../../../Engine/Content/EditorMeshes/Camera/SM_RailRig_Track.uasset" 135
"../../../Engine/Content/EditorMeshes/ColorCalibrator/M_ChromeBall.uasset" 136
"../../../Engine/Content/EditorMeshes/ColorCalibrator/M_ClearCoat.uasset" 137
"../../../Engine/Content/EditorMeshes/ColorCalibrator/M_ClearCoatBlack.uasset" 138
"../../../Engine/Content/EditorMeshes/ColorCalibrator/T_ColorGrid.uasset" 139
"../../../Engine/Content/EditorMeshes/ColorCalibrator/M_ColorGrid.uasset" 140
"../../../Engine/Content/EditorMeshes/ColorCalibrator/M_GreyBall.uasset" 141
"../../../Engine/Content/EditorMeshes/ColorCalibrator/SM_ColorCalibrator.uasset" 142
"../../../Engine/Content/EditorResources/Bad.uasset" 143
"../../../Engine/Content/EditorResources/BSPVertex.uasset" 144
"../../../Engine/Content/EditorResources/EmptyActor.uasset" 145
"../../../Engine/Content/EditorResources/MatInstActSprite.uasset" 146
"../../../Engine/Content/EditorResources/SceneManager.uasset" 147
"../../../Engine/Content/EditorResources/SmallFont.uasset" 148
"../../../Engine/Content/EditorResources/S_Actor.uasset" 149
"../../../Engine/Content/EditorResources/S_DecalActorIcon.uasset" 150
"../../../Engine/Content/EditorResources/S_Emitter.uasset" 151
"../../../Engine/Content/EditorResources/S_ExpoHeightFog.uasset" 152
"../../../Engine/Content/EditorResources/S_FTest.uasset" 153
"../../../Engine/Content/EditorResources/S_KBSJoint.uasset" 154
"../../../Engine/Content/EditorResources/S_KHinge.uasset" 155
"../../../Engine/Content/EditorResources/S_KPrismatic.uasset" 156
"../../../Engine/Content/EditorResources/S_LevelSequence.uasset" 157
"../../../Engine/Content/EditorResources/S_NavP.uasset" 158
"../../../Engine/Content/EditorResources/S_Note.uasset" 159
"../../../Engine/Content/EditorResources/S_Player.uasset" 160
"../../../Engine/Content/EditorResources/S_PortalActorIcon2.uasset" 161
"../../../Engine/Content/EditorResources/S_RadForce.uasset" 162
"../../../Engine/Content/EditorResources/S_ReflActorIcon.uasset" 163
"../../../Engine/Content/EditorResources/S_Terrain.uasset" 164
"../../../Engine/Content/EditorResources/S_TextRenderActorIcon.uasset" 165
"../../../Engine/Content/EditorResources/S_Thruster.uasset" 166
"../../../Engine/Content/EditorResources/S_Trigger.uasset" 167
"../../../Engine/Content/EditorResources/S_VectorFieldVol.uasset" 168
"../../../Engine/Content/EditorResources/S_WindDirectional.uasset" 169
"../../../Engine/Content/EditorResources/AI/S_NavLink.uasset" 170
"../../../Engine/Content/EditorResources/LightIcons/SkyLight.uasset" 171
"../../../Engine/Content/EditorResources/LightIcons/S_LightDirectional.uasset" 172
"../../../Engine/Content/EditorResources/LightIcons/S_LightDirectionalMove.uasset" 173
"../../../Engine/Content/EditorResources/LightIcons/S_LightError.uasset" 174
"../../../Engine/Content/EditorResources/LightIcons/S_LightPoint.uasset" 175
"../../../Engine/Content/EditorResources/LightIcons/S_LightPointMove.uasset" 176
"../../../Engine/Content/EditorResources/LightIcons/S_LightSpot.uasset" 177
"../../../Engine/Content/EditorResources/LightIcons/S_LightSpotMove.uasset" 178
"../../../Engine/Content/EditorResources/SequenceRecorder/Countdown.uasset" 179
"../../../Engine/Content/EditorResources/SequenceRecorder/RecordingIndicator.uasset" 180
"../../../Engine/Content/EditorResources/Spline/T_Loft_Spline.uasset" 181
"../../../Engine/Content/EditorSounds/GamePreview/PossessPlayer.uasset" 182
"../../../Engine/Content/EditorSounds/GamePreview/PossessPlayer_Cue.uasset" 183
"../../../Engine/Content/EditorSounds/Notifications/CompileFailed.uasset" 184
"../../../Engine/Content/EditorSounds/Notifications/CompileFailed_Cue.uasset" 185
"../../../Engine/Content/EditorSounds/Notifications/CompileSuccess.uasset" 186
"../../../Engine/Content/EditorSounds/Notifications/CompileStart_Cue.uasset" 187
"../../../Engine/Content/EditorSounds/Notifications/CompileSuccess_Cue.uasset" 188
"../../../Engine/Content/EngineDamageTypes/DmgTypeBP_Environmental.uasset" 189
"../../../Engine/Content/EngineDebugMaterials/HeatmapGradient.uasset" 190
"../../../Engine/Content/EngineDebugMaterials/BoneWeightMaterial.uasset" 191
"../../../Engine/Content/EngineDebugMaterials/ClothMaterial.uasset" 192
"../../../Engine/Content/EngineDebugMaterials/ClothMaterial_WF.uasset" 193
"../../../Engine/Content/EngineDebugMaterials/DebugEditorMaterial.uasset" 194
"../../../Engine/Content/EngineDebugMaterials/DebugMeshMaterial.uasset" 195
"../../../Engine/Content/EngineDebugMaterials/GeomMaterial.uasset" 196
"../../../Engine/Content/Functions/Engine_MaterialFunctions01/Shading/ConvertFromDiffSpec.uasset" 197
"../../../Engine/Content/EngineDebugMaterials/LevelColorationLitMaterial.uasset" 198
"../../../Engine/Content/EngineDebugMaterials/LevelColorationUnlitMaterial.uasset" 199
"../../../Engine/Content/EngineMaterials/DefaultWhiteGrid.uasset" 200
"../../../Engine/Content/EngineDebugMaterials/MAT_LevelColorationLitLightmapUV.uasset" 201
"../../../Engine/Content/EngineDebugMaterials/M_SimpleTranslucent.uasset" 202
"../../../Engine/Content/EngineDebugMaterials/ShadedLevelColorationLitMaterial.uasset" 203
"../../../Engine/Content/EngineDebugMaterials/ShadedLevelColorationUnlitMateri.uasset" 204
"../../../Engine/Content/EngineDebugMaterials/VertexColorMaterial.uasset" 205
"../../../Engine/Content/EngineDebugMaterials/VertexColorViewMode_AlphaAsColor.uasset" 206
"../../../Engine/Content/EngineDebugMaterials/VertexColorViewMode_BlueOnly.uasset" 207
"../../../Engine/Content/EngineDebugMaterials/VertexColorViewMode_ColorOnly.uasset" 208
"../../../Engine/Content/EngineDebugMaterials/VertexColorViewMode_GreenOnly.uasset" 209
"../../../Engine/Content/EngineDebugMaterials/VertexColorViewMode_RedOnly.uasset" 210
"../../../Engine/Content/EngineDebugMaterials/WireframeMaterial.uasset" 211
"../../../Engine/Content/EngineFonts/Faces/RobotoBold.uasset" 212
"../../../Engine/Content/EngineFonts/Faces/RobotoBoldItalic.uasset" 213
"../../../Engine/Content/EngineFonts/Faces/RobotoItalic.uasset" 214
"../../../Engine/Content/EngineFonts/Faces/RobotoLight.uasset" 215
"../../../Engine/Content/EngineFonts/Faces/RobotoRegular.uasset" 216
"../../../Engine/Content/EngineFonts/Roboto.uasset" 217
"../../../Engine/Content/EngineFonts/Faces/RobotoTiny.uasset" 218
"../../../Engine/Content/EngineFonts/RobotoTiny.uasset" 219
"../../../Engine/Content/EngineFonts/SmallFont.uasset" 220
"../../../Engine/Content/EngineFonts/TinyFont.uasset" 221
"../../../Engine/Content/EngineResources/WhiteSquareTexture.uasset" 222
"../../../Engine/Content/EngineMaterials/BlinkingCaret.uasset" 223
"../../../Engine/Content/EngineMaterials/DefaultBloomKernel.uasset" 224
"../../../Engine/Content/EngineMaterials/DefaultBokeh.uasset" 225
"../../../Engine/Content/EngineMaterials/DefaultDiffuse.uasset" 226
"../../../Engine/Content/EngineMaterials/DefaultDeferredDecalMaterial.uasset" 227
"../../../Engine/Content/EngineMaterials/DefaultLightFunctionMaterial.uasset" 228
"../../../Engine/Content/EngineMaterials/DefaultNormal.uasset" 229
"../../../Engine/Content/EngineMaterials/DefaultPostProcessMaterial.uasset" 230
"../../../Engine/Content/EngineFonts/RobotoDistanceField.uasset" 231
"../../../Engine/Content/EngineMaterials/DefaultTextMaterialOpaque.uasset" 232
"../../../Engine/Content/EngineMaterials/EditorBrushMaterial.uasset" 233
"../../../Engine/Content/EngineMaterials/Good64x64TilingNoiseHighFreq.uasset" 234
"../../../Engine/Content/EngineMaterials/Grid_N.uasset" 235
"../../../Engine/Content/EngineMaterials/HighResolutionScreenshotMaskFunction.uasset" 236
"../../../Engine/Content/EngineMaterials/HighResScreenshot.uasset" 237
"../../../Engine/Content/EngineMaterials/HighResScreenshotCaptureRegion.uasset" 238
"../../../Engine/Content/EngineMaterials/HighResScreenshotMask.uasset" 239
"../../../Engine/Content/EngineMaterials/LandscapeHolePhysicalMaterial.uasset" 240
"../../../Engine/Content/EngineMaterials/InvalidLightmapSettings.uasset" 241
"../../../Engine/Content/EngineMaterials/M_InvalidLightmapSettings.uasset" 242
"../../../Engine/Content/EngineMaterials/PaperDiffuse.uasset" 243
"../../../Engine/Content/EngineMaterials/PaperNormal.uasset" 244
"../../../Engine/Content/EngineMaterials/PhAT_JointLimitMaterial.uasset" 245
"../../../Engine/Content/EngineMaterials/PhysMat_Rubber.uasset" 246
"../../../Engine/Content/EngineMaterials/PreintegratedSkinBRDF.uasset" 247
"../../../Engine/Content/EngineMaterials/RemoveSurfaceMaterial.uasset" 248
"../../../Engine/Content/EngineMaterials/WeightMapPlaceholderTexture.uasset" 249
"../../../Engine/Content/EngineMaterials/Widget3DPassThrough.uasset" 250
"../../../Engine/Content/EngineMaterials/Widget3DPassThrough_Masked.uasset" 251
"../../../Engine/Content/EngineMaterials/Widget3DPassThrough_Opaque.uasset" 252
"../../../Engine/Content/EngineMaterials/Widget3DPassThrough_Masked_OneSided.uasset" 253
"../../../Engine/Content/EngineMaterials/Widget3DPassThrough_Opaque_OneSided.uasset" 254
"../../../Engine/Content/EngineMaterials/Widget3DPassThrough_Translucent.uasset" 255
"../../../Engine/Content/EngineMaterials/Widget3DPassThrough_Translucent_OneSided.uasset" 256
"../../../Engine/Content/EngineMeshes/Cube.uasset" 257
"../../../Engine/Content/EngineMeshes/Cylinder.uasset" 258
"../../../Engine/Content/EngineMeshes/Sphere.uasset" 259
"../../../Engine/Content/EngineResources/DefaultTexture.uasset" 260
"../../../Engine/Content/EngineResources/DefaultTextureCube.uasset" 261
"../../../Engine/Content/EngineResources/GradientTexture0.uasset" 262
"../../../Engine/Content/EngineResources/StreamingPauseIcon.uasset" 263
"../../../Engine/Content/EngineResources/M_StreamingPause.uasset" 264
"../../../Engine/Content/EngineSounds/Master.uasset" 265
"../../../Engine/Content/Functions/Engine_MaterialFunctions01/Shading/PowerToRoughness.uasset" 266
"../../../Engine/Content/Maps/Templates/Thumbnails/Default.uasset" 267
"../../../Engine/Content/Maps/Templates/Thumbnails/VR-Basic.uasset" 268
"../../../Engine/Content/MapTemplates/Sky/DaylightAmbientCubemap.uasset" 269
"../../../Engine/Content/MobileResources/T_MobileControls_texture.uasset" 270
"../../../Engine/Content/MobileResources/T_MobileMenu2.uasset" 271
"../../../Engine/Content/MobileResources/HUD/AnalogHat.uasset" 272
"../../../Engine/Content/MobileResources/HUD/VirtualJoystick_Background.uasset" 273
"../../../Engine/Content/MobileResources/HUD/VirtualJoystick_Thumb.uasset" 274
"../../../Engine/Content/MobileResources/HUD/DefaultVirtualJoysticks.uasset" 275
"../../../Engine/Content/MobileResources/HUD/LeftVirtualJoystickOnly.uasset" 276
"../../../Engine/Content/MobileResources/HUD/MobileHUDButton1_off.uasset" 277
"../../../Engine/Content/MobileResources/HUD/MobileHUDButton1_on.uasset" 278
"../../../Engine/Content/MobileResources/HUD/MobileHUDButton2_off.uasset" 279
"../../../Engine/Content/MobileResources/HUD/MobileHUDButton2_on.uasset" 280
"../../../Engine/Content/MobileResources/HUD/MobileHUDButton3.uasset" 281
"../../../Engine/Content/MobileResources/HUD/MobileHUDButtonFire.uasset" 282
"../../../Engine/Content/MobileResources/HUD/MobileHUDDirectionPad.uasset" 283
"../../../Engine/Content/MobileResources/HUD/MobileHUDDirectionPad2.uasset" 284
"../../../Engine/Content/MobileResources/HUD/MobileHUDDirectionPad3.uasset" 285
"../../../Engine/Content/MobileResources/HUD/MobileHUDDirectionStick.uasset" 286
"../../../Engine/Content/MobileResources/HUD/T_Castle_ThumbstickInner.uasset" 287
"../../../Engine/Content/MobileResources/HUD/T_Castle_ThumbstickOutter.uasset" 288
"../../../Engine/Content/Tutorial/ContentIntroCurve.uasset" 289
"../../../Engine/Content/Tutorial/Basics/TutorialAssets/icon_tab_Levels_40x.uasset" 290
"../../../Engine/Content/Tutorial/BlueprintTutorials/TutorialAssets/BlueprintInterface_64x.uasset" 291
"../../../Engine/Content/Tutorial/BlueprintTutorials/TutorialAssets/BlueprintMacroLibrary_64x.uasset" 292
"../../../Engine/Content/Tutorial/BlueprintTutorials/TutorialAssets/Blueprint_64x.uasset" 293
"../../../Engine/Content/Tutorial/BlueprintTutorials/TutorialAssets/Tutorial_BP_Interface.uasset" 294
"../../../Engine/Content/Tutorial/Foliage/TutorialAssets/Foliage.uasset" 295
"../../../Engine/Content/Tutorial/Landscape/TutorialAssets/Landscape.uasset" 296
"../../../Engine/Content/Tutorial/Paper2D/TutorialAssets/Paper2DFlipbook_TutorialIcon.uasset" 297
"../../../Engine/Content/Tutorial/Paper2D/TutorialAssets/Paper2DSprite_TutorialIcon.uasset" 298
"../../../Engine/Content/Tutorial/SubEditors/TutorialAssets/icon_Editor_Preferences_General_40x.uasset" 299
"../../../Engine/Content/Tutorial/SubEditors/TutorialAssets/icon_ShowSkeletalMeshes_40x.uasset" 300
"../../../Engine/Content/Tutorial/SubEditors/TutorialAssets/TutorialMaterial.uasset" 301
"../../../Engine/Content/Tutorial/SubEditors/TutorialAssets/T_SmokeSubUV_8X8.uasset" 302
"../../../Engine/Content/Tutorial/SubEditors/TutorialAssets/T_soft_smoke.uasset" 303
"../../../Engine/Content/Tutorial/SubEditors/TutorialAssets/M_smoke_subUV_blackbody.uasset" 304
"../../../Engine/Content/Tutorial/SubEditors/TutorialAssets/TutorialParticleSystem.uasset" 305
"../../../Engine/Content/EditorMeshes/EditorCube.uasset" 306
"../../../Engine/Content/Tutorial/SubEditors/TutorialAssets/Tutorial_DM.uasset" 307
"../../../Engine/Content/VREditor/Devices/Generic/GenericHMDMaterial.uasset" 308
"../../../Engine/Content/VREditor/Devices/Generic/GenericHMD.uasset" 309
"../../../Engine/Content/VREditor/FloatingText/LineMaterial.uasset" 310
"../../../Engine/Content/VREditor/FloatingText/JointSphere.uasset" 311
"../../../Engine/Content/VREditor/FloatingText/LineSegmentCylinder.uasset" 312
"../../../Engine/Content/VREditor/Fonts/VRText_RobotoLarge.uasset" 313
"../../../Engine/Content/VREditor/Fonts/VRTextMaterial.uasset" 314
"../../../Engine/Content/VREditor/Fonts/TranslucentVRTextMaterial.uasset" 315
"../../../Engine/Content/VREditor/LaserPointer/CursorPointer.uasset" 316
"../../../Engine/Content/VREditor/LaserPointer/VR_LaserPower_01.uasset" 317
"../../../Engine/Content/VREditor/TransformGizmo/TransformGizmoMaterial.uasset" 318
"../../../Engine/Content/VREditor/LaserPointer/HoverMaterial.uasset" 319
"../../../Engine/Content/VREditor/TransformGizmo/TranslucentTransformGizmoMaterial.uasset" 320
"../../../Engine/Content/VREditor/LaserPointer/TranslucentHoverMaterial.uasset" 321
"../../../Engine/Content/VREditor/LaserPointer/HoverMesh.uasset" 322
"../../../Engine/Content/VREditor/LaserPointer/LaserPointerMaterial.uasset" 323
"../../../Engine/Content/VREditor/LaserPointer/LaserPointerMaterialInst.uasset" 324
"../../../Engine/Content/VREditor/LaserPointer/TranslucentLaserPointerMaterialInst.uasset" 325
"../../../Engine/Content/VREditor/LaserPointer/LaserPointerMesh.uasset" 326
"../../../Engine/Content/VREditor/LaserPointer/LaserPointerMesh_End.uasset" 327
"../../../Engine/Content/VREditor/LaserPointer/LaserPointerMesh_Start.uasset" 328
"../../../Engine/Content/Functions/Engine_MaterialFunctions02/Utility/BreakOutFloat3Components.uasset" 329
"../../../Engine/Content/Functions/Engine_MaterialFunctions02/Math/Transform3x3Matrix.uasset" 330
"../../../Engine/Content/Functions/Engine_MaterialFunctions02/SplitComponents.uasset" 331
"../../../Engine/Content/VREditor/SnapGrid/SnapGridMaterial.uasset" 332
"../../../Engine/Content/VREditor/SnapGrid/SnapGridPlaneMesh.uasset" 333
"../../../Engine/Content/VREditor/Sounds/VR_teleport.uasset" 334
"../../../Engine/Content/VREditor/Sounds/UI/Click_on_Button_Cue.uasset" 335
"../../../Engine/Content/VREditor/Sounds/UI/Dockable_Window_Close.uasset" 336
"../../../Engine/Content/VREditor/Sounds/UI/Dockable_Window_Drop.uasset" 337
"../../../Engine/Content/VREditor/Sounds/UI/Dockable_Window_Open.uasset" 338
"../../../Engine/Content/VREditor/Sounds/UI/Dockable_Window_Pick_Up.uasset" 339
"../../../Engine/Content/VREditor/Sounds/UI/Drop_Item_From_ContentBrowser.uasset" 340
"../../../Engine/Content/VREditor/Sounds/UI/Floating_UI_Open-001.uasset" 341
"../../../Engine/Content/VREditor/Sounds/UI/Gizmo_Handle_Clicked.uasset" 342
"../../../Engine/Content/VREditor/Sounds/UI/Object_PickUp.uasset" 343
"../../../Engine/Content/VREditor/Sounds/UI/Object_Snaps_To_Another_Actor.uasset" 344
"../../../Engine/Content/VREditor/Sounds/UI/Object_Snaps_To_Grid.uasset" 345
"../../../Engine/Content/VREditor/Sounds/UI/Radial_Menu_FadeOut.uasset" 346
"../../../Engine/Content/VREditor/Sounds/UI/Scaling_Down.uasset" 347
"../../../Engine/Content/VREditor/Sounds/UI/Scaling_Up.uasset" 348
"../../../Engine/Content/VREditor/Sounds/UI/Selection_Changes.uasset" 349
"../../../Engine/Content/VREditor/Sounds/UI/Teleport_Mode_Entered.uasset" 350
"../../../Engine/Content/VREditor/Teleport/TeleportDirectionMaterial.uasset" 351
"../../../Engine/Content/VREditor/Teleport/TeleportDirectionMaterial_Inst.uasset" 352
"../../../Engine/Content/VREditor/Teleport/TeleportDirectionMesh.uasset" 353
"../../../Engine/Content/VREditor/TransformGizmo/BoundingBoxCorner.uasset" 354
"../../../Engine/Content/VREditor/TransformGizmo/BoundingBoxEdge.uasset" 355
"../../../Engine/Content/VREditor/TransformGizmo/PlaneTranslationHandle.uasset" 356
"../../../Engine/Content/VREditor/TransformGizmo/RotationHandleFull.uasset" 357
"../../../Engine/Content/VREditor/TransformGizmo/RotationHandleIndicator.uasset" 358
"../../../Engine/Content/VREditor/TransformGizmo/RotationHandleQuarter.uasset" 359
"../../../Engine/Content/VREditor/TransformGizmo/Main.uasset" 360
"../../../Engine/Content/VREditor/TransformGizmo/Xray.uasset" 361
"../../../Engine/Content/VREditor/TransformGizmo/SM_Dialog_Close.uasset" 362
"../../../Engine/Content/VREditor/TransformGizmo/SM_Dialog_Move.uasset" 363
"../../../Engine/Content/VREditor/TransformGizmo/SM_Sequencer_Key.uasset" 364
"../../../Engine/Content/VREditor/TransformGizmo/StartRotationHandleIndicator.uasset" 365
"../../../Engine/Content/VREditor/TransformGizmo/TranslucentTransformGizmoMaterial_Inst.uasset" 366
"../../../Engine/Content/VREditor/TransformGizmo/TransformGizmoFreeRotation.uasset" 367
"../../../Engine/Content/VREditor/TransformGizmo/TransformGizmoMaterial_Inst.uasset" 368
"../../../Engine/Content/VREditor/TransformGizmo/TranslateArrowHandle.uasset" 369
"../../../Engine/Content/VREditor/TransformGizmo/UniformScaleHandle.uasset" 370
"../../../Engine/Content/VREditor/UI/KeyDiskMaterial.uasset" 371
"../../../Engine/Content/VREditor/UI/DiscMaterial.uasset" 372
"../../../Engine/Content/VREditor/UI/SM_Radial_Disk.uasset" 373
"../../../Engine/Content/Functions/Engine_MaterialFunctions01/Gradient/RadialGradient.uasset" 374
"../../../Engine/Content/VREditor/WorldMovementGrid/SimpleGrid.uasset" 375
"../../../Engine/Content/VREditor/WorldMovementGrid/GridMaterial.uasset" 376
"../../../Engine/Content/Functions/Engine_MaterialFunctions01/Density/ExponentialDensity.uasset" 377
"../../../Engine/Content/VREditor/WorldMovementGrid/GridPostProcess.uasset" 378
"../../../Engine/Content/EditorLandscapeResources/FlattenHeightMat.uasset" 379
"../../../Engine/Content/VREditor/WorldMovementGrid/PlaneMesh.uasset" 380
"../../../Engine/Plugins/2D/Paper2D/Content/PlaceholderTextures/DummySpriteTexture.uasset" 381
"../../../Engine/Plugins/2D/Paper2D/Content/DummySprite.uasset" 382
"../../../Engine/Plugins/2D/Paper2D/Content/DefaultPaperTerrainMaterial.uasset" 383
"../../../Engine/Plugins/2D/Paper2D/Content/DefaultSpriteMaterial.uasset" 384
"../../../Engine/Plugins/2D/Paper2D/Content/MaskedUnlitSpriteMaterial.uasset" 385
"../../../Engine/Plugins/2D/Paper2D/Content/OpaqueUnlitSpriteMaterial.uasset" 386
"../../../Engine/Plugins/Runtime/Oculus/OculusVR/Content/Textures/GearVRController_AO.uasset" 387
"../../../Engine/Plugins/Runtime/Oculus/OculusVR/Content/Textures/GearVRController_Color.uasset" 388
"../../../Engine/Plugins/Runtime/Oculus/OculusVR/Content/Textures/GearVRController_Normal.uasset" 389
"../../../Engine/Plugins/Runtime/Oculus/OculusVR/Content/Materials/GearVRControllerMaterial.uasset" 390
"../../../Engine/Plugins/Runtime/Oculus/OculusVR/Content/Meshes/GearVrController.uasset" 391
"../../../Engine/Content/Maps/Entry.umap" 392
"../../../RPG/Content/Adversaries/Enemy/Enemy_Frost_Giant/SK_Enemy_FrostGiant_Captain_Skeleton.uasset" 393
"../../../RPG/Content/Adversaries/Enemy/Enemy_Frost_Giant/Enemy_Frost_Giant_All_Animation/ExoGame_FrostGiant_Charge_Jump.uasset" 394
"../../../Engine/Content/EngineMeshes/Humanoid.uasset" 395
"../../../RPG/Content/Warriors/Character/CompleteCharacters/SK_Mannequin_Skeleton.uasset" 396
"../../../RPG/Content/Warriors/Character/CompleteCharacters/WarriorThirdPersonJump_Start.uasset" 397
"../../../RPG/Content/Adversaries/Enemy/Enemy_Bear/Bear_Export_Skeleton.uasset" 398
"../../../RPG/Content/Adversaries/Enemy/Enemy_Bear/Enemy_Bear_Animations/ExoGame_Bears_Attack_Death.uasset" 399
"../../../RPG/Content/Adversaries/Enemy/Enemy_Bear/Enemy_Bear_Animations/ExoGame_Bears_Attack_Melee.uasset" 400
"../../../RPG/Content/Adversaries/Enemy/Enemy_Bear/Enemy_Bear_Animations/ExoGame_Bears_Idle.uasset" 401
"../../../RPG/Content/Adversaries/Enemy/Enemy_Bear/Enemy_Bear_Animations/ExoGame_Bears_Walk.uasset" 402
"../../../RPG/Content/BluePrint/EnemyState.uasset" 403
"../../../RPG/Content/BluePrint/Bear/EnemyBB.uasset" 404
"../../../RPG/Content/BluePrint/Bear/AggroCheck.uasset" 405
"../../../RPG/Content/BluePrint/Bear/Dead.uasset" 406
"../../../RPG/Content/BluePrint/Bear/LookAtTarget.uasset" 407
"../../../RPG/Content/BluePrint/Bear/NewTargetLoc.uasset" 408
"../../../RPG/Content/BluePrint/Bear/SetState.uasset" 409
"../../../RPG/Content/BluePrint/Bear/EnemyBT.uasset" 410
"../../../RPG/Content/BluePrint/Bear/EnemyController.uasset" 411
"../../../RPG/Content/BluePrint/Bear/Enemy.uasset" 412
"../../../RPG/Content/BluePrint/Bear/BearAnimBlueprint.uasset" 413
"../../../RPG/Content/Adversaries/Enemy/Enemy_Bear/Textures/T_Enemy_Bear_D.uasset" 414
"../../../RPG/Content/Adversaries/Enemy/Enemy_Bear/Textures/T_Enemy_Bear_M.uasset" 415
"../../../RPG/Content/Adversaries/Enemy/Enemy_Bear/Textures/T_Enemy_Bear_N.uasset" 416
"../../../RPG/Content/Adversaries/Enemy/Enemy_Bear/Materials/M_Bear_Master.uasset" 417
"../../../RPG/Content/Adversaries/Enemy/Enemy_Bear/Materials/M_Bear_Stone_Inst.uasset" 418
"../../../RPG/Content/Adversaries/Enemy/Enemy_Bear/Enemy_Bear.uasset" 419
"../../../RPG/Content/BluePrint/Bear/Bear.uasset" 420
"../../../RPG/Content/Adversaries/Enemy/Enemy_Frost_Giant/Enemy_Frost_Giant_All_Animation/ExoGame_FrostGiant_Aggro.uasset" 421
"../../../RPG/Content/Adversaries/Enemy/Enemy_Frost_Giant/Enemy_Frost_Giant_All_Animation/ExoGame_FrostGiant_Attck_Melee_A.uasset" 422
"../../../RPG/Content/Adversaries/Enemy/Enemy_Frost_Giant/Enemy_Frost_Giant_All_Animation/ExoGame_FrostGiant_Attck_Melee_Combo.uasset" 423
"../../../RPG/Content/Adversaries/Enemy/Enemy_Frost_Giant/Enemy_Frost_Giant_All_Animation/ExoGame_FrostGiant_React_Stunned_Enter.uasset" 424
"../../../RPG/Content/BluePrint/Boss/EnemyBB_Boss.uasset" 425
"../../../RPG/Content/BluePrint/Boss/AggroCheck_Boss.uasset" 426
"../../../RPG/Content/BluePrint/Boss/Dead_Boss.uasset" 427
"../../../RPG/Content/BluePrint/Boss/etState_Boss.uasset" 428
"../../../RPG/Content/BluePrint/Boss/LookAtTarget_Boss.uasset" 429
"../../../RPG/Content/BluePrint/Boss/NewTargetLoc_Boss.uasset" 430
"../../../RPG/Content/BluePrint/Boss/EnemyBT_Boss.uasset" 431
"../../../RPG/Content/BluePrint/Boss/EnemyController_Boss.uasset" 432
"../../../RPG/Content/BluePrint/HUD/GameClear.uasset" 433
"../../../RPG/Content/BluePrint/Boss/Enemy_Boss.uasset" 434
"../../../RPG/Content/BluePrint/Boss/BossAnimBlueprint.uasset" 435
"../../../RPG/Content/Adversaries/Enemy/Enemy_Frost_Giant/Textures/T_Enemy_FrostGiant_D.uasset" 436
"../../../RPG/Content/Adversaries/Enemy/Enemy_Frost_Giant/Textures/T_Enemy_FrostGiant_M.uasset" 437
"../../../RPG/Content/Adversaries/Enemy/Enemy_Frost_Giant/Textures/T_Enemy_FrostGiant_N.uasset" 438
"../../../RPG/Content/Adversaries/Enemy/Enemy_Frost_Giant/Materials/CharM_Frost_Giant.uasset" 439
"../../../RPG/Content/Adversaries/Enemy/Enemy_Frost_Giant/SK_Enemy_FrostGiant_Captain_PhysicsAsset.uasset" 440
"../../../RPG/Content/Adversaries/Enemy/Enemy_Frost_Giant/SK_Enemy_FrostGiant_Captain.uasset" 441
"../../../RPG/Content/BluePrint/Boss/Boss.uasset" 442
"../../../RPG/Content/InfinityBladeAdversaries/Enemy/Enemy_Master_Grunt/SK_Master_Grunt_Skeleton.uasset" 443
"../../../RPG/Content/InfinityBladeAdversaries/Enemy/Enemy_Master_Grunt/Enemy_Master_Grunt_Animation/ExoGame_MasterGrunt_Attack_Melee_C.uasset" 444
"../../../RPG/Content/InfinityBladeAdversaries/Enemy/Enemy_Master_Grunt/Enemy_Master_Grunt_Animation/ExoGame_MasterGrunt_Cast_Summon.uasset" 445
"../../../RPG/Content/InfinityBladeAdversaries/Enemy/Enemy_Master_Grunt/Enemy_Master_Grunt_Animation/ExoGame_MasterGrunt_Death.uasset" 446
"../../../RPG/Content/InfinityBladeAdversaries/Enemy/Enemy_Master_Grunt/Enemy_Master_Grunt_Animation/ExoGame_MasterGrunt_Walk_Fwd.uasset" 447
"../../../RPG/Content/BluePrint/Grunt/EnemyState_Grunt.uasset" 448
"../../../RPG/Content/BluePrint/Grunt/GruntAnimBlueprint.uasset" 449
"../../../RPG/Content/BluePrint/Grunt/EnemyBB_Grunt.uasset" 450
"../../../RPG/Content/BluePrint/Grunt/AggroCheck_Grunt.uasset" 451
"../../../RPG/Content/BluePrint/Grunt/Dead_Grunt.uasset" 452
"../../../RPG/Content/BluePrint/Grunt/LookAtTarget_Grunt.uasset" 453
"../../../RPG/Content/BluePrint/Grunt/NewTargetLoc_Grunt.uasset" 454
"../../../RPG/Content/BluePrint/Grunt/SetState_Grunt.uasset" 455
"../../../RPG/Content/BluePrint/Grunt/EnemyBT_Grunt.uasset" 456
"../../../RPG/Content/BluePrint/Grunt/EnemyController_Gurnt.uasset" 457
"../../../RPG/Content/BluePrint/Grunt/Enemy_Grunt.uasset" 458
"../../../RPG/Content/InfinityBladeAdversaries/Enemy/Enemy_Master_Grunt/Textures/T_Master_Grunt_N.uasset" 459
"../../../RPG/Content/InfinityBladeAdversaries/Enemy/Enemy_Master_Grunt/Textures/T_Master_Grunt_D.uasset" 460
"../../../RPG/Content/InfinityBladeAdversaries/Enemy/Enemy_Master_Grunt/Textures/T_Master_Grunt_M.uasset" 461
"../../../RPG/Content/InfinityBladeAdversaries/Enemy/Enemy_Master_Grunt/Materials/CharM_Master_Grunt.uasset" 462
"../../../RPG/Content/InfinityBladeAdversaries/Enemy/Enemy_Master_Grunt/SK_Master_Grunt.uasset" 463
"../../../RPG/Content/BluePrint/Grunt/Grunt.uasset" 464
"../../../RPG/Content/Warriors/Character/CompleteCharacters/WarriorAttack1.uasset" 465
"../../../RPG/Content/Warriors/Character/CompleteCharacters/WarriorDead.uasset" 466
"../../../RPG/Content/Warriors/Character/CompleteCharacters/WarriorIdle.uasset" 467
"../../../RPG/Content/Warriors/Character/CompleteCharacters/WarriorRun.uasset" 468
"../../../RPG/Content/Warriors/Character/CompleteCharacters/WarriorThirdPersonJump_End.uasset" 469
"../../../RPG/Content/Warriors/Character/CompleteCharacters/WarriorThirdPersonJump_Loop.uasset" 470
"../../../RPG/Content/BluePrint/Player/PlayerState.uasset" 471
"../../../RPG/Content/BluePrint/Player/WarriorAnimBlueprint.uasset" 472
"../../../Engine/Content/EngineResources/Black.uasset" 473
"../../../RPG/Content/GrassLands/Effects/Masters/M_Opaque_MeshEmit_Emis_Master.uasset" 474
"../../../RPG/Content/GrassLands/Effects/FX_Textures/Texture/T_Ice_Mesh02b.uasset" 475
"../../../RPG/Content/GrassLands/Effects/FX_Materials/ICE/M_Ice_Solid_01_INST.uasset" 476
"../../../RPG/Content/FirstPerson/Meshes/BaseMaterial.uasset" 477
"../../../RPG/Content/FirstPerson/Meshes/FirstPersonProjectileMaterial.uasset" 478
"../../../RPG/Content/FirstPerson/Meshes/FirstPersonProjectileMesh.uasset" 479
"../../../RPG/Content/StarterContent/Textures/T_Burst_M.uasset" 480
"../../../RPG/Content/StarterContent/Particles/Materials/M_Burst.uasset" 481
"../../../RPG/Content/StarterContent/Textures/T_Explosion_SubUV.uasset" 482
"../../../RPG/Content/StarterContent/Particles/Materials/M_explosion_subUV.uasset" 483
"../../../RPG/Content/StarterContent/Particles/Materials/m_flare_01.uasset" 484
"../../../RPG/Content/StarterContent/Particles/Materials/M_radial_ramp.uasset" 485
"../../../RPG/Content/StarterContent/Textures/T_Smoke_SubUV.uasset" 486
"../../../RPG/Content/StarterContent/Textures/T_Smoke_Tiled_D.uasset" 487
"../../../RPG/Content/StarterContent/Particles/Materials/M_smoke_subUV.uasset" 488
"../../../RPG/Content/StarterContent/Particles/P_Explosion.uasset" 489
"../../../RPG/Content/StarterContent/Particles/Materials/M_Radial_Gradient.uasset" 490
"../../../RPG/Content/StarterContent/Textures/T_Spark_Core.uasset" 491
"../../../RPG/Content/StarterContent/Particles/Materials/M_Spark.uasset" 492
"../../../RPG/Content/StarterContent/Particles/P_Sparks.uasset" 493
"../../../RPG/Content/BluePrint/Ball.uasset" 494
"../../../RPG/Content/BluePrint/Player/PlayerController.uasset" 495
"../../../RPG/Content/BluePrint/HUD/GameOverBlack.uasset" 496
"../../../RPG/Content/Effects/Textures/Noise/T_TilingNoise03.uasset" 497
"../../../RPG/Content/Effects/Textures/Smoke/T_SmokeSubUV_8X8_02.uasset" 498
"../../../RPG/Content/Effects/Textures/Smoke/T_TilingClouds_01.uasset" 499
"../../../RPG/Content/Effects/Materials/Snow/M_Snow_Blowing_Lit.uasset" 500
"../../../RPG/Content/Effects/Textures/Noise/T_TilingNoise12.uasset" 501
"../../../RPG/Content/Effects/Textures/Snow/T_Snow01_Packed.uasset" 502
"../../../RPG/Content/Effects/Materials/Snow/M_SnowFlake_VelocityLerp.uasset" 503
"../../../RPG/Content/Effects/Particles/Snow/P_SnowFlare.uasset" 504
"../../../RPG/Content/Warriors/Character/CompleteCharacters/Textures_Materials/CharM_FrostGiant/T_Char_M_FrostGiant_D.uasset" 505
"../../../RPG/Content/Warriors/Character/CompleteCharacters/Textures_Materials/CharM_FrostGiant/T_Char_M_FrostGiant_Masks.uasset" 506
"../../../RPG/Content/Warriors/Character/CompleteCharacters/Textures_Materials/CharM_FrostGiant/T_Char_M_FrostGiant_MaterialMask.uasset" 507
"../../../RPG/Content/Warriors/Character/CompleteCharacters/Textures_Materials/CharM_FrostGiant/T_Char_M_FrostGiant_N.uasset" 508
"../../../RPG/Content/Warriors/Character/CompleteCharacters/Textures_Materials/CharM_FrostGiant/M_Char_FrostGiant.uasset" 509
"../../../RPG/Content/Warriors/Character/CompleteCharacters/SK_CharM_FrostGiant.uasset" 510
"../../../RPG/Content/Weapons/Weapons/Blunt/Blunt_Hellhammer_Cine/T_Blunt_Hellhammer_Cine_D.uasset" 511
"../../../RPG/Content/Weapons/Weapons/Blunt/Blunt_Hellhammer_Cine/T_Blunt_Hellhammer_Cine_E.uasset" 512
"../../../RPG/Content/Weapons/Weapons/Blunt/Blunt_Hellhammer_Cine/T_Blunt_Hellhammer_Cine_M.uasset" 513
"../../../RPG/Content/Weapons/Weapons/Blunt/Blunt_Hellhammer_Cine/T_Blunt_Hellhammer_Cine_N.uasset" 514
"../../../RPG/Content/Weapons/Weapons/Blunt/Blunt_Hellhammer_Cine/M_Blunt_Hellhammer_Cine.uasset" 515
"../../../RPG/Content/Weapons/Weapons/Blunt/Blunt_Hellhammer_Cine/SK_Blunt_HellHammer_Cine_Skeleton.uasset" 516
"../../../RPG/Content/Weapons/Weapons/Blunt/Blunt_Hellhammer_Cine/SK_Blunt_HellHammer_Cine.uasset" 517
"../../../RPG/Content/BluePrint/Player/WarriorDiablo.uasset" 518
"../../../RPG/Content/BluePrint/Spider/EnemyBB_Spider.uasset" 519
"../../../RPG/Content/BluePrint/Spider/AggroCheck_Spider.uasset" 520
"../../../RPG/Content/BluePrint/Spider/Dead_Spider.uasset" 521
"../../../RPG/Content/BluePrint/Spider/LookAtTarget_Spider.uasset" 522
"../../../RPG/Content/BluePrint/Spider/NewTargetLoc_Spider.uasset" 523
"../../../RPG/Content/BluePrint/Spider/SetState_Spider.uasset" 524
"../../../RPG/Content/BluePrint/Spider/EnemyBT_Spider.uasset" 525
"../../../RPG/Content/BluePrint/Spider/EnemyController_Spider.uasset" 526
"../../../RPG/Content/BluePrint/Spider/Enemy_Spider.uasset" 527
"../../../RPG/Content/Adversaries/Enemy/Enemy_Great_Spider/Textures/T_Enemy_GreaterSpider_Fire_D.uasset" 528
"../../../RPG/Content/Adversaries/Enemy/Enemy_Great_Spider/Textures/T_Enemy_GreaterSpider_Fire_M.uasset" 529
"../../../RPG/Content/Adversaries/Enemy/Enemy_Great_Spider/Textures/T_Enemy_GreaterSpider_Fire_N.uasset" 530
"../../../RPG/Content/Adversaries/Enemy/Enemy_Great_Spider/Materials/CharM_Greater_Spider.uasset" 531
"../../../RPG/Content/Adversaries/Enemy/Enemy_Great_Spider/SK_Greater_Spider_Skeleton.uasset" 532
"../../../RPG/Content/Adversaries/Enemy/Enemy_Great_Spider/SK_Greater_Spider.uasset" 533
"../../../RPG/Content/BluePrint/Spider/Spider.uasset" 534
"../../../Engine/Content/EngineSky/C_Sky_Cloud_Color.uasset" 535
"../../../Engine/Content/EngineSky/C_Sky_Horizon_Color.uasset" 536
"../../../Engine/Content/EngineSky/C_Sky_Zenith_Color.uasset" 537
"../../../Engine/Content/EngineSky/T_Sky_Blue.uasset" 538
"../../../Engine/Content/EngineSky/T_Sky_Clouds_M.uasset" 539
"../../../Engine/Content/EngineSky/T_Sky_Stars.uasset" 540
"../../../Engine/Content/EngineSky/M_Sky_Panning_Clouds2.uasset" 541
"../../../Engine/Content/EngineSky/SM_SkySphere.uasset" 542
"../../../Engine/Content/EngineSky/BP_Sky_Sphere.uasset" 543
"../../../RPG/Content/BluePrint/HUD/Show.uasset" 544
"../../../RPG/Content/Warriors/Character/CompleteCharacters/SK_CharM_Warrior.uasset" 545
"../../../RPG/Content/BluePrint/Player/WarriorPawn.uasset" 546
"../../../RPG/Content/BluePrint/Player/GameMode.uasset" 547
"../../../RPG/Content/GrassLands/Maps/Main_BuiltData.uasset" 548
"../../../RPG/Content/GrassLands/Environments/Plains/Env_Plains_Organic/Textures/T_Env_Ice_Ground_Rock_4_N.uasset" 549
"../../../RPG/Content/GrassLands/Environments/Plains/Env_Plains_Organic/Textures/T_Env_Snow_D.uasset" 550
"../../../RPG/Content/GrassLands/Environments/Plains/Env_Plains_Organic/Textures/T_Ice_Ground_Rock01_N.uasset" 551
"../../../RPG/Content/GrassLands/Environments/Plains/Env_Plains_Organic/Textures/T_Snow_Ice_Generic.uasset" 552
"../../../RPG/Content/GrassLands/Environments/Plains/Env_Plains_Organic/Textures/T_Snow_Ice_Generic_NRM.uasset" 553
"../../../RPG/Content/GrassLands/Environments/Plains/Env_Plains_Organic/Materials/M_Plains_Ocean.uasset" 554
"../../../RPG/Content/GrassLands/Environments/Plains/Env_Plains_Terrain/Textures/T_Dirt_D.uasset" 555
"../../../RPG/Content/GrassLands/Environments/Plains/Env_Plains_Terrain/Textures/T_Dirt_N.uasset" 556
"../../../RPG/Content/GrassLands/Environments/Plains/Env_Plains_Terrain/Textures/T_Grass01_D.uasset" 557
"../../../RPG/Content/GrassLands/Environments/Plains/Env_Plains_Terrain/Textures/T_Grass01_N.uasset" 558
"../../../RPG/Content/GrassLands/Environments/Plains/Env_Plains_Terrain/Textures/T_Grass02_D.uasset" 559
"../../../RPG/Content/GrassLands/Environments/SurfaceTypes/PhysicalMaterial_Land.uasset" 560
"../../../RPG/Content/GrassLands/Environments/Plains/Env_Plains_Terrain/Materials/M_Terrain_Blend_Mobile.uasset" 561
"../../../RPG/Content/GrassLands/Effects/FX_Materials/M_PostSharpen.uasset" 562
"../../../RPG/Content/GrassLands/Effects/FX_Materials/M_PostSharpen_Inst.uasset" 563
"../../../RPG/Content/GrassLands/Environments/Plains/Env_Plains_Floors/Textures/T_Plains_Terrain_Floors01_D.uasset" 564
"../../../RPG/Content/GrassLands/Environments/Plains/Env_Plains_Floors/Textures/T_Plains_Terrain_Floors01_N.uasset" 565
"../../../RPG/Content/GrassLands/Environments/SurfaceTypes/PhysicalMaterial_Stone.uasset" 566
"../../../RPG/Content/GrassLands/Environments/Plains/Env_Plains_Floors/Materials/M_Plains_Floors_Block.uasset" 567
"../../../RPG/Content/GrassLands/Environments/Plains/Env_Plains_Floors/Materials/M_Plains_Floors_Block_Inst.uasset" 568
"../../../RPG/Content/GrassLands/Environments/Plains/Env_Plains_Floors/Textures/T_Plains_FloorsTrim_D.uasset" 569
"../../../RPG/Content/GrassLands/Environments/Plains/Env_Plains_Floors/Textures/T_Plains_FloorsTrim_N.uasset" 570
"../../../RPG/Content/GrassLands/Environments/Plains/Env_Plains_Floors/Materials/M_Plains_FloorTrims.uasset" 571
"../../../RPG/Content/GrassLands/Environments/Plains/Env_Plains_Floors/Materials/M_Plains_FloorTrims_Inst.uasset" 572
"../../../RPG/Content/GrassLands/Environments/Plains/Env_Plains_Ruins/Textures/T_Plains_Ruins_Pillars_02_D.uasset" 573
"../../../RPG/Content/GrassLands/Environments/Plains/Env_Plains_Ruins/Textures/T_Plains_Ruins_Pillars_02_N.uasset" 574
"../../../RPG/Content/GrassLands/Environments/Plains/Env_Plains_Ruins/Materials/M_Plains_Pillars02.uasset" 575
"../../../RPG/Content/GrassLands/Environments/Plains/Env_Plains_Ruins/Materials/M_Plains_Pillars02_Inst.uasset" 576
"../../../RPG/Content/GrassLands/Environments/Plains/Env_Plains_Ruins/Textures/T_Plains_Ruins_Pillars_03_D.uasset" 577
"../../../RPG/Content/GrassLands/Environments/Plains/Env_Plains_Ruins/Textures/T_Plains_Ruins_Pillars_03_N.uasset" 578
"../../../RPG/Content/GrassLands/Environments/Plains/Env_Plains_Ruins/Materials/M_Plains_Pillars03.uasset" 579
"../../../RPG/Content/GrassLands/Environments/Plains/Env_Plains_Ruins/Materials/M_Plains_Pillars03_Inst.uasset" 580
"../../../RPG/Content/GrassLands/Environments/Plains/Env_Plains_Ruins/Textures/T_Plains_Ruins_Pillars_D.uasset" 581
"../../../RPG/Content/GrassLands/Environments/Plains/Env_Plains_Ruins/Textures/T_Plains_Ruins_Pillars_M.uasset" 582
"../../../RPG/Content/GrassLands/Environments/Plains/Env_Plains_Ruins/Textures/T_Plains_Ruins_Pillars_N.uasset" 583
"../../../RPG/Content/GrassLands/Environments/Plains/Env_Plains_Ruins/Materials/M_Plains_Pillars.uasset" 584
"../../../RPG/Content/GrassLands/Environments/Plains/Env_Plains_Ruins/Materials/M_Plains_Pillars_Inst.uasset" 585
"../../../RPG/Content/GrassLands/Environments/Plains/Env_Plains_Ruins/Textures/T_Plains_ExtCastle_StoneWall_01_D.uasset" 586
"../../../RPG/Content/GrassLands/Environments/Plains/Env_Plains_Ruins/Textures/T_Plains_ExtCastle_StoneWall_01_N.uasset" 587
"../../../RPG/Content/GrassLands/Environments/Plains/Env_Plains_Ruins/Materials/M_Plains_StoneWall.uasset" 588
"../../../RPG/Content/GrassLands/Environments/Plains/Env_Plains_Ruins/Materials/M_Plains_StoneWall_Inst.uasset" 589
"../../../RPG/Content/GrassLands/Environments/Plains/Env_Plains_Statues/Textures/T_Plains_Angel_Statue_D.uasset" 590
"../../../RPG/Content/GrassLands/Environments/Plains/Env_Plains_Statues/Textures/T_Plains_Angel_Statue_N.uasset" 591
"../../../RPG/Content/GrassLands/Environments/Plains/Env_Plains_Statues/Materials/M_Plains_Angel_Statue.uasset" 592
"../../../RPG/Content/GrassLands/Environments/Plains/Env_Plains_Statues/Materials/M_Plains_Angel_Statue_Inst.uasset" 593
"../../../RPG/Content/GrassLands/Environments/Plains/Env_Plains_Statues/Textures/T_Plains_Man_Statue_D.uasset" 594
"../../../RPG/Content/GrassLands/Environments/Plains/Env_Plains_Statues/Textures/T_Plains_Man_Statue_N.uasset" 595
"../../../RPG/Content/GrassLands/Environments/Plains/Env_Plains_Statues/Materials/M_Plains_Man_Statue.uasset" 596
"../../../RPG/Content/GrassLands/Environments/Plains/Env_Plains_Statues/Materials/M_Plains_Man_Statue_Inst.uasset" 597
"../../../Engine/Content/MapTemplates/lut/LUT_Morning.uasset" 598
"../../../Engine/Content/MapTemplates/T_ScreenDirt02_w.uasset" 599
"../../../RPG/Content/BluePrint/HUD/GameOver.uasset" 600
"../../../RPG/Content/GrassLands/Environments/Breakables/Textures/T_Env_Breakables_Breakables_D.uasset" 601
"../../../RPG/Content/GrassLands/Environments/Breakables/Textures/T_Env_Breakables_Breakables_N.uasset" 602
"../../../RPG/Content/GrassLands/Environments/Breakables/Textures/T_Env_Breakables_Breakables_R.uasset" 603
"../../../RPG/Content/GrassLands/Environments/Breakables/Textures/T_Env_Breakables_BreakablesSnow_M.uasset" 604
"../../../RPG/Content/GrassLands/Environments/Breakables/Materials/M_Breakables_Barrels.uasset" 605
"../../../RPG/Content/GrassLands/Environments/Breakables/StaticMesh/Box/SM_Env_Breakables_Box1.uasset" 606
"../../../RPG/Content/GrassLands/Environments/Breakables/StaticMesh/Box/SM_Env_Breakables_Box1_destroyed.uasset" 607
"../../../RPG/Content/GrassLands/Environments/Breakables/StaticMesh/Box/SM_Env_Breakables_Boxes.uasset" 608
"../../../RPG/Content/GrassLands/Environments/Breakables/StaticMesh/Box/SM_Env_Breakables_BoxesBITS.uasset" 609
"../../../RPG/Content/GrassLands/Environments/Breakables/StaticMesh/Objects/SM_Env_Breakables_GroupLg.uasset" 610
"../../../Engine/Content/Functions/Engine_MaterialFunctions01/WorldPositionOffset/SimpleGrassWind.uasset" 611
"../../../RPG/Content/GrassLands/Environments/Earth/EX_EnvAssets/Textures/T_Env_Ice_Deco2_Flag_D.uasset" 612
"../../../RPG/Content/GrassLands/Environments/Earth/EX_EnvAssets/Materials/M_Env_Ice_Deco2_Flags.uasset" 613
"../../../RPG/Content/GrassLands/Environments/Earth/EX_EnvAssets/Meshes/SK_Env_Ice_Deco2_BlowingFlag_Skeleton.uasset" 614
"../../../RPG/Content/GrassLands/Environments/Earth/EX_EnvAssets/Meshes/SK_Env_Ice_Deco2_BlowingFlag.uasset" 615
"../../../RPG/Content/GrassLands/Environments/Earth/EX_EnvAssets/Meshes/SK_Env_Ice_Deco2_BlowingFlag3.uasset" 616
"../../../RPG/Content/GrassLands/Environments/Earth/Textures/T_Cherry_Tree_Flowers_D.uasset" 617
"../../../RPG/Content/GrassLands/Environments/Earth/Textures/T_Cherry_Tree_Flowers_N.uasset" 618
"../../../RPG/Content/GrassLands/Environments/Earth/Materials/M_Cherry_Tree.uasset" 619
"../../../RPG/Content/GrassLands/Environments/Earth/Textures/T_TreeBase1_D.uasset" 620
"../../../RPG/Content/GrassLands/Environments/Earth/Textures/T_TreeBase1_N.uasset" 621
"../../../RPG/Content/GrassLands/Environments/Earth/Materials/M_TreeBark.uasset" 622
"../../../RPG/Content/GrassLands/Environments/Earth/StaticMesh/SM_Cherry_Tree.uasset" 623
"../../../RPG/Content/GrassLands/Environments/Earth/Textures/T_GroundCover_Leaf01_D.uasset" 624
"../../../RPG/Content/GrassLands/Environments/Earth/Textures/T_GroundCover_Leaf01_N.uasset" 625
"../../../RPG/Content/GrassLands/Environments/Earth/Materials/M_GroundCover_LEafy.uasset" 626
"../../../RPG/Content/GrassLands/Environments/Earth/StaticMesh/SM_GroundCover_Leafy01.uasset" 627
"../../../RPG/Content/GrassLands/Environments/Earth/StaticMesh/SM_GroundCover_Leafy03.uasset" 628
"../../../RPG/Content/GrassLands/Environments/Earth/Textures/T_BranchTrunk_D.uasset" 629
"../../../RPG/Content/GrassLands/Environments/Earth/Materials/M_LeavesPile.uasset" 630
"../../../RPG/Content/GrassLands/Environments/Earth/StaticMesh/SM_LeavePiles_01.uasset" 631
"../../../RPG/Content/GrassLands/Environments/Earth/StaticMesh/SM_LeavePiles_02.uasset" 632
"../../../RPG/Content/GrassLands/Environments/Earth/StaticMesh/SM_Rootcluster_A.uasset" 633
"../../../RPG/Content/GrassLands/Environments/Earth/Textures/T_Plants_D.uasset" 634
"../../../RPG/Content/GrassLands/Environments/Earth/Textures/T_Plants_N.uasset" 635
"../../../RPG/Content/GrassLands/Environments/Earth/Materials/M_Exo_Generic_Plants.uasset" 636
"../../../RPG/Content/GrassLands/Environments/Earth/StaticMesh/SM_SmallTree02.uasset" 637
"../../../RPG/Content/GrassLands/Environments/Misc/Exo_Deco01/Textures/T_Exo_Cart_D.uasset" 638
"../../../RPG/Content/GrassLands/Environments/Misc/Exo_Deco01/Textures/T_Exo_Cart_N.uasset" 639
"../../../RPG/Content/GrassLands/Environments/Misc/Exo_Deco01/Materials/M_Exo_Cart.uasset" 640
"../../../RPG/Content/GrassLands/Environments/Misc/Exo_Deco01/StaticMesh/SM_Exo_Cart_Damaged.uasset" 641
"../../../RPG/Content/GrassLands/Environments/Misc/Exo_Deco01/Textures/T_Exo_Crate_Open_D.uasset" 642
"../../../RPG/Content/GrassLands/Environments/Misc/Exo_Deco01/Textures/T_Exo_Crate_Open_N.uasset" 643
"../../../RPG/Content/GrassLands/Environments/Misc/Exo_Deco01/Materials/M_Exo_Crate_Open.uasset" 644
"../../../RPG/Content/GrassLands/Environments/Misc/Exo_Deco01/StaticMesh/SM_Exo_Crate_Open_Damaged.uasset" 645
"../../../RPG/Content/GrassLands/Environments/Misc/Exo_Deco01/StaticMesh/SM_Exo_Crate_Open_Destroyed.uasset" 646
"../../../RPG/Content/GrassLands/Environments/Misc/Exo_Deco01/StaticMesh/SM_Exo_Crate_Open_Intact.uasset" 647
"../../../RPG/Content/GrassLands/Environments/Misc/Exo_Deco01/Textures/T_Snowy_Pine_Low.uasset" 648
"../../../RPG/Content/GrassLands/Environments/Misc/Exo_Deco01/Textures/T_Snowy_Pine_Low_N.uasset" 649
"../../../RPG/Content/GrassLands/Environments/Misc/Exo_Deco01/Materials/M_Pine_Low.uasset" 650
"../../../RPG/Content/GrassLands/Environments/Misc/Exo_Deco01/StaticMesh/SM_Pine_Low_Cluster.uasset" 651
"../../../RPG/Content/GrassLands/Environments/Misc/Exo_Deco01/Textures/T_WoodenBarrel_01_D.uasset" 652
"../../../RPG/Content/GrassLands/Environments/Misc/Exo_Deco01/Textures/T_WoodenBarrel_01_N.uasset" 653
"../../../RPG/Content/GrassLands/Environments/Misc/Exo_Deco01/Materials/M_WoodenBarrel_01.uasset" 654
"../../../RPG/Content/GrassLands/Environments/Misc/Exo_Deco01/StaticMesh/SM_WoodenBarrel_Damaged.uasset" 655
"../../../RPG/Content/GrassLands/Environments/Misc/Exo_Deco01/StaticMesh/SM_WoodenBarrel_Destroyed.uasset" 656
"../../../RPG/Content/GrassLands/Environments/Misc/Exo_Deco01/StaticMesh/SM_WoodenBarrel_Intact.uasset" 657
"../../../RPG/Content/GrassLands/Environments/Misc/Exo_Deco02/Textures/T_Decos_Door_D.uasset" 658
"../../../RPG/Content/GrassLands/Environments/Misc/Exo_Deco02/Textures/T_Decos_Door_M.uasset" 659
"../../../RPG/Content/GrassLands/Environments/Misc/Exo_Deco02/Textures/T_Decos_Door_N.uasset" 660
"../../../RPG/Content/GrassLands/Environments/Misc/Exo_Deco02/Materials/M_Decos_Door.uasset" 661
"../../../RPG/Content/GrassLands/Environments/Misc/Exo_Deco02/StaticMesh/SM_Exo_Decos_Door02.uasset" 662
"../../../RPG/Content/GrassLands/Environments/Misc/Exo_Deco02/StaticMesh/SM_Exo_Decos_Door04.uasset" 663
"../../../RPG/Content/GrassLands/Environments/Misc/Exo_Deco02/Textures/T_Decos_Door_Frame_D.uasset" 664
"../../../RPG/Content/GrassLands/Environments/Misc/Exo_Deco02/Textures/T_Decos_Door_Frame_D_NRM.uasset" 665
"../../../RPG/Content/GrassLands/Environments/Misc/Exo_Deco02/Materials/M_Decos_Door_Frame.uasset" 666
"../../../RPG/Content/GrassLands/Environments/Misc/Exo_Deco02/StaticMesh/SM_Exo_Decos_Door_Frame02.uasset" 667
"../../../RPG/Content/GrassLands/Environments/Misc/Exo_Deco02/Textures/T_Pew_D.uasset" 668
"../../../RPG/Content/GrassLands/Environments/Misc/Exo_Deco02/Textures/T_Pew_N.uasset" 669
"../../../RPG/Content/GrassLands/Environments/Misc/Exo_Deco02/Materials/M_Pew.uasset" 670
"../../../RPG/Content/GrassLands/Environments/Misc/Exo_Deco02/StaticMesh/SM_Exo_Pew.uasset" 671
"../../../RPG/Content/GrassLands/Environments/Misc/Exo_Deco02/Textures/T_HardWood_Floor_D.uasset" 672
"../../../RPG/Content/GrassLands/Environments/Misc/Exo_Deco02/Textures/T_HardWood_Floor_D_NRM.uasset" 673
"../../../RPG/Content/GrassLands/Environments/Misc/Exo_Deco02/Materials/M_HardWood_Floor.uasset" 674
"../../../RPG/Content/GrassLands/Environments/Misc/Exo_Deco02/StaticMesh/SM_Exo_ShantyBeams_Single_01.uasset" 675
"../../../RPG/Content/GrassLands/Environments/Plains/Env_Plains_Background/Textures/T_Env_Plains_Mountain01_D.uasset" 676
"../../../RPG/Content/GrassLands/Environments/Plains/Env_Plains_Background/Textures/T_Env_Plains_Mountain01_N.uasset" 677
"../../../RPG/Content/GrassLands/Environments/Plains/Env_Plains_Background/Materials/M_Env_Plains_Mountain01.uasset" 678
"../../../RPG/Content/GrassLands/Environments/Plains/Env_Plains_Background/StaticMesh/SM_Env_Plains_Mountain_01.uasset" 679
"../../../RPG/Content/GrassLands/Environments/Plains/Env_Plains_Floors/StaticMesh/SM_Env_Plains_Floors_Rubble05.uasset" 680
"../../../RPG/Content/GrassLands/Environments/Plains/Env_Plains_Floors/StaticMesh/SM_Plains_Floors_Block01.uasset" 681
"../../../RPG/Content/GrassLands/Environments/Plains/Env_Plains_Floors/StaticMesh/SM_Plains_Floors_Block02.uasset" 682
"../../../RPG/Content/GrassLands/Environments/Plains/Env_Plains_Floors/StaticMesh/SM_Plains_Floors_Block02_Broken.uasset" 683
"../../../RPG/Content/GrassLands/Environments/Plains/Env_Plains_Floors/StaticMesh/SM_Plains_Floors_Block03.uasset" 684
"../../../RPG/Content/GrassLands/Environments/Plains/Env_Plains_Floors/StaticMesh/SM_Plains_Floors_Block04.uasset" 685
"../../../RPG/Content/GrassLands/Environments/Plains/Env_Plains_Floors/StaticMesh/SM_Plains_Floors_Brick01.uasset" 686
"../../../RPG/Content/GrassLands/Environments/Plains/Env_Plains_Floors/StaticMesh/SM_Plains_Floors_Flat01.uasset" 687
"../../../RPG/Content/GrassLands/Environments/Plains/Env_Plains_Floors/StaticMesh/SM_Plains_Floors_Flat02.uasset" 688
"../../../RPG/Content/GrassLands/Environments/Plains/Env_Plains_Floors/StaticMesh/SM_Plains_Floors_Rubble.uasset" 689
"../../../RPG/Content/GrassLands/Environments/Plains/Env_Plains_Floors/StaticMesh/SM_Plains_Floors_Rubble02.uasset" 690
"../../../RPG/Content/GrassLands/Environments/Plains/Env_Plains_Floors/StaticMesh/SM_Plains_Floors_Rubble03.uasset" 691
"../../../RPG/Content/GrassLands/Environments/Plains/Env_Plains_Floors/StaticMesh/SM_Plains_Floors_Rubble04.uasset" 692
"../../../RPG/Content/GrassLands/Environments/Plains/Env_Plains_Floors/StaticMesh/SM_Plains_Floors_Rubble05.uasset" 693
"../../../RPG/Content/GrassLands/Environments/Plains/Env_Plains_Floors/StaticMesh/SM_Plains_Floors_TrimBlock01.uasset" 694
"../../../RPG/Content/GrassLands/Environments/Plains/Env_Plains_Floors/StaticMesh/SM_Plains_Floors_TrimDesign03.uasset" 695
"../../../RPG/Content/GrassLands/Environments/Plains/Env_Plains_Floors/StaticMesh/SM_Plains_Floors_TrimDesignRubble01.uasset" 696
"../../../RPG/Content/GrassLands/Environments/Plains/Env_Plains_Floors/Textures/T_Plains_FloorsBeams_D.uasset" 697
"../../../RPG/Content/GrassLands/Environments/Plains/Env_Plains_Floors/Textures/T_Plains_FloorsBeams_N.uasset" 698
"../../../RPG/Content/GrassLands/Environments/Plains/Env_Plains_Floors/Materials/M_PLains_Scrap_Bridge.uasset" 699
"../../../RPG/Content/GrassLands/Environments/Plains/Env_Plains_Floors/StaticMesh/SM_Plains_Scrap_Bridge01.uasset" 700
"../../../RPG/Content/GrassLands/Environments/Plains/Env_Plains_Floors/StaticMesh/SM_Plains_Scrap_Bridge02.uasset" 701
"../../../RPG/Content/GrassLands/Environments/Plains/Env_Plains_Floors/StaticMesh/SM_Plains_Scrap_BridgeRail03.uasset" 702
"../../../RPG/Content/GrassLands/Environments/Plains/Env_Plains_Floors/StaticMesh/SM_Plains_Scrap_BridgeRail04.uasset" 703
"../../../RPG/Content/GrassLands/Environments/Plains/Env_Plains_Flora/Textures/T_Plains_Fern01_D.uasset" 704
"../../../RPG/Content/GrassLands/Environments/Plains/Env_Plains_Flora/Textures/T_Plains_Fern01_N.uasset" 705
"../../../RPG/Content/GrassLands/Environments/Plains/Env_Plains_Flora/Materials/M_PLains_Fern01.uasset" 706
"../../../RPG/Content/GrassLands/Environments/Plains/Env_Plains_Flora/StaticMesh/SM_Plains_Fern01.uasset" 707
"../../../RPG/Content/GrassLands/Environments/Plains/Env_Plains_Flora/StaticMesh/SM_Plains_Fern02.uasset" 708
"../../../RPG/Content/GrassLands/Environments/Plains/Env_Plains_Flora/StaticMesh/SM_Plains_Fern03.uasset" 709
"../../../RPG/Content/GrassLands/Environments/Plains/Env_Plains_Flora/StaticMesh/SM_Plains_Fern04.uasset" 710
"../../../RPG/Content/GrassLands/Environments/Plains/Env_Plains_Flora/StaticMesh/SM_Plains_Flowers01.uasset" 711
"../../../RPG/Content/GrassLands/Environments/Plains/Env_Plains_Flora/StaticMesh/SM_Plains_Flowers03.uasset" 712
"../../../RPG/Content/GrassLands/Environments/Plains/Env_Plains_Flora/StaticMesh/SM_Plains_Grass01.uasset" 713
"../../../RPG/Content/GrassLands/Environments/Plains/Env_Plains_Flora/Textures/T_Plains_Tree01_D.uasset" 714
"../../../RPG/Content/GrassLands/Environments/Plains/Env_Plains_Flora/Textures/T_Plains_Tree01_N.uasset" 715
"../../../RPG/Content/GrassLands/Environments/Plains/Env_Plains_Flora/Materials/M_Plains_Tree_Stump01.uasset" 716
"../../../RPG/Content/GrassLands/Environments/Plains/Env_Plains_Flora/StaticMesh/SM_Plains_Tree01.uasset" 717
"../../../RPG/Content/GrassLands/Environments/Plains/Env_Plains_Flora/StaticMesh/SM_Plains_Tree_Branch01.uasset" 718
"../../../RPG/Content/GrassLands/Environments/Plains/Env_Plains_Flora/StaticMesh/SM_Plains_Tree_Branch02.uasset" 719
"../../../RPG/Content/GrassLands/Environments/Plains/Env_Plains_Flora/StaticMesh/SM_Plains_Tree_Stump01.uasset" 720
"../../../RPG/Content/GrassLands/Environments/Plains/Env_Plains_Flora/StaticMesh/SM_Plains_Vine02.uasset" 721
"../../../RPG/Content/GrassLands/Environments/Plains/Env_Plains_Organic/Textures/T_Plains_Rock01_D.uasset" 722
"../../../RPG/Content/GrassLands/Environments/Plains/Env_Plains_Organic/Textures/T_Plains_Rock01_N.uasset" 723
"../../../RPG/Content/GrassLands/Environments/Plains/Env_Plains_Organic/Materials/M_Plains_LargeRock.uasset" 724
"../../../RPG/Content/GrassLands/Environments/Plains/Env_Plains_Organic/StaticMesh/SM_Plains_LargeRock01.uasset" 725
"../../../RPG/Content/GrassLands/Environments/Plains/Env_Plains_Organic/StaticMesh/SM_Plains_LargeRock02.uasset" 726
"../../../RPG/Content/GrassLands/Environments/Plains/Env_Plains_Organic/StaticMesh/SM_Plains_LargeRock03.uasset" 727
"../../../RPG/Content/GrassLands/Environments/Plains/Env_Plains_Organic/StaticMesh/SM_Plains_LargeRock_Pile01.uasset" 728
"../../../RPG/Content/GrassLands/Environments/Plains/Env_Plains_Organic/StaticMesh/SM_Plains_LargeRock_SpireLOD.uasset" 729
"../../../RPG/Content/GrassLands/Environments/Plains/Env_Plains_Organic/StaticMesh/SM_Plains_LargeRock_SpireLOD2.uasset" 730
"../../../RPG/Content/GrassLands/Environments/Plains/Env_Plains_Organic/Textures/T_Plains_Ground01_D.uasset" 731
"../../../RPG/Content/GrassLands/Environments/Plains/Env_Plains_Organic/Textures/T_Plains_Ground01_N.uasset" 732
"../../../RPG/Content/GrassLands/Environments/Plains/Env_Plains_Organic/Materials/M_Plains_GroundBrick.uasset" 733
"../../../RPG/Content/GrassLands/Environments/Plains/Env_Plains_Organic/StaticMesh/SM_Plains_LargeRock_SpireLOD4.uasset" 734
"../../../RPG/Content/GrassLands/Environments/Plains/Env_Plains_Organic/Textures/T_Plains_Cliff001.uasset" 735
"../../../RPG/Content/GrassLands/Environments/Plains/Env_Plains_Organic/Textures/T_Plains_Cliff01.uasset" 736
"../../../RPG/Content/GrassLands/Environments/Plains/Env_Plains_Organic/Materials/M_Plains_Cliff1.uasset" 737
"../../../RPG/Content/GrassLands/Environments/Plains/Env_Plains_Organic/StaticMesh/SM_Plains_LargeRock_SpireLOD5.uasset" 738
"../../../RPG/Content/GrassLands/Environments/Plains/Env_Plains_Organic/Textures/T_Plains_Rock02_D.uasset" 739
"../../../RPG/Content/GrassLands/Environments/Plains/Env_Plains_Organic/Textures/T_Plains_Rock02_N.uasset" 740
"../../../RPG/Content/GrassLands/Environments/Plains/Env_Plains_Organic/Materials/M_Plains_SmallRock.uasset" 741
"../../../RPG/Content/GrassLands/Environments/Plains/Env_Plains_Organic/StaticMesh/SM_Plains_SmallRock01.uasset" 742
"../../../RPG/Content/GrassLands/Environments/Plains/Env_Plains_Organic/StaticMesh/SM_WaterPlain.uasset" 743
"../../../RPG/Content/GrassLands/Environments/Plains/Env_Plains_Ruins/StaticMesh/SM_Plains_Buttress_01.uasset" 744
"../../../RPG/Content/GrassLands/Environments/Plains/Env_Plains_Ruins/StaticMesh/SM_Plains_Buttress_02.uasset" 745
"../../../RPG/Content/GrassLands/Environments/Plains/Env_Plains_Ruins/StaticMesh/SM_Plains_Castle_Bridge_Wall_01.uasset" 746
"../../../RPG/Content/GrassLands/Environments/Plains/Env_Plains_Ruins/StaticMesh/SM_Plains_Castle_Circle_Railing_01.uasset" 747
"../../../RPG/Content/GrassLands/Environments/Plains/Env_Plains_Ruins/StaticMesh/SM_Plains_Castle_Fountain_01.uasset" 748
"../../../RPG/Content/GrassLands/Environments/Plains/Env_Plains_Ruins/StaticMesh/SM_Plains_Castle_Railing_Curved.uasset" 749
"../../../RPG/Content/GrassLands/Environments/Plains/Env_Plains_Ruins/StaticMesh/SM_Plains_Castle_Railing_Curved_45.uasset" 750
"../../../RPG/Content/GrassLands/Environments/Plains/Env_Plains_Ruins/StaticMesh/SM_Plains_Castle_Stairs_01.uasset" 751
"../../../RPG/Content/GrassLands/Environments/Plains/Env_Plains_Ruins/StaticMesh/SM_Plains_CastleArch_01.uasset" 752
"../../../RPG/Content/GrassLands/Environments/Plains/Env_Plains_Ruins/StaticMesh/SM_Plains_CastleArch_02.uasset" 753
"../../../RPG/Content/GrassLands/Environments/Plains/Env_Plains_Ruins/StaticMesh/SM_Plains_CastleArch_03.uasset" 754
"../../../RPG/Content/GrassLands/Environments/Plains/Env_Plains_Ruins/Textures/T_Plains_Castle_Wroughtlron_D.uasset" 755
"../../../RPG/Content/GrassLands/Environments/Plains/Env_Plains_Ruins/Textures/T_Plains_Castle_Wroughtlron_N.uasset" 756
"../../../RPG/Content/GrassLands/Environments/Plains/Env_Plains_Ruins/Materials/M_PLains_Castle_WroughtIron.uasset" 757
"../../../RPG/Content/GrassLands/Environments/Plains/Env_Plains_Ruins/StaticMesh/SM_Plains_CastleArch_Iron_Gate_01.uasset" 758
"../../../RPG/Content/GrassLands/Environments/Plains/Env_Plains_Ruins/StaticMesh/SM_Plains_CastleArch_Iron_Gate_01_Broken.uasset" 759
"../../../RPG/Content/GrassLands/Environments/Plains/Env_Plains_Ruins/StaticMesh/SM_Plains_CastleArch_Iron_Gate_02_Broken.uasset" 760
"../../../RPG/Content/GrassLands/Environments/Plains/Env_Plains_Ruins/StaticMesh/SM_Plains_CastleArch_Ruin_01.uasset" 761
"../../../RPG/Content/GrassLands/Environments/Plains/Env_Plains_Ruins/StaticMesh/SM_Plains_CastleArch_Ruin_03.uasset" 762
"../../../RPG/Content/GrassLands/Environments/Plains/Env_Plains_Ruins/StaticMesh/SM_Plains_CastleDoorArch_01.uasset" 763
"../../../RPG/Content/GrassLands/Environments/Plains/Env_Plains_Ruins/StaticMesh/SM_Plains_CastleTower_01.uasset" 764
"../../../RPG/Content/GrassLands/Environments/Plains/Env_Plains_Ruins/StaticMesh/SM_Plains_CastleTower_Ruin_01.uasset" 765
"../../../RPG/Content/GrassLands/Environments/Plains/Env_Plains_Ruins/StaticMesh/SM_Plains_CastleTower_Ruin_02.uasset" 766
"../../../RPG/Content/GrassLands/Environments/Plains/Env_Plains_Ruins/StaticMesh/SM_Plains_CastleWall_Curved_Ruin_01.uasset" 767
"../../../RPG/Content/GrassLands/Environments/Plains/Env_Plains_Ruins/StaticMesh/SM_Plains_CastleWall_Ruin_01.uasset" 768
"../../../RPG/Content/GrassLands/Environments/Plains/Env_Plains_Ruins/StaticMesh/SM_Plains_CastleWall_Ruin_02.uasset" 769
"../../../RPG/Content/GrassLands/Environments/Plains/Env_Plains_Ruins/StaticMesh/SM_Plains_CastleWall_Ruin_03.uasset" 770
"../../../RPG/Content/GrassLands/Environments/Plains/Env_Plains_Ruins/StaticMesh/SM_Plains_CastleWall_Ruin_04.uasset" 771
"../../../RPG/Content/GrassLands/Environments/Plains/Env_Plains_Ruins/StaticMesh/SM_Plains_CastleWall_Support_01.uasset" 772
"../../../RPG/Content/GrassLands/Environments/Plains/Env_Plains_Ruins/StaticMesh/SM_Plains_Column_Large_01.uasset" 773
"../../../RPG/Content/GrassLands/Environments/Plains/Env_Plains_Ruins/StaticMesh/SM_Plains_Column_Large_Broken_01.uasset" 774
"../../../RPG/Content/GrassLands/Environments/Plains/Env_Plains_Ruins/StaticMesh/SM_Plains_Column_Large_Broken_02.uasset" 775
"../../../RPG/Content/GrassLands/Environments/Plains/Env_Plains_Ruins/StaticMesh/SM_Plains_Column_Large_Broken_03.uasset" 776
"../../../RPG/Content/GrassLands/Environments/Plains/Env_Plains_Ruins/StaticMesh/SM_Plains_Column_Mid_01.uasset" 777
"../../../RPG/Content/GrassLands/Environments/Plains/Env_Plains_Ruins/StaticMesh/SM_Plains_Column_Small_01.uasset" 778
"../../../RPG/Content/GrassLands/Environments/Plains/Env_Plains_Ruins/StaticMesh/SM_Plains_Column_Small_Broken_01.uasset" 779
"../../../RPG/Content/GrassLands/Environments/Plains/Env_Plains_Ruins/StaticMesh/SM_Plains_Column_Small_Broken_02.uasset" 780
"../../../RPG/Content/GrassLands/Environments/Plains/Env_Plains_Ruins/StaticMesh/SM_Plains_Ruin_BuildingLOD01.uasset" 781
"../../../RPG/Content/GrassLands/Environments/Plains/Env_Plains_Ruins/StaticMesh/SM_Plains_Ruin_BuildingLOD02.uasset" 782
"../../../RPG/Content/GrassLands/Environments/Plains/Env_Plains_Ruins/StaticMesh/SM_Plains_Ruin_BuildingLOD03.uasset" 783
"../../../RPG/Content/GrassLands/Environments/Plains/Env_Plains_Ruins/Textures/T_Plains_Ruins_Cage_D.uasset" 784
"../../../RPG/Content/GrassLands/Environments/Plains/Env_Plains_Ruins/Textures/T_Plains_Ruins_Cage_N.uasset" 785
"../../../RPG/Content/GrassLands/Environments/Plains/Env_Plains_Ruins/Materials/M_Plains_Cage.uasset" 786
"../../../RPG/Content/GrassLands/Environments/Plains/Env_Plains_Ruins/StaticMesh/SM_Plains_Ruins_Brazier_01.uasset" 787
"../../../RPG/Content/GrassLands/Environments/Plains/Env_Plains_Ruins/StaticMesh/SM_Plains_Ruins_Cage_Broken_02.uasset" 788
"../../../RPG/Content/GrassLands/Environments/Plains/Env_Plains_Ruins/StaticMesh/SM_Plains_ShortColumn_01.uasset" 789
"../../../RPG/Content/GrassLands/Environments/Plains/Env_Plains_Ruins/StaticMesh/SM_Plains_ShortWall_Straight_01.uasset" 790
"../../../RPG/Content/GrassLands/Environments/Plains/Env_Plains_Ruins/StaticMesh/SM_Plains_Wall_Railing_01.uasset" 791
"../../../RPG/Content/GrassLands/Environments/Plains/Env_Plains_Ruins/StaticMesh/SM_Plains_Wall_Straight_01.uasset" 792
"../../../RPG/Content/GrassLands/Environments/Plains/Env_Plains_Statues/StaticMesh/SM_Plains_Angel_Statue_01_nobase.uasset" 793
"../../../RPG/Content/GrassLands/Environments/Plains/Env_Plains_Statues/StaticMesh/SM_Plains_Angel_Statue_01_nobase_torch.uasset" 794
"../../../RPG/Content/GrassLands/Environments/Plains/Env_Plains_Statues/StaticMesh/SM_Plains_Man_Statue_01.uasset" 795
"../../../RPG/Content/GrassLands/Environments/Plains/Env_Plains_Statues/StaticMesh/SM_Plains_Man_Statue_01_torch.uasset" 796
"../../../RPG/Content/GrassLands/Environments/Plains/Env_Plains_Terrain/ElvenRuins_Terrain.uasset" 797
"../../../RPG/Content/StarterContent/Textures/T_Fire_SubUV.uasset" 798
"../../../RPG/Content/StarterContent/Textures/T_Fire_Tiled_D.uasset" 799
"../../../RPG/Content/StarterContent/Particles/Materials/M_Fire_SubUV.uasset" 800
"../../../RPG/Content/StarterContent/Textures/T_Water_N.uasset" 801
"../../../RPG/Content/StarterContent/Particles/Materials/M_Heat_Distortion.uasset" 802
"../../../RPG/Content/StarterContent/Particles/P_Fire.uasset" 803
"../../../RPG/Content/StarterContent/Particles/P_Steam_Lit.uasset" 804
"../../../RPG/Content/GrassLands/Maps/Main.umap" 805
