Log file open, 08/19/17 18:47:00
LogWindows: LoadLibraryWithSearchPaths failed for file aqProf.dll. GetLastError=0
LogWindows: LoadLibraryWithSearchPaths failed for file VSPerf140.dll. GetLastError=0
LogWindows: LoadLibraryWithSearchPaths failed for file VtuneApi.dll. GetLastError=0
LogWindows: LoadLibraryWithSearchPaths failed for file VtuneApi32e.dll. GetLastError=0
LogInit: Display: Running engine for game: RPG
LogPlatformFile: Not using cached read wrapper
LogInit: Display: RandInit(-174071054) SRandInit(-174071054).
LogTaskGraph: Started task graph with 5 named threads and 14 total threads with 3 sets of task threads.
LogStats: Stats thread started at 0.158461
LogD3D11RHI: Aftermath initialized
LogPluginManager: Mounting plugin Paper2D
LogPluginManager: Mounting plugin LightPropagationVolume
LogPluginManager: Mounting plugin CodeLiteSourceCodeAccess
LogPluginManager: Mounting plugin GitSourceControl
LogPluginManager: Mounting plugin KDevelopSourceCodeAccess
LogPluginManager: Mounting plugin NullSourceCodeAccess
LogPluginManager: Mounting plugin PerforceSourceControl
LogPluginManager: Mounting plugin SubversionSourceControl
LogPluginManager: Mounting plugin UObjectPlugin
LogPluginManager: Mounting plugin VisualStudioSourceCodeAccess
LogPluginManager: Mounting plugin XCodeSourceCodeAccess
LogPluginManager: Mounting plugin AssetManagerEditor
LogPluginManager: Mounting plugin AudioCapture
LogPluginManager: Mounting plugin FacialAnimation
LogPluginManager: Mounting plugin GameplayTagsEditor
LogPluginManager: Mounting plugin MobileLauncherProfileWizard
LogPluginManager: Mounting plugin PluginBrowser
LogPluginManager: Mounting plugin SpeedTreeImporter
LogPluginManager: Mounting plugin AlembicImporter
LogPluginManager: Mounting plugin CharacterAI
LogPluginManager: Mounting plugin HTML5Networking
LogPluginManager: Mounting plugin AndroidMedia
LogPluginManager: Mounting plugin AvfMedia
LogPluginManager: Mounting plugin MediaPlayerEditor
LogPluginManager: Mounting plugin WmfMedia
LogPluginManager: Mounting plugin TcpMessaging
LogPluginManager: Mounting plugin UdpMessaging
LogPluginManager: Mounting plugin LevelSequenceEditor
LogPluginManager: Mounting plugin MatineeToLevelSequence
LogPluginManager: Mounting plugin OnlineSubsystemGooglePlay
LogPluginManager: Mounting plugin OnlineSubsystemIOS
LogPluginManager: Mounting plugin OnlineSubsystem
LogPluginManager: Mounting plugin OnlineSubsystemNull
LogPluginManager: Mounting plugin OnlineSubsystemUtils
LogPluginManager: Mounting plugin AndroidDeviceProfileSelector
LogPluginManager: Mounting plugin AndroidMoviePlayer
LogPluginManager: Mounting plugin AndroidPermission
LogPluginManager: Mounting plugin AppleMoviePlayer
LogPluginManager: Mounting plugin ArchVisCharacter
LogPluginManager: Mounting plugin CableComponent
LogPluginManager: Mounting plugin CustomMeshComponent
LogPluginManager: Mounting plugin ExampleDeviceProfileSelector
LogPluginManager: Mounting plugin GoogleCloudMessaging
LogPluginManager: Mounting plugin ImmediatePhysics
LogPluginManager: Mounting plugin IOSDeviceProfileSelector
LogPluginManager: Mounting plugin LinuxDeviceProfileSelector
LogPluginManager: Mounting plugin LocationServicesBPLibrary
LogPluginManager: Mounting plugin MobilePatchingUtils
LogPluginManager: Mounting plugin OculusVR
LogPluginManager: Mounting plugin PhysXVehicles
LogPluginManager: Mounting plugin ProceduralMeshComponent
LogPluginManager: Mounting plugin RuntimePhysXCooking
LogPluginManager: Mounting plugin SteamVR
LogPluginManager: Mounting plugin WindowsMoviePlayer
LogInit: Using libcurl 7.47.1
LogInit:  - built for x86_64-pc-win32
LogInit:  - supports SSL with OpenSSL/1.0.2g
LogInit:  - supports HTTP deflate (compression) using libz 1.2.8
LogInit:  - other features:
LogInit:      CURL_VERSION_SSL
LogInit:      CURL_VERSION_LIBZ
LogInit:      CURL_VERSION_IPV6
LogInit:      CURL_VERSION_ASYNCHDNS
LogInit:      CURL_VERSION_LARGEFILE
LogInit:      CURL_VERSION_IDN
LogInit:  CurlRequestOptions (configurable via config and command line):
LogInit:  - bVerifyPeer = false  - Libcurl will NOT verify peer certificate
LogInit:  - bUseHttpProxy = false  - Libcurl will NOT use HTTP proxy
LogInit:  - bDontReuseConnections = false  - Libcurl will reuse connections
LogInit:  - CertBundlePath = nullptr  - Libcurl will use whatever was configured at build time.
LogInit: Build: ++UE4+Release-4.17-CL-3586342
LogInit: Engine Version: 4.17.1-3586342+++UE4+Release-4.17
LogInit: Compatible Engine Version: 4.17.0-3573198+++UE4+Release-4.17
LogInit: Net CL: 3573198
LogDevObjectVersion: Number of dev versions registered: 16
LogDevObjectVersion:   Dev-Blueprints (B0D832E4-1F89-4F0D-ACCF-7EB736FD4AA2): 10
LogDevObjectVersion:   Dev-Build (E1C64328-A22C-4D53-A36C-8E866417BD8C): 0
LogDevObjectVersion:   Dev-Core (375EC13C-06E4-48FB-B500-84F0262A717E): 2
LogDevObjectVersion:   Dev-Editor (E4B068ED-F494-42E9-A231-DA0B2E46BB41): 20
LogDevObjectVersion:   Dev-Framework (CFFC743F-43B0-4480-9391-14DF171D2073): 28
LogDevObjectVersion:   Dev-Mobile (B02B49B5-BB20-44E9-A304-32B752E40360): 0
LogDevObjectVersion:   Dev-Networking (A4E4105C-59A1-49B5-A7C5-40C4547EDFEE): 0
LogDevObjectVersion:   Dev-Online (39C831C9-5AE6-47DC-9A44-9C173E1C8E7C): 0
LogDevObjectVersion:   Dev-Physics (78F01B33-EBEA-4F98-B9B4-84EACCB95AA2): 0
LogDevObjectVersion:   Dev-Platform (6631380F-2D4D-43E0-8009-CF276956A95A): 0
LogDevObjectVersion:   Dev-Rendering (12F88B9F-8875-4AFC-A67C-D90C383ABD29): 19
LogDevObjectVersion:   Dev-Sequencer (7B5AE74C-D270-4C10-A958-57980B212A5A): 4
LogDevObjectVersion:   Dev-VR (D7296918-1DD6-4BDD-9DE2-64A83CC13884): 0
LogDevObjectVersion:   Dev-LoadTimes (C2A15278-BFE7-4AFE-6C17-90FF531DF755): 1
LogDevObjectVersion:   Private-Geometry (6EACA3D4-40EC-4CC1-B786-8BED09428FC5): 1
LogDevObjectVersion:   Dev-AnimPhys (29E575DD-E0A3-4627-9D10-D276232CDCEA): 7
LogInit: Compiled (64-bit): Aug 15 2017 02:05:26
LogInit: Compiled with Visual C++: 19.00.24215.01
LogInit: Build Configuration: Development
LogInit: Branch Name: ++UE4+Release-4.17
LogInit: Command line:  
LogInit: Base directory: D:/UE_4.17/Engine/Binaries/Win64/
LogInit: Installed Engine Build: 1
LogInit: Presizing for max 8388607 objects, including 0 objects not considered by GC, pre-allocating 0 bytes for permanent pool.
LogInit: Object subsystem initialized
[2017.08.19-09.47.00:952][  0]LogInit: Selected Device Profile: [Windows]
[2017.08.19-09.47.00:952][  0]LogInit: Applying CVar settings loaded from the selected device profile: [Windows]
[2017.08.19-09.47.00:957][  0]LogInit: Computer: PC074
[2017.08.19-09.47.00:957][  0]LogInit: User: Administrator
[2017.08.19-09.47.00:957][  0]LogInit: CPU Page size=4096, Cores=4
[2017.08.19-09.47.00:957][  0]LogInit: High frequency timer resolution =3.234482 MHz
[2017.08.19-09.47.00:957][  0]LogMemory: Memory total: Physical=8.0GB (8GB approx)
[2017.08.19-09.47.00:957][  0]LogMemory: Platform Memory Stats for Windows
[2017.08.19-09.47.00:957][  0]LogMemory: Process Physical Memory: 281.16 MB used, 281.16 MB peak
[2017.08.19-09.47.00:957][  0]LogMemory: Process Virtual Memory: 292.02 MB used, 292.02 MB peak
[2017.08.19-09.47.00:957][  0]LogMemory: Physical Memory: 3654.29 MB used,  4501.73 MB free, 8156.03 MB total
[2017.08.19-09.47.00:957][  0]LogMemory: Virtual Memory: 670.98 MB used,  4501.73 MB free, 8388608.00 MB total
[2017.08.19-09.47.01:032][  0]LogInit: Using OS detected language (ko-KR).
[2017.08.19-09.47.01:033][  0]LogInit: Using OS detected locale (ko-KR).
[2017.08.19-09.47.01:034][  0]LogTextLocalizationManager: No specific localization for 'ko-KR' exists, so the 'ko' localization will be used.
[2017.08.19-09.47.01:292][  0]LogD3D11RHI: D3D11 adapters:
[2017.08.19-09.47.01:310][  0]LogD3D11RHI:    0. 'NVIDIA GeForce GTX 960' (Feature Level 11_0)
[2017.08.19-09.47.01:310][  0]LogD3D11RHI:       1969/0/2048 MB DedicatedVideo/DedicatedSystem/SharedSystem, Outputs:1, VendorId:0x10de
[2017.08.19-09.47.01:310][  0]LogD3D11RHI: Chosen D3D11 Adapter: 0
[2017.08.19-09.47.01:313][  0]LogD3D11RHI: Creating new Direct3DDevice
[2017.08.19-09.47.01:313][  0]LogD3D11RHI:     GPU DeviceId: 0x1401 (for the marketing name, search the web for "GPU Device Id")
[2017.08.19-09.47.01:313][  0]LogWindows: EnumDisplayDevices:
[2017.08.19-09.47.01:313][  0]LogWindows:    0. 'NVIDIA GeForce GTX 960' (P:1 D:1)
[2017.08.19-09.47.01:314][  0]LogWindows:    1. 'NVIDIA GeForce GTX 960' (P:0 D:0)
[2017.08.19-09.47.01:314][  0]LogWindows:    2. 'NVIDIA GeForce GTX 960' (P:0 D:0)
[2017.08.19-09.47.01:314][  0]LogWindows:    3. 'NVIDIA GeForce GTX 960' (P:0 D:0)
[2017.08.19-09.47.01:314][  0]LogWindows:    4. 'RDPDD Chained DD' (P:0 D:0)
[2017.08.19-09.47.01:315][  0]LogWindows:    5. 'RDP Encoder Mirror Driver' (P:0 D:0)
[2017.08.19-09.47.01:315][  0]LogWindows:    6. 'RDP Reflector Display Driver' (P:0 D:0)
[2017.08.19-09.47.01:315][  0]LogWindows: DebugString: GetVideoDriverDetailsInvalid PrimaryIsNotTheChoosenAdapter GetVideoDriverDetailsInvalid PrimaryIsNotTheChoosenAdapter GetVideoDriverDetailsInvalid PrimaryIsNotTheChoosenAdapter FoundDriverCount:4 
[2017.08.19-09.47.01:315][  0]LogD3D11RHI:     Adapter Name: NVIDIA GeForce GTX 960
[2017.08.19-09.47.01:315][  0]LogD3D11RHI:   Driver Version: 347.25 (internal:9.18.13.4725, unified:347.25)
[2017.08.19-09.47.01:315][  0]LogD3D11RHI:      Driver Date: 1-9-2015
[2017.08.19-09.47.01:315][  0]LogRHI: Texture pool is 1361 MB (70% of 1945 MB)
[2017.08.19-09.47.01:323][  0]LogD3D11RHI: Async texture creation enabled
[2017.08.19-09.47.01:336][  0]LogD3D11RHI: GPU Timing Frequency: 1000.000000 (Debug: 2 2)
[2017.08.19-09.47.01:382][  0]LogShaderCompilers: Guid format shader working directory is 20 characters bigger than the processId version (C:/Users/Administrator/Desktop/RPG/Intermediate/Shaders/WorkingDirectory/5792/).
[2017.08.19-09.47.01:382][  0]LogShaderCompilers: Cleaned the shader compiler working directory 'C:/Users/Administrator/AppData/Local/Temp/UnrealShaderWorkingDir/C9E7867C402366A26C21859FD0D228E6/'.
[2017.08.19-09.47.01:382][  0]LogShaderCompilers: Display: Using Local Shader Compiler.
[2017.08.19-09.47.02:138][  0]LogTemp: Display: Loaded TP AllDesktopTargetPlatform
[2017.08.19-09.47.02:180][  0]LogTemp: Display: Loaded TP MacClientTargetPlatform
[2017.08.19-09.47.02:219][  0]LogTemp: Display: Loaded TP MacNoEditorTargetPlatform
[2017.08.19-09.47.02:256][  0]LogTemp: Display: Loaded TP MacServerTargetPlatform
[2017.08.19-09.47.02:296][  0]LogTemp: Display: Loaded TP MacTargetPlatform
[2017.08.19-09.47.02:328][  0]LogTemp: Display: Loaded TP WindowsClientTargetPlatform
[2017.08.19-09.47.02:358][  0]LogTemp: Display: Loaded TP WindowsNoEditorTargetPlatform
[2017.08.19-09.47.02:387][  0]LogTemp: Display: Loaded TP WindowsServerTargetPlatform
[2017.08.19-09.47.02:410][  0]LogTemp: Display: Loaded TP WindowsTargetPlatform
[2017.08.19-09.47.02:440][  0]LogTemp: Display: Loaded TP AndroidTargetPlatform
[2017.08.19-09.47.02:469][  0]LogTemp: Display: Loaded TP Android_ASTCTargetPlatform
[2017.08.19-09.47.02:499][  0]LogTemp: Display: Loaded TP Android_ATCTargetPlatform
[2017.08.19-09.47.02:528][  0]LogTemp: Display: Loaded TP Android_DXTTargetPlatform
[2017.08.19-09.47.02:557][  0]LogTemp: Display: Loaded TP Android_ETC1TargetPlatform
[2017.08.19-09.47.02:587][  0]LogTemp: Display: Loaded TP Android_ETC2TargetPlatform
[2017.08.19-09.47.02:645][  0]LogTemp: Display: Loaded TP Android_MultiTargetPlatform
[2017.08.19-09.47.02:646][  0]LogTemp: Display: Loaded TP Android_PVRTCTargetPlatform
[2017.08.19-09.47.02:665][  0]LogTemp: Display: Loaded TP HTML5TargetPlatform
[2017.08.19-09.47.02:724][  0]LogTemp: Display: Loaded TP IOSTargetPlatform
[2017.08.19-09.47.02:742][  0]LogTemp: Display: Loaded TP TVOSTargetPlatform
[2017.08.19-09.47.02:772][  0]LogTemp: Display: Loaded TP LinuxClientTargetPlatform
[2017.08.19-09.47.02:802][  0]LogTemp: Display: Loaded TP LinuxNoEditorTargetPlatform
[2017.08.19-09.47.02:832][  0]LogTemp: Display: Loaded TP LinuxServerTargetPlatform
[2017.08.19-09.47.02:862][  0]LogTemp: Display: Loaded TP LinuxTargetPlatform
[2017.08.19-09.47.02:862][  0]LogTargetPlatformManager: Display: Building Assets For Windows
[2017.08.19-09.47.03:087][  0]LogDerivedDataCache: Display: Max Cache Size: 512 MB
[2017.08.19-09.47.03:181][  0]LogDerivedDataCache: Loaded boot cache 0.09s 93MB C:/Users/Administrator/AppData/Local/UnrealEngine/4.17/DerivedDataCache/Boot.ddc.
[2017.08.19-09.47.03:181][  0]LogDerivedDataCache: Display: Loaded Boot cache: C:/Users/Administrator/AppData/Local/UnrealEngine/4.17/DerivedDataCache/Boot.ddc
[2017.08.19-09.47.03:181][  0]LogDerivedDataCache: FDerivedDataBackendGraph:  Pak pak cache file C:/Users/Administrator/Desktop/RPG/DerivedDataCache/DDC.ddp not found, will not use a pak cache.
[2017.08.19-09.47.03:181][  0]LogDerivedDataCache: Unable to find inner node Pak for hierarchical cache Hierarchy.
[2017.08.19-09.47.03:181][  0]LogDerivedDataCache: FDerivedDataBackendGraph:  CompressedPak pak cache file C:/Users/Administrator/Desktop/RPG/DerivedDataCache/Compressed.ddp not found, will not use a pak cache.
[2017.08.19-09.47.03:181][  0]LogDerivedDataCache: Unable to find inner node CompressedPak for hierarchical cache Hierarchy.
[2017.08.19-09.47.03:197][  0]LogDerivedDataCache: Display: Pak cache opened for reading ../../../Engine/DerivedDataCache/Compressed.ddp.
[2017.08.19-09.47.03:207][  0]LogDerivedDataCache: Using Local data cache path C:/Users/Administrator/AppData/Local/UnrealEngine/Common/DerivedDataCache: Writable
[2017.08.19-09.47.03:216][  0]LogMaterial: Verifying Global Shaders for PCD3D_SM5
[2017.08.19-09.47.03:216][  0]LogSlate: Using Freetype 2.6.0
[2017.08.19-09.47.03:217][  0]LogSlate: SlateFontCache - WITH_FREETYPE: 1, WITH_HARFBUZZ: 1
[2017.08.19-09.47.03:217][  0]LogSlate: SlateFontCache - WITH_FREETYPE: 1, WITH_HARFBUZZ: 1
[2017.08.19-09.47.03:418][  0]LogCollisionProfile: Warning: Profile (Enemy) - Custom Channel Name = 'PlayerAttack' hasn't been found
[2017.08.19-09.47.03:444][  0]LogAssetRegistry: FAssetRegistry took 0.0252 seconds to start up
[2017.08.19-09.47.03:595][  0]LogInit: Selected Device Profile: [Windows]
[2017.08.19-09.47.03:599][  0]LogContentStreaming: Texture pool size is 0.00 MB
[2017.08.19-09.47.03:824][  0]LogSimplygon: Simplygon DLL not present - disabling.
[2017.08.19-09.47.03:843][  0]LogMeshReduction: Using SimplygonSwarm for distributed automatic mesh merging
[2017.08.19-09.47.03:843][  0]LogMeshReduction: Using QuadricMeshReduction for automatic static mesh reduction
[2017.08.19-09.47.03:843][  0]LogMeshReduction: No automatic skeletal mesh reduction module available
[2017.08.19-09.47.03:843][  0]LogMeshReduction: No automatic mesh merging module available
[2017.08.19-09.47.03:843][  0]LogMeshMerging: No automatic mesh merging module available
[2017.08.19-09.47.04:147][  0]LogNetVersion: RPG , NetCL: 3573198, EngineNetVer: 2, GameNetVer: 0 (Checksum: 1849868818)
[2017.08.19-09.47.04:294][  0]LogPackageLocalizationCache: Processed 5 localized package path(s) for 2 prioritized culture(s) in 0.023649 seconds
[2017.08.19-09.47.04:300][  0]LogUObjectArray: 35825 objects as part of root set at end of initial load.
[2017.08.19-09.47.04:300][  0]LogUObjectAllocator: 7529112 out of 0 bytes used by permanent object pool.
[2017.08.19-09.47.04:300][  0]LogUObjectArray: CloseDisregardForGC: 0/0 objects in disregard for GC pool
[2017.08.19-09.47.04:328][  0]LogInit: WinSock: version 1.1 (2.2), MaxSocks=32767, MaxUdp=65467
[2017.08.19-09.47.05:938][  0]LogTcpMessaging: Initializing TcpMessaging bridge
[2017.08.19-09.47.05:961][  0]LogUdpMessaging: Initializing bridge on interface 0.0.0.0:0 to multicast group 230.0.0.1:6666.
[2017.08.19-09.47.06:345][  0]LogMaterial: Uniform references updated for custom material expression Custom.
[2017.08.19-09.47.06:567][  0]SourceControl: 소스 콘트롤이 꺼졌습니다.
[2017.08.19-09.47.06:567][  0]SourceControl: 소스 콘트롤이 꺼졌습니다.
[2017.08.19-09.47.06:589][  0]SourceControl: 소스 콘트롤이 꺼졌습니다.
[2017.08.19-09.47.06:611][  0]SourceControl: 소스 콘트롤이 꺼졌습니다.
[2017.08.19-09.47.06:895][  0]LogAndroidPermission: UAndroidPermissionCallbackProxy::GetInstance
[2017.08.19-09.47.07:015][  0]LogOcInput: OculusInput pre-init called
[2017.08.19-09.47.07:174][  0]LogEngine: Initializing Engine...
[2017.08.19-09.47.07:175][  0]LogHMD: Failed to initialize OpenVR with code 110
[2017.08.19-09.47.07:384][  0]LogStats: UGameplayTagsManager::ConstructGameplayTagTree: Construct from data asset -  0.000 s
[2017.08.19-09.47.07:384][  0]LogStats: UGameplayTagsManager::ConstructGameplayTagTree: GameplayTagTreeChangedEvent.Broadcast -  0.000 s
[2017.08.19-09.47.07:456][  0]LogAIModule: Creating AISystem for world Untitled
[2017.08.19-09.47.07:469][  0]LogInit: XAudio2 using '스피커1(7- High Definition Audio 장치)' : 2 channels at 44.1 kHz using 16 bits per sample (channel mask 0x3)
[2017.08.19-09.47.07:475][  0]LogInit: FAudioDevice initialized.
[2017.08.19-09.47.08:420][  0]LogDerivedDataCache: Saved boot cache 0.94s 93MB C:/Users/Administrator/AppData/Local/UnrealEngine/4.17/DerivedDataCache/Boot.ddc.
[2017.08.19-09.47.08:429][  0]LogInit: Texture streaming: Enabled
[2017.08.19-09.47.08:493][  0]LogEngineSessionManager: EngineSessionManager initialized
[2017.08.19-09.47.08:597][  0]LogInit: Transaction tracking system initialized
[2017.08.19-09.47.08:764][  0]BlueprintLog: New page: 에디터 로드
[2017.08.19-09.47.09:195][  0]LocalizationService: 현지화 서비스가 비활성화되었습니다.
[2017.08.19-09.47.09:534][  0]LogConsoleResponse: Display: 
[2017.08.19-09.47.09:680][  0]LogCook: Display: Max memory allowance for cook 16384mb min free memory 0mb
[2017.08.19-09.47.09:680][  0]LogCook: Display: Mobile HDR setting 1
[2017.08.19-09.47.09:680][  0]LogGameplayTags: Display: UGameplayTagsManager::DoneAddingNativeTags. DelegateIsBound: 0
[2017.08.19-09.47.10:210][  0]LogFileCache: Scanning file cache for directory 'C:/Users/Administrator/Desktop/RPG/Content/' took 0.02s
[2017.08.19-09.47.10:210][  0]SourceControl: 소스 콘트롤이 꺼졌습니다.
[2017.08.19-09.47.10:210][  0]Cmd: MAP LOAD FILE="C:/Users/Administrator/Desktop/RPG/Content/GrassLands/Maps/Main.umap" TEMPLATE=0 SHOWPROGRESS=1 FEATURELEVEL=3
[2017.08.19-09.47.10:211][  0]LightingResults: New page: 라이팅 빌드
[2017.08.19-09.47.10:231][  0]MapCheck: New page: 맵 체크
[2017.08.19-09.47.10:232][  0]LightingResults: New page: 라이팅 빌드
[2017.08.19-09.47.12:066][  0]LogTexture: Display: 텍스처 빌드: LQ_Lightmap_1_2 (DXT1, 1024X1024)
[2017.08.19-09.47.12:066][  0]LogTexture: Display: 텍스처 빌드: LQ_Lightmap_1_20 (DXT1, 1024X1024)
[2017.08.19-09.47.13:506][  0]LogTexture: Display: 텍스처 빌드: LQ_Lightmap_1_23 (DXT1, 1024X1024)
[2017.08.19-09.47.13:506][  0]LogTexture: Display: 텍스처 빌드: LQ_Lightmap_1_29 (DXT1, 512X512)
[2017.08.19-09.47.13:506][  0]LogTexture: Display: 텍스처 빌드: LQ_Lightmap_1_3 (DXT1, 1024X1024)
[2017.08.19-09.47.14:717][  0]LogTexture: Display: 텍스처 빌드: LQ_Lightmap_1_5 (DXT1, 1024X1024)
[2017.08.19-09.47.14:717][  0]LogTexture: Display: 텍스처 빌드: LQ_Lightmap_1_50 (DXT1, 128X128)
[2017.08.19-09.47.14:717][  0]LogTexture: Display: 텍스처 빌드: LQ_Lightmap_1_51 (DXT1, 128X128)
[2017.08.19-09.47.14:717][  0]LogTexture: Display: 텍스처 빌드: LQ_Lightmap_1_52 (DXT1, 128X128)
[2017.08.19-09.47.14:717][  0]LogTexture: Display: 텍스처 빌드: LQ_Lightmap_1_53 (DXT1, 128X128)
[2017.08.19-09.47.14:717][  0]LogTexture: Display: 텍스처 빌드: LQ_Lightmap_1_54 (DXT1, 128X128)
[2017.08.19-09.47.14:717][  0]LogTexture: Display: 텍스처 빌드: LQ_Lightmap_1_55 (DXT1, 128X128)
[2017.08.19-09.47.14:717][  0]LogTexture: Display: 텍스처 빌드: LQ_Lightmap_1_56 (DXT1, 128X128)
[2017.08.19-09.47.14:717][  0]LogTexture: Display: 텍스처 빌드: LQ_Lightmap_1_57 (DXT1, 128X128)
[2017.08.19-09.47.14:717][  0]LogTexture: Display: 텍스처 빌드: LQ_Lightmap_1_58 (DXT1, 128X128)
[2017.08.19-09.47.14:717][  0]LogTexture: Display: 텍스처 빌드: LQ_Lightmap_1_59 (DXT1, 128X128)
[2017.08.19-09.47.14:717][  0]LogTexture: Display: 텍스처 빌드: LQ_Lightmap_1_6 (DXT1, 128X128)
[2017.08.19-09.47.14:717][  0]LogTexture: Display: 텍스처 빌드: LQ_Lightmap_1_60 (DXT1, 128X128)
[2017.08.19-09.47.14:717][  0]LogTexture: Display: 텍스처 빌드: LQ_Lightmap_1_61 (DXT1, 128X128)
[2017.08.19-09.47.14:717][  0]LogTexture: Display: 텍스처 빌드: LQ_Lightmap_1_62 (DXT1, 128X128)
[2017.08.19-09.47.14:717][  0]LogTexture: Display: 텍스처 빌드: LQ_Lightmap_1_63 (DXT1, 128X128)
[2017.08.19-09.47.14:717][  0]LogTexture: Display: 텍스처 빌드: LQ_Lightmap_1_64 (DXT1, 128X128)
[2017.08.19-09.47.14:717][  0]LogTexture: Display: 텍스처 빌드: LQ_Lightmap_1_65 (DXT1, 128X128)
[2017.08.19-09.47.14:717][  0]LogTexture: Display: 텍스처 빌드: LQ_Lightmap_1_66 (DXT1, 128X128)
[2017.08.19-09.47.14:717][  0]LogTexture: Display: 텍스처 빌드: LQ_Lightmap_1_67 (DXT1, 128X128)
[2017.08.19-09.47.14:717][  0]LogTexture: Display: 텍스처 빌드: LQ_Lightmap_1_68 (DXT1, 128X128)
[2017.08.19-09.47.14:717][  0]LogTexture: Display: 텍스처 빌드: LQ_Lightmap_1_69 (DXT1, 128X128)
[2017.08.19-09.47.14:717][  0]LogTexture: Display: 텍스처 빌드: LQ_Lightmap_1_7 (DXT1, 1024X1024)
[2017.08.19-09.47.15:753][  0]LogTexture: Display: 텍스처 빌드: LQ_Lightmap_1_76 (DXT1, 1024X1024)
[2017.08.19-09.47.15:753][  0]LogTexture: Display: 텍스처 빌드: LQ_Lightmap_1_77 (DXT1, 128X128)
[2017.08.19-09.47.15:753][  0]LogTexture: Display: 텍스처 빌드: LQ_Lightmap_1_78 (DXT1, 1024X1024)
[2017.08.19-09.47.15:753][  0]LogTexture: Display: 텍스처 빌드: LQ_Lightmap_1_80 (DXT1, 128X128)
[2017.08.19-09.47.15:753][  0]LogTexture: Display: 텍스처 빌드: LQ_Lightmap_1_81 (DXT1, 128X128)
[2017.08.19-09.47.15:753][  0]LogTexture: Display: 텍스처 빌드: LQ_Lightmap_1_82 (DXT1, 128X128)
[2017.08.19-09.47.15:753][  0]LogTexture: Display: 텍스처 빌드: LQ_Lightmap_1_83 (DXT1, 128X128)
[2017.08.19-09.47.15:753][  0]LogTexture: Display: 텍스처 빌드: LQ_Lightmap_1_84 (DXT1, 128X128)
[2017.08.19-09.47.15:753][  0]LogTexture: Display: 텍스처 빌드: LQ_Lightmap_1_85 (DXT1, 128X128)
[2017.08.19-09.47.15:753][  0]LogTexture: Display: 텍스처 빌드: LQ_Lightmap_1_86 (DXT1, 64X64)
[2017.08.19-09.47.15:753][  0]LogTexture: Display: 텍스처 빌드: LQ_Lightmap_1_9 (DXT1, 1024X1024)
[2017.08.19-09.47.17:128][  0]LogTexture: Display: 텍스처 빌드: SkyOcclusion1_1 (AutoDXT, 1024X512)
[2017.08.19-09.47.17:128][  0]LogTexture: Display: 텍스처 빌드: SkyOcclusion1_10 (AutoDXT, 512X256)
[2017.08.19-09.47.17:128][  0]LogTexture: Display: 텍스처 빌드: SkyOcclusion1_11 (AutoDXT, 256X128)
[2017.08.19-09.47.17:128][  0]LogTexture: Display: 텍스처 빌드: SkyOcclusion1_12 (AutoDXT, 1024X512)
[2017.08.19-09.47.17:128][  0]LogTexture: Display: 텍스처 빌드: SkyOcclusion1_13 (AutoDXT, 256X128)
[2017.08.19-09.47.17:128][  0]LogTexture: Display: 텍스처 빌드: SkyOcclusion1_14 (AutoDXT, 128X64)
[2017.08.19-09.47.17:128][  0]LogTexture: Display: 텍스처 빌드: SkyOcclusion1_15 (AutoDXT, 256X128)
[2017.08.19-09.47.17:128][  0]LogTexture: Display: 텍스처 빌드: SkyOcclusion1_16 (AutoDXT, 128X64)
[2017.08.19-09.47.17:128][  0]LogTexture: Display: 텍스처 빌드: SkyOcclusion1_17 (AutoDXT, 128X64)
[2017.08.19-09.47.17:128][  0]LogTexture: Display: 텍스처 빌드: SkyOcclusion1_18 (AutoDXT, 128X64)
[2017.08.19-09.47.17:128][  0]LogTexture: Display: 텍스처 빌드: SkyOcclusion1_19 (AutoDXT, 128X64)
[2017.08.19-09.47.17:128][  0]LogTexture: Display: 텍스처 빌드: SkyOcclusion1_2 (AutoDXT, 1024X512)
[2017.08.19-09.47.18:637][  0]LogTexture: Display: 텍스처 빌드: SkyOcclusion1_20 (AutoDXT, 1024X512)
[2017.08.19-09.47.18:637][  0]LogTexture: Display: 텍스처 빌드: SkyOcclusion1_21 (AutoDXT, 256X128)
[2017.08.19-09.47.18:637][  0]LogTexture: Display: 텍스처 빌드: SkyOcclusion1_22 (AutoDXT, 1024X512)
[2017.08.19-09.47.18:637][  0]LogTexture: Display: 텍스처 빌드: SkyOcclusion1_23 (AutoDXT, 1024X512)
[2017.08.19-09.47.18:637][  0]LogTexture: Display: 텍스처 빌드: SkyOcclusion1_29 (AutoDXT, 512X256)
[2017.08.19-09.47.18:637][  0]LogTexture: Display: 텍스처 빌드: SkyOcclusion1_3 (AutoDXT, 1024X512)
[2017.08.19-09.47.18:637][  0]LogTexture: Display: 텍스처 빌드: SkyOcclusion1_38 (AutoDXT, 128X64)
[2017.08.19-09.47.18:637][  0]LogTexture: Display: 텍스처 빌드: SkyOcclusion1_39 (AutoDXT, 128X64)
[2017.08.19-09.47.18:637][  0]LogTexture: Display: 텍스처 빌드: SkyOcclusion1_4 (AutoDXT, 256X128)
[2017.08.19-09.47.18:637][  0]LogTexture: Display: 텍스처 빌드: SkyOcclusion1_40 (AutoDXT, 128X64)
[2017.08.19-09.47.18:637][  0]LogTexture: Display: 텍스처 빌드: SkyOcclusion1_41 (AutoDXT, 128X64)
[2017.08.19-09.47.18:637][  0]LogTexture: Display: 텍스처 빌드: SkyOcclusion1_42 (AutoDXT, 128X64)
[2017.08.19-09.47.18:637][  0]LogTexture: Display: 텍스처 빌드: SkyOcclusion1_43 (AutoDXT, 128X64)
[2017.08.19-09.47.18:637][  0]LogTexture: Display: 텍스처 빌드: SkyOcclusion1_44 (AutoDXT, 128X64)
[2017.08.19-09.47.18:637][  0]LogTexture: Display: 텍스처 빌드: SkyOcclusion1_45 (AutoDXT, 128X64)
[2017.08.19-09.47.18:637][  0]LogTexture: Display: 텍스처 빌드: SkyOcclusion1_46 (AutoDXT, 128X64)
[2017.08.19-09.47.18:637][  0]LogTexture: Display: 텍스처 빌드: SkyOcclusion1_47 (AutoDXT, 128X64)
[2017.08.19-09.47.18:637][  0]LogTexture: Display: 텍스처 빌드: SkyOcclusion1_48 (AutoDXT, 256X128)
[2017.08.19-09.47.18:637][  0]LogTexture: Display: 텍스처 빌드: SkyOcclusion1_49 (AutoDXT, 128X64)
[2017.08.19-09.47.18:637][  0]LogTexture: Display: 텍스처 빌드: SkyOcclusion1_5 (AutoDXT, 1024X512)
[2017.08.19-09.47.20:018][  0]LogTexture: Display: 텍스처 빌드: SkyOcclusion1_56 (AutoDXT, 128X64)
[2017.08.19-09.47.20:018][  0]LogTexture: Display: 텍스처 빌드: SkyOcclusion1_57 (AutoDXT, 128X64)
[2017.08.19-09.47.20:018][  0]LogTexture: Display: 텍스처 빌드: SkyOcclusion1_58 (AutoDXT, 128X64)
[2017.08.19-09.47.20:018][  0]LogTexture: Display: 텍스처 빌드: SkyOcclusion1_6 (AutoDXT, 128X64)
[2017.08.19-09.47.20:018][  0]LogTexture: Display: 텍스처 빌드: SkyOcclusion1_60 (AutoDXT, 128X64)
[2017.08.19-09.47.20:018][  0]LogTexture: Display: 텍스처 빌드: SkyOcclusion1_61 (AutoDXT, 128X64)
[2017.08.19-09.47.20:018][  0]LogTexture: Display: 텍스처 빌드: SkyOcclusion1_62 (AutoDXT, 128X64)
[2017.08.19-09.47.20:018][  0]LogTexture: Display: 텍스처 빌드: SkyOcclusion1_63 (AutoDXT, 128X64)
[2017.08.19-09.47.20:018][  0]LogTexture: Display: 텍스처 빌드: SkyOcclusion1_64 (AutoDXT, 128X64)
[2017.08.19-09.47.20:018][  0]LogTexture: Display: 텍스처 빌드: SkyOcclusion1_65 (AutoDXT, 128X64)
[2017.08.19-09.47.20:018][  0]LogTexture: Display: 텍스처 빌드: SkyOcclusion1_66 (AutoDXT, 128X64)
[2017.08.19-09.47.20:018][  0]LogTexture: Display: 텍스처 빌드: SkyOcclusion1_67 (AutoDXT, 128X64)
[2017.08.19-09.47.20:018][  0]LogTexture: Display: 텍스처 빌드: SkyOcclusion1_68 (AutoDXT, 128X64)
[2017.08.19-09.47.20:018][  0]LogTexture: Display: 텍스처 빌드: SkyOcclusion1_69 (AutoDXT, 128X64)
[2017.08.19-09.47.20:018][  0]LogTexture: Display: 텍스처 빌드: SkyOcclusion1_7 (AutoDXT, 1024X512)
[2017.08.19-09.47.20:018][  0]LogTexture: Display: 텍스처 빌드: SkyOcclusion1_70 (AutoDXT, 128X64)
[2017.08.19-09.47.20:018][  0]LogTexture: Display: 텍스처 빌드: SkyOcclusion1_71 (AutoDXT, 128X64)
[2017.08.19-09.47.20:018][  0]LogTexture: Display: 텍스처 빌드: SkyOcclusion1_72 (AutoDXT, 128X64)
[2017.08.19-09.47.20:018][  0]LogTexture: Display: 텍스처 빌드: SkyOcclusion1_73 (AutoDXT, 128X64)
[2017.08.19-09.47.20:018][  0]LogTexture: Display: 텍스처 빌드: SkyOcclusion1_74 (AutoDXT, 128X64)
[2017.08.19-09.47.20:018][  0]LogTexture: Display: 텍스처 빌드: SkyOcclusion1_75 (AutoDXT, 128X64)
[2017.08.19-09.47.20:018][  0]LogTexture: Display: 텍스처 빌드: SkyOcclusion1_76 (AutoDXT, 1024X512)
[2017.08.19-09.47.20:018][  0]LogTexture: Display: 텍스처 빌드: SkyOcclusion1_77 (AutoDXT, 128X64)
[2017.08.19-09.47.20:018][  0]LogTexture: Display: 텍스처 빌드: SkyOcclusion1_78 (AutoDXT, 1024X512)
[2017.08.19-09.47.20:018][  0]LogTexture: Display: 텍스처 빌드: SkyOcclusion1_79 (AutoDXT, 256X128)
[2017.08.19-09.47.20:018][  0]LogTexture: Display: 텍스처 빌드: SkyOcclusion1_8 (AutoDXT, 128X64)
[2017.08.19-09.47.20:018][  0]LogTexture: Display: 텍스처 빌드: SkyOcclusion1_80 (AutoDXT, 128X64)
[2017.08.19-09.47.20:018][  0]LogTexture: Display: 텍스처 빌드: SkyOcclusion1_81 (AutoDXT, 128X64)
[2017.08.19-09.47.20:018][  0]LogTexture: Display: 텍스처 빌드: SkyOcclusion1_82 (AutoDXT, 128X64)
[2017.08.19-09.47.20:018][  0]LogTexture: Display: 텍스처 빌드: SkyOcclusion1_83 (AutoDXT, 128X64)
[2017.08.19-09.47.20:018][  0]LogTexture: Display: 텍스처 빌드: SkyOcclusion1_84 (AutoDXT, 128X64)
[2017.08.19-09.47.20:018][  0]LogTexture: Display: 텍스처 빌드: SkyOcclusion1_85 (AutoDXT, 128X64)
[2017.08.19-09.47.20:018][  0]LogTexture: Display: 텍스처 빌드: SkyOcclusion1_86 (AutoDXT, 64X32)
[2017.08.19-09.47.20:018][  0]LogTexture: Display: 텍스처 빌드: SkyOcclusion1_9 (AutoDXT, 1024X512)
[2017.08.19-09.47.21:611][  0]LogAIModule: Creating AISystem for world Main
[2017.08.19-09.47.21:656][  0]LogPhysics: Warning: Initialising Body : Scale3D is (nearly) zero: Component: '/Game/GrassLands/Maps/Main.Main:PersistentLevel.Grunt_6.CollisionCylinder' 
[2017.08.19-09.47.21:679][  0]LogEditorServer: Finished looking for orphan Actors (0.000 secs)
[2017.08.19-09.47.21:714][  0]Cmd: MAP CHECKDEP NOCLEARLOG
[2017.08.19-09.47.21:773][  0]MapCheck: 맵 체크 완료: 오류 0 회, 경고 0 회, 소요 시간 59.708ms.
[2017.08.19-09.47.21:774][  0]LogFileHelpers: Loading map 'Main' took 11.563
[2017.08.19-09.47.21:988][  0]LogCollectionManager: Loaded 0 collections in 0.001477 seconds
[2017.08.19-09.47.22:059][  0]LogFileCache: Scanning file cache for directory 'C:/Users/Administrator/Desktop/RPG/Saved/Collections/' took 0.01s
[2017.08.19-09.47.22:059][  0]LogFileCache: Scanning file cache for directory 'C:/Users/Administrator/Desktop/RPG/Content/Developers/Administrator/Collections/' took 0.01s
[2017.08.19-09.47.22:059][  0]LogFileCache: Scanning file cache for directory 'C:/Users/Administrator/Desktop/RPG/Content/Collections/' took 0.01s
[2017.08.19-09.47.22:059][  0]LogCollectionManager: Rebuilt the GUID cache for 0 collections in 0.000001 seconds
[2017.08.19-09.47.22:071][  0]LogContentBrowser: Native class hierarchy populated in 0.0114 seconds. Added 2386 classes and 500 folders.
[2017.08.19-09.47.22:122][  0]LogContentBrowser: Native class hierarchy updated for 'WidgetCarousel' in 0.0006 seconds. Added 0 classes and 0 folders.
[2017.08.19-09.47.22:449][  0]LogContentBrowser: Native class hierarchy updated for 'AddContentDialog' in 0.0005 seconds. Added 0 classes and 0 folders.
[2017.08.19-09.47.22:484][  0]LogContentBrowser: Native class hierarchy updated for 'SceneOutliner' in 0.0006 seconds. Added 1 classes and 2 folders.
[2017.08.19-09.47.22:591][  0]LogContentBrowser: Native class hierarchy updated for 'HierarchicalLODOutliner' in 0.0005 seconds. Added 1 classes and 2 folders.
[2017.08.19-09.47.22:592][  0]LogLoad: (Engine Initialization) Total time: 22.70 seconds
[2017.08.19-09.47.22:592][  0]LogLoad: (Engine Initialization) Total Blueprint compile time: 0.00 seconds
[2017.08.19-09.47.22:592][  0]LogExternalProfiler: No external profilers were discovered.  External profiling features will not be available.
[2017.08.19-09.47.22:962][  0]LogContentStreaming: Texture pool size now 1000 MB
[2017.08.19-09.47.22:963][  0]LogSlate: Took 0.000130 seconds to synchronously load lazily loaded font '../../../Engine/Content/Slate/Fonts/Roboto-Regular.ttf' (155K)
[2017.08.19-09.47.22:967][  0]LogSlate: Took 0.003583 seconds to synchronously load lazily loaded font '../../../Engine/Content/Slate/Fonts/NanumGothic.ttf' (4243K)
[2017.08.19-09.47.22:968][  0]LogSlate: Took 0.000123 seconds to synchronously load lazily loaded font '../../../Engine/Content/Slate/Fonts/Roboto-Bold.ttf' (160K)
[2017.08.19-09.47.22:971][  0]LogSlate: Took 0.000131 seconds to synchronously load lazily loaded font '../../../Engine/Content/Editor/Slate/Fonts/FontAwesome.ttf' (139K)
[2017.08.19-09.47.23:209][  0]LogSlate: Took 0.000132 seconds to synchronously load lazily loaded font '../../../Engine/Content/Slate/Fonts/Roboto-Light.ttf' (159K)
[2017.08.19-09.47.23:273][  1]LogRenderer: Reallocating scene render targets to support 964x428 Format 10 NumSamples 1 (Frame:1).
[2017.08.19-09.47.23:280][  1]LogFileCache: Retrieving MD5 hashes for directory 'C:/Users/Administrator/Desktop/RPG/Content/' took 0.34s
[2017.08.19-09.47.23:617][  2]LogAssetRegistry: Asset discovery search completed in 20.1937 seconds
[2017.08.19-09.47.23:619][  2]LogCollectionManager: Rebuilt the object cache for 0 collections in 0.000000 seconds (found 0 objects)
[2017.08.19-09.47.23:619][  2]LogCollectionManager: Fixed up redirectors for 0 collections in 0.000049 seconds (updated 0 objects)
[2017.08.19-09.47.23:963][  3]LogSlate: Took 0.000149 seconds to synchronously load lazily loaded font '../../../Engine/Content/Slate/Fonts/Roboto-Light.ttf' (159K)
[2017.08.19-09.48.51:823][368]Cmd: QUIT_EDITOR
[2017.08.19-09.48.51:860][368]LogExit: Preparing to exit.
[2017.08.19-09.48.52:163][368]LogExit: Editor shut down
[2017.08.19-09.48.52:167][368]LogExit: Transaction tracking system shut down
[2017.08.19-09.48.52:333][368]LogDirectoryWatcher: A directory notification for '../../../Engine/Content/' was aborted.
[2017.08.19-09.48.52:333][368]LogDirectoryWatcher: A directory notification for 'C:/Users/Administrator/Desktop/RPG/Content/' was aborted.
[2017.08.19-09.48.52:333][368]LogDirectoryWatcher: A directory notification for '../../../Engine/Plugins/2D/Paper2D/Content/' was aborted.
[2017.08.19-09.48.52:333][368]LogDirectoryWatcher: A directory notification for '../../../Engine/Plugins/Runtime/Oculus/OculusVR/Content/' was aborted.
[2017.08.19-09.48.52:333][368]LogDirectoryWatcher: A directory notification for '../../../Engine/Plugins/Runtime/Steam/SteamVR/Content/' was aborted.
[2017.08.19-09.48.52:416][368]LogExit: Object subsystem successfully closed.
[2017.08.19-09.48.52:439][368]LogD3D11RHI: Shutdown
[2017.08.19-09.48.52:439][368]LogD3D11RHI: CleanupD3DDevice
[2017.08.19-09.48.52:520][368]LogD3D11RHI: ~FD3D11DynamicRHI
[2017.08.19-09.48.52:556][368]LogModuleManager: Shutting down and abandoning module HierarchicalLODOutliner (530)
[2017.08.19-09.48.52:556][368]LogModuleManager: Shutting down and abandoning module SceneOutliner (528)
[2017.08.19-09.48.52:557][368]LogModuleManager: Shutting down and abandoning module AddContentDialog (526)
[2017.08.19-09.48.52:557][368]LogDirectoryWatcher: A directory notification for 'D:/UE_4.17/FeaturePacks/' was aborted.
[2017.08.19-09.48.52:558][368]LogModuleManager: Shutting down and abandoning module WidgetCarousel (525)
[2017.08.19-09.48.52:558][368]LogModuleManager: Shutting down and abandoning module EditorWidgets (522)
[2017.08.19-09.48.52:558][368]LogModuleManager: Shutting down and abandoning module CollectionManager (520)
[2017.08.19-09.48.52:558][368]LogDirectoryWatcher: A directory notification for 'C:/Users/Administrator/Desktop/RPG/Content/Collections/' was aborted.
[2017.08.19-09.48.52:558][368]LogDirectoryWatcher: A directory notification for 'C:/Users/Administrator/Desktop/RPG/Content/Developers/Administrator/Collections/' was aborted.
[2017.08.19-09.48.52:558][368]LogDirectoryWatcher: A directory notification for 'C:/Users/Administrator/Desktop/RPG/Saved/Collections/' was aborted.
[2017.08.19-09.48.52:558][368]LogModuleManager: Shutting down and abandoning module StatsViewer (518)
[2017.08.19-09.48.52:559][368]LogModuleManager: Shutting down and abandoning module FoliageEdit (516)
[2017.08.19-09.48.52:559][368]LogModuleManager: Shutting down and abandoning module LandscapeEditor (514)
[2017.08.19-09.48.52:560][368]LogModuleManager: Shutting down and abandoning module MeshPaintMode (512)
[2017.08.19-09.48.52:560][368]LogModuleManager: Shutting down and abandoning module SceneDepthPickerMode (510)
[2017.08.19-09.48.52:560][368]LogModuleManager: Shutting down and abandoning module ActorPickerMode (508)
[2017.08.19-09.48.52:560][368]LogModuleManager: Shutting down and abandoning module GeometryMode (506)
[2017.08.19-09.48.52:560][368]LogModuleManager: Shutting down and abandoning module TextureAlignMode (504)
[2017.08.19-09.48.52:560][368]LogModuleManager: Shutting down and abandoning module BspMode (502)
[2017.08.19-09.48.52:560][368]LogModuleManager: Shutting down and abandoning module PIEPreviewDeviceProfileSelector (500)
[2017.08.19-09.48.52:560][368]LogModuleManager: Shutting down and abandoning module HardwareSurvey (498)
[2017.08.19-09.48.52:560][368]LogModuleManager: Shutting down and abandoning module SequenceRecorderSections (496)
[2017.08.19-09.48.52:560][368]LogModuleManager: Shutting down and abandoning module AutomationWorker (494)
[2017.08.19-09.48.52:560][368]LogModuleManager: Shutting down and abandoning module MatineeToLevelSequence (492)
[2017.08.19-09.48.52:560][368]LogModuleManager: Shutting down and abandoning module LevelSequenceEditor (490)
[2017.08.19-09.48.52:561][368]LogModuleManager: Shutting down and abandoning module PlacementMode (489)
[2017.08.19-09.48.52:561][368]LogModuleManager: Shutting down and abandoning module WmfMediaFactory (486)
[2017.08.19-09.48.52:561][368]LogModuleManager: Shutting down and abandoning module WmfMediaEditor (484)
[2017.08.19-09.48.52:561][368]LogModuleManager: Shutting down and abandoning module AvfMediaFactory (482)
[2017.08.19-09.48.52:561][368]LogModuleManager: Shutting down and abandoning module AvfMediaEditor (480)
[2017.08.19-09.48.52:561][368]LogModuleManager: Shutting down and abandoning module AndroidMediaFactory (478)
[2017.08.19-09.48.52:561][368]LogModuleManager: Shutting down and abandoning module Media (477)
[2017.08.19-09.48.52:561][368]LogModuleManager: Shutting down and abandoning module AndroidMediaEditor (474)
[2017.08.19-09.48.52:561][368]LogModuleManager: Shutting down and abandoning module CharacterAI (472)
[2017.08.19-09.48.52:561][368]LogModuleManager: Shutting down and abandoning module AudioCapture (470)
[2017.08.19-09.48.52:561][368]LogModuleManager: Shutting down and abandoning module SequenceRecorder (469)
[2017.08.19-09.48.52:561][368]LogModuleManager: Shutting down and abandoning module SmartSnapping (466)
[2017.08.19-09.48.52:561][368]LogModuleManager: Shutting down and abandoning module SessionServices (464)
[2017.08.19-09.48.52:561][368]LogModuleManager: Shutting down and abandoning module ViewportSnapping (462)
[2017.08.19-09.48.52:561][368]LogModuleManager: Shutting down and abandoning module ViewportInteraction (460)
[2017.08.19-09.48.52:561][368]LogModuleManager: Shutting down and abandoning module ClothPainter (458)
[2017.08.19-09.48.52:562][368]LogModuleManager: Shutting down and abandoning module LogVisualizer (456)
[2017.08.19-09.48.52:562][368]LogModuleManager: Shutting down and abandoning module IntroTutorials (454)
[2017.08.19-09.48.52:564][368]LogModuleManager: Shutting down and abandoning module GameProjectGeneration (453)
[2017.08.19-09.48.52:566][368]LogModuleManager: Shutting down and abandoning module IOSPlatformEditor (450)
[2017.08.19-09.48.52:566][368]LogModuleManager: Shutting down and abandoning module HTML5PlatformEditor (448)
[2017.08.19-09.48.52:566][368]LogModuleManager: Shutting down and abandoning module AndroidPlatformEditor (446)
[2017.08.19-09.48.52:566][368]LogModuleManager: Shutting down and abandoning module AndroidDeviceDetection (445)
[2017.08.19-09.48.52:594][368]LogModuleManager: Shutting down and abandoning module WindowsPlatformEditor (442)
[2017.08.19-09.48.52:594][368]LogModuleManager: Shutting down and abandoning module IOSRuntimeSettings (440)
[2017.08.19-09.48.52:594][368]LogModuleManager: Shutting down and abandoning module AndroidRuntimeSettings (438)
[2017.08.19-09.48.52:594][368]LogModuleManager: Shutting down and abandoning module InputBindingEditor (436)
[2017.08.19-09.48.52:594][368]LogModuleManager: Shutting down and abandoning module MergeActors (434)
[2017.08.19-09.48.52:596][368]LogModuleManager: Shutting down and abandoning module SizeMap (432)
[2017.08.19-09.48.52:596][368]LogModuleManager: Shutting down and abandoning module TreeMap (430)
[2017.08.19-09.48.52:596][368]LogModuleManager: Shutting down and abandoning module ReferenceViewer (428)
[2017.08.19-09.48.52:596][368]LogModuleManager: Shutting down and abandoning module LocalizationDashboard (426)
[2017.08.19-09.48.52:597][368]LogModuleManager: Shutting down and abandoning module LocalizationService (425)
[2017.08.19-09.48.52:597][368]LogModuleManager: Shutting down and abandoning module HardwareTargeting (422)
[2017.08.19-09.48.52:597][368]LogModuleManager: Shutting down and abandoning module DeviceProfileEditor (420)
[2017.08.19-09.48.52:597][368]LogModuleManager: Shutting down and abandoning module UndoHistory (418)
[2017.08.19-09.48.52:597][368]LogModuleManager: Shutting down and abandoning module XmlParser (416)
[2017.08.19-09.48.52:597][368]LogModuleManager: Shutting down and abandoning module Blutility (414)
[2017.08.19-09.48.52:597][368]LogModuleManager: Shutting down and abandoning module ProjectSettingsViewer (412)
[2017.08.19-09.48.52:597][368]LogModuleManager: Shutting down and abandoning module ProjectTargetPlatformEditor (411)
[2017.08.19-09.48.52:597][368]LogModuleManager: Shutting down and abandoning module EditorSettingsViewer (408)
[2017.08.19-09.48.52:597][368]LogModuleManager: Shutting down and abandoning module SettingsEditor (406)
[2017.08.19-09.48.52:599][368]LogModuleManager: Shutting down and abandoning module ProjectLauncher (404)
[2017.08.19-09.48.52:599][368]LogModuleManager: Shutting down and abandoning module SessionFrontend (402)
[2017.08.19-09.48.52:599][368]LogModuleManager: Shutting down and abandoning module ProfilerClient (400)
[2017.08.19-09.48.52:600][368]LogModuleManager: Shutting down and abandoning module DeviceManager (398)
[2017.08.19-09.48.52:600][368]LogModuleManager: Shutting down and abandoning module TargetDeviceServices (397)
[2017.08.19-09.48.52:640][368]LogModuleManager: Shutting down and abandoning module AutomationController (394)
[2017.08.19-09.48.52:640][368]LogModuleManager: Shutting down and abandoning module AutomationWindow (392)
[2017.08.19-09.48.52:642][368]LogModuleManager: Shutting down and abandoning module Layers (390)
[2017.08.19-09.48.52:645][368]LogModuleManager: Shutting down and abandoning module ComponentVisualizers (388)
[2017.08.19-09.48.52:645][368]LogModuleManager: Shutting down and abandoning module DetailCustomizations (386)
[2017.08.19-09.48.52:646][368]LogModuleManager: Shutting down and abandoning module PackagesDialog (384)
[2017.08.19-09.48.52:646][368]LogModuleManager: Shutting down and abandoning module Persona (382)
[2017.08.19-09.48.52:648][368]LogModuleManager: Shutting down and abandoning module AdvancedPreviewScene (381)
[2017.08.19-09.48.52:648][368]LogModuleManager: Shutting down and abandoning module AnimGraph (379)
[2017.08.19-09.48.52:648][368]LogModuleManager: Shutting down and abandoning module Kismet (376)
[2017.08.19-09.48.52:650][368]LogModuleManager: Shutting down and abandoning module ClassViewer (374)
[2017.08.19-09.48.52:650][368]LogModuleManager: Shutting down and abandoning module Toolbox (372)
[2017.08.19-09.48.52:650][368]LogModuleManager: Shutting down and abandoning module ModuleUI (370)
[2017.08.19-09.48.52:651][368]LogModuleManager: Shutting down and abandoning module MovieSceneTools (368)
[2017.08.19-09.48.52:652][368]LogModuleManager: Shutting down and abandoning module OutputLog (366)
[2017.08.19-09.48.52:652][368]LogModuleManager: Shutting down and abandoning module GammaUI (364)
[2017.08.19-09.48.52:652][368]LogModuleManager: Shutting down and abandoning module Documentation (362)
[2017.08.19-09.48.52:652][368]LogModuleManager: Shutting down and abandoning module MovieSceneTracks (360)
[2017.08.19-09.48.52:653][368]LogModuleManager: Shutting down and abandoning module MovieScene (358)
[2017.08.19-09.48.52:653][368]LogModuleManager: Shutting down and abandoning module Niagara (356)
[2017.08.19-09.48.52:653][368]LogModuleManager: Shutting down and abandoning module NiagaraEditor (355)
[2017.08.19-09.48.52:654][368]LogModuleManager: Shutting down and abandoning module StreamingPauseRendering (352)
[2017.08.19-09.48.52:655][368]LogModuleManager: Shutting down and abandoning module LauncherPlatform (350)
[2017.08.19-09.48.52:655][368]LogModuleManager: Shutting down and abandoning module AnalyticsET (348)
[2017.08.19-09.48.52:655][368]LogModuleManager: Shutting down and abandoning module PortalServices (346)
[2017.08.19-09.48.52:655][368]LogModuleManager: Shutting down and abandoning module PortalRpc (344)
[2017.08.19-09.48.52:655][368]LogModuleManager: Shutting down and abandoning module MessagingRpc (342)
[2017.08.19-09.48.52:655][368]LogModuleManager: Shutting down and abandoning module AIModule (340)
[2017.08.19-09.48.52:655][368]LogModuleManager: Shutting down and abandoning module GameplayDebugger (339)
[2017.08.19-09.48.52:655][368]LogModuleManager: Shutting down and abandoning module AITestSuite (337)
[2017.08.19-09.48.52:655][368]LogModuleManager: Shutting down and abandoning module ProfilerService (334)
[2017.08.19-09.48.52:661][368]LogModuleManager: Shutting down and abandoning module TaskGraph (332)
[2017.08.19-09.48.52:662][368]LogModuleManager: Shutting down and abandoning module SteamVRController (330)
[2017.08.19-09.48.52:662][368]LogModuleManager: Shutting down and abandoning module ProceduralMeshComponentEditor (328)
[2017.08.19-09.48.52:662][368]LogModuleManager: Shutting down and abandoning module ProceduralMeshComponent (326)
[2017.08.19-09.48.52:662][368]LogModuleManager: Shutting down and abandoning module OculusInput (324)
[2017.08.19-09.48.52:662][368]LogModuleManager: Shutting down and abandoning module MobilePatchingUtils (322)
[2017.08.19-09.48.52:662][368]LogModuleManager: Shutting down and abandoning module CustomMeshComponent (320)
[2017.08.19-09.48.52:662][368]LogModuleManager: Shutting down and abandoning module CableComponent (318)
[2017.08.19-09.48.52:662][368]LogModuleManager: Shutting down and abandoning module ArchVisCharacter (316)
[2017.08.19-09.48.52:662][368]LogModuleManager: Shutting down and abandoning module AndroidPermission (314)
[2017.08.19-09.48.52:662][368]LogModuleManager: Shutting down and abandoning module MediaPlayerEditor (310)
[2017.08.19-09.48.52:664][368]LogModuleManager: Shutting down and abandoning module HTML5Networking (308)
[2017.08.19-09.48.52:664][368]LogModuleManager: Shutting down and abandoning module AlembicImporter (306)
[2017.08.19-09.48.52:665][368]LogModuleManager: Shutting down and abandoning module AlembicLibrary (305)
[2017.08.19-09.48.52:665][368]LogModuleManager: Shutting down and abandoning module GeometryCache (304)
[2017.08.19-09.48.52:665][368]LogModuleManager: Shutting down and abandoning module GeometryCacheEd (303)
[2017.08.19-09.48.52:665][368]LogModuleManager: Shutting down and abandoning module SpeedTreeImporter (298)
[2017.08.19-09.48.52:665][368]LogModuleManager: Shutting down and abandoning module PluginBrowser (296)
[2017.08.19-09.48.52:665][368]LogModuleManager: Shutting down and abandoning module MobileLauncherProfileWizard (294)
[2017.08.19-09.48.52:666][368]LogModuleManager: Shutting down and abandoning module VisualStudioSourceCodeAccess (292)
[2017.08.19-09.48.52:666][368]LogModuleManager: Shutting down and abandoning module DesktopPlatform (291)
[2017.08.19-09.48.52:666][368]LogModuleManager: Shutting down and abandoning module UObjectPlugin (288)
[2017.08.19-09.48.52:666][368]LogModuleManager: Shutting down and abandoning module SubversionSourceControl (286)
[2017.08.19-09.48.52:666][368]LogModuleManager: Shutting down and abandoning module PerforceSourceControl (284)
[2017.08.19-09.48.52:666][368]LogModuleManager: Shutting down and abandoning module GitSourceControl (282)
[2017.08.19-09.48.52:666][368]LogModuleManager: Shutting down and abandoning module SourceControl (281)
[2017.08.19-09.48.52:666][368]LogModuleManager: Shutting down and abandoning module LightPropagationVolumeEditor (278)
[2017.08.19-09.48.52:666][368]LogModuleManager: Shutting down and abandoning module PaperTiledImporter (276)
[2017.08.19-09.48.52:666][368]LogModuleManager: Shutting down and abandoning module PaperSpriteSheetImporter (274)
[2017.08.19-09.48.52:666][368]LogModuleManager: Shutting down and abandoning module Paper2DEditor (272)
[2017.08.19-09.48.52:666][368]LogModuleManager: Shutting down and abandoning module MeshPaint (271)
[2017.08.19-09.48.52:666][368]LogModuleManager: Shutting down and abandoning module LevelEditor (269)
[2017.08.19-09.48.52:667][368]LogModuleManager: Shutting down and abandoning module PixelInspectorModule (268)
[2017.08.19-09.48.52:667][368]LogModuleManager: Shutting down and abandoning module MainFrame (266)
[2017.08.19-09.48.52:667][368]LogModuleManager: Shutting down and abandoning module HotReload (265)
[2017.08.19-09.48.52:668][368]LogModuleManager: Shutting down and abandoning module RuntimePhysXCooking (260)
[2017.08.19-09.48.52:668][368]LogModuleManager: Shutting down and abandoning module PhysXVehiclesEditor (258)
[2017.08.19-09.48.52:668][368]LogModuleManager: Shutting down and abandoning module PhysXVehicles (256)
[2017.08.19-09.48.52:668][368]LogModuleManager: Shutting down and abandoning module OculusEditor (254)
[2017.08.19-09.48.52:668][368]LogModuleManager: Shutting down and abandoning module LocationServicesBPLibrary (252)
[2017.08.19-09.48.52:668][368]LogModuleManager: Shutting down and abandoning module ImmediatePhysicsEditor (250)
[2017.08.19-09.48.52:668][368]LogModuleManager: Shutting down and abandoning module ImmediatePhysics (248)
[2017.08.19-09.48.52:668][368]LogModuleManager: Shutting down and abandoning module UdpMessaging (246)
[2017.08.19-09.48.52:768][368]LogModuleManager: Shutting down and abandoning module TcpMessaging (244)
[2017.08.19-09.48.52:868][368]LogModuleManager: Shutting down and abandoning module GameplayTagsEditor (242)
[2017.08.19-09.48.52:870][368]LogModuleManager: Shutting down and abandoning module FacialAnimationEditor (240)
[2017.08.19-09.48.52:870][368]LogModuleManager: Shutting down and abandoning module FacialAnimation (238)
[2017.08.19-09.48.52:870][368]LogModuleManager: Shutting down and abandoning module AssetManagerEditor (236)
[2017.08.19-09.48.52:870][368]LogModuleManager: Shutting down and abandoning module GraphEditor (235)
[2017.08.19-09.48.52:870][368]LogModuleManager: Shutting down and abandoning module ContentBrowser (233)
[2017.08.19-09.48.52:870][368]LogModuleManager: Shutting down and abandoning module LightPropagationVolumeRuntime (230)
[2017.08.19-09.48.52:870][368]LogModuleManager: Shutting down and abandoning module Paper2D (228)
[2017.08.19-09.48.52:870][368]LogModuleManager: Shutting down and abandoning module WindowsMoviePlayer (226)
[2017.08.19-09.48.52:871][368]LogModuleManager: Shutting down and abandoning module WmfMedia (224)
[2017.08.19-09.48.52:871][368]LogModuleManager: Shutting down and abandoning module PacketHandler (222)
[2017.08.19-09.48.52:871][368]LogModuleManager: Shutting down and abandoning module ClothingSystemEditor (220)
[2017.08.19-09.48.52:871][368]LogModuleManager: Shutting down and abandoning module ClothingSystemRuntime (218)
[2017.08.19-09.48.52:873][368]LogModuleManager: Shutting down and abandoning module Overlay (216)
[2017.08.19-09.48.52:873][368]LogModuleManager: Shutting down and abandoning module OverlayEditor (215)
[2017.08.19-09.48.52:873][368]LogModuleManager: Shutting down and abandoning module MediaAssets (212)
[2017.08.19-09.48.52:873][368]LogModuleManager: Shutting down and abandoning module VREditor (210)
[2017.08.19-09.48.52:874][368]LogModuleManager: Shutting down and abandoning module StringTableEditor (208)
[2017.08.19-09.48.52:875][368]LogModuleManager: Shutting down and abandoning module GameplayTasksEditor (206)
[2017.08.19-09.48.52:875][368]LogModuleManager: Shutting down and abandoning module BehaviorTreeEditor (204)
[2017.08.19-09.48.52:878][368]LogModuleManager: Shutting down and abandoning module FunctionalTesting (202)
[2017.08.19-09.48.52:878][368]LogModuleManager: Shutting down and abandoning module CollisionAnalyzer (200)
[2017.08.19-09.48.52:878][368]LogModuleManager: Shutting down and abandoning module WorkspaceMenuStructure (199)
[2017.08.19-09.48.52:878][368]LogModuleManager: Shutting down and abandoning module UMG (196)
[2017.08.19-09.48.52:878][368]LogModuleManager: Shutting down and abandoning module UMGEditor (195)
[2017.08.19-09.48.52:878][368]LogModuleManager: Shutting down and abandoning module Sequencer (194)
[2017.08.19-09.48.52:878][368]LogModuleManager: Shutting down and abandoning module MessageLog (191)
[2017.08.19-09.48.52:878][368]LogModuleManager: Shutting down and abandoning module SlateReflector (186)
[2017.08.19-09.48.52:882][368]LogModuleManager: Shutting down and abandoning module Slate (184)
[2017.08.19-09.48.52:882][368]LogModuleManager: Shutting down and abandoning module EditorStyle (182)
[2017.08.19-09.48.52:883][368]LogModuleManager: Shutting down and abandoning module MRMesh (180)
[2017.08.19-09.48.52:883][368]LogModuleManager: Shutting down and abandoning module SourceCodeAccess (178)
[2017.08.19-09.48.52:883][368]LogModuleManager: Shutting down and abandoning module HeadMountedDisplay (176)
[2017.08.19-09.48.52:883][368]LogModuleManager: Shutting down and abandoning module XAudio2 (174)
[2017.08.19-09.48.52:883][368]LogModuleManager: Shutting down and abandoning module Networking (172)
[2017.08.19-09.48.52:883][368]LogModuleManager: Shutting down and abandoning module Core (168)
[2017.08.19-09.48.52:883][368]LogModuleManager: Shutting down and abandoning module KismetCompiler (164)
[2017.08.19-09.48.52:883][368]LogModuleManager: Shutting down and abandoning module MeshUtilities (162)
[2017.08.19-09.48.52:883][368]LogModuleManager: Shutting down and abandoning module MeshMergeUtilities (161)
[2017.08.19-09.48.52:883][368]LogModuleManager: Shutting down and abandoning module MeshReductionInterface (160)
[2017.08.19-09.48.52:883][368]LogModuleManager: Shutting down and abandoning module SimplygonSwarm (159)
[2017.08.19-09.48.52:885][368]LogModuleManager: Shutting down and abandoning module SimplygonMeshReduction (157)
[2017.08.19-09.48.52:885][368]LogModuleManager: Shutting down and abandoning module QuadricMeshReduction (155)
[2017.08.19-09.48.52:885][368]LogModuleManager: Shutting down and abandoning module MaterialBaking (151)
[2017.08.19-09.48.52:885][368]LogModuleManager: Shutting down and abandoning module LevelSequence (148)
[2017.08.19-09.48.52:885][368]LogModuleManager: Shutting down and abandoning module DirectoryWatcher (146)
[2017.08.19-09.48.52:885][368]LogModuleManager: Shutting down and abandoning module DerivedDataCache (144)
[2017.08.19-09.48.53:282][368]LogDerivedDataCache: Shutdown
[2017.08.19-09.48.53:282][368]LogModuleManager: Shutting down and abandoning module TargetPlatform (142)
[2017.08.19-09.48.53:282][368]LogModuleManager: Shutting down and abandoning module VulkanShaderFormat (141)
[2017.08.19-09.48.53:282][368]LogModuleManager: Shutting down and abandoning module ShaderFormatVectorVM (139)
[2017.08.19-09.48.53:283][368]LogModuleManager: Shutting down and abandoning module ShaderFormatOpenGL (137)
[2017.08.19-09.48.53:284][368]LogModuleManager: Shutting down and abandoning module ShaderFormatD3D (135)
[2017.08.19-09.48.53:284][368]LogModuleManager: Shutting down and abandoning module MetalShaderFormat (133)
[2017.08.19-09.48.53:285][368]LogModuleManager: Shutting down and abandoning module TextureFormatUncompressed (131)
[2017.08.19-09.48.53:285][368]LogModuleManager: Shutting down and abandoning module TextureFormatPVR (129)
[2017.08.19-09.48.53:285][368]LogModuleManager: Shutting down and abandoning module TextureFormatDXT (127)
[2017.08.19-09.48.53:285][368]LogModuleManager: Shutting down and abandoning module TextureFormatIntelISPCTexComp (125)
[2017.08.19-09.48.53:286][368]LogModuleManager: Shutting down and abandoning module TextureFormatASTC (123)
[2017.08.19-09.48.53:286][368]LogModuleManager: Shutting down and abandoning module ImageWrapper (122)
[2017.08.19-09.48.53:286][368]LogModuleManager: Shutting down and abandoning module TextureFormatAndroid (119)
[2017.08.19-09.48.53:286][368]LogModuleManager: Shutting down and abandoning module AudioFormatOpus (117)
[2017.08.19-09.48.53:286][368]LogModuleManager: Shutting down and abandoning module AudioFormatOgg (115)
[2017.08.19-09.48.53:286][368]LogModuleManager: Shutting down and abandoning module AudioFormatADPCM (113)
[2017.08.19-09.48.53:286][368]LogModuleManager: Shutting down and abandoning module LinuxTargetPlatform (111)
[2017.08.19-09.48.53:286][368]LogModuleManager: Shutting down and abandoning module LinuxServerTargetPlatform (109)
[2017.08.19-09.48.53:286][368]LogModuleManager: Shutting down and abandoning module LinuxNoEditorTargetPlatform (107)
[2017.08.19-09.48.53:286][368]LogModuleManager: Shutting down and abandoning module LinuxClientTargetPlatform (105)
[2017.08.19-09.48.53:286][368]LogModuleManager: Shutting down and abandoning module TVOSTargetPlatform (103)
[2017.08.19-09.48.53:286][368]LogModuleManager: Shutting down and abandoning module Messaging (101)
[2017.08.19-09.48.53:286][368]LogModuleManager: Shutting down and abandoning module IOSTargetPlatform (99)
[2017.08.19-09.48.53:286][368]LogModuleManager: Shutting down and abandoning module HTML5TargetPlatform (97)
[2017.08.19-09.48.53:286][368]LogModuleManager: Shutting down and abandoning module Android_PVRTCTargetPlatform (95)
[2017.08.19-09.48.53:286][368]LogModuleManager: Shutting down and abandoning module Android_MultiTargetPlatform (93)
[2017.08.19-09.48.53:286][368]LogModuleManager: Shutting down and abandoning module Android_ETC2TargetPlatform (91)
[2017.08.19-09.48.53:286][368]LogModuleManager: Shutting down and abandoning module Android_ETC1TargetPlatform (89)
[2017.08.19-09.48.53:286][368]LogModuleManager: Shutting down and abandoning module Android_DXTTargetPlatform (87)
[2017.08.19-09.48.53:286][368]LogModuleManager: Shutting down and abandoning module Android_ATCTargetPlatform (85)
[2017.08.19-09.48.53:286][368]LogModuleManager: Shutting down and abandoning module Android_ASTCTargetPlatform (83)
[2017.08.19-09.48.53:286][368]LogModuleManager: Shutting down and abandoning module AndroidTargetPlatform (81)
[2017.08.19-09.48.53:286][368]LogModuleManager: Shutting down and abandoning module WindowsTargetPlatform (79)
[2017.08.19-09.48.53:286][368]LogModuleManager: Shutting down and abandoning module WindowsServerTargetPlatform (77)
[2017.08.19-09.48.53:286][368]LogModuleManager: Shutting down and abandoning module WindowsNoEditorTargetPlatform (75)
[2017.08.19-09.48.53:286][368]LogModuleManager: Shutting down and abandoning module WindowsClientTargetPlatform (73)
[2017.08.19-09.48.53:286][368]LogModuleManager: Shutting down and abandoning module MacTargetPlatform (71)
[2017.08.19-09.48.53:286][368]LogModuleManager: Shutting down and abandoning module MacServerTargetPlatform (69)
[2017.08.19-09.48.53:286][368]LogModuleManager: Shutting down and abandoning module MacNoEditorTargetPlatform (67)
[2017.08.19-09.48.53:286][368]LogModuleManager: Shutting down and abandoning module MacClientTargetPlatform (65)
[2017.08.19-09.48.53:286][368]LogModuleManager: Shutting down and abandoning module AllDesktopTargetPlatform (63)
[2017.08.19-09.48.53:286][368]LogModuleManager: Shutting down and abandoning module InputCore (60)
[2017.08.19-09.48.53:286][368]LogModuleManager: Shutting down and abandoning module Settings (58)
[2017.08.19-09.48.53:286][368]LogModuleManager: Shutting down and abandoning module PhysXCooking (56)
[2017.08.19-09.48.53:286][368]LogModuleManager: Shutting down and abandoning module SteamVR (54)
[2017.08.19-09.48.53:286][368]LogModuleManager: Shutting down and abandoning module OculusHMD (52)
[2017.08.19-09.48.53:286][368]LogModuleManager: Shutting down and abandoning module ExampleDeviceProfileSelector (50)
[2017.08.19-09.48.53:286][368]LogModuleManager: Shutting down and abandoning module OnlineBlueprintSupport (48)
[2017.08.19-09.48.53:286][368]LogModuleManager: Shutting down and abandoning module OnlineSubsystem (44)
[2017.08.19-09.48.53:286][368]LogOnline: Display: Unloading online subsystem: NULL
[2017.08.19-09.48.53:289][368]LogModuleManager: Shutting down and abandoning module XMPP (43)
[2017.08.19-09.48.53:290][368]LogModuleManager: Shutting down and abandoning module HTTP (41)
[2017.08.19-09.48.53:290][368]LogHttp: Display: Http module shutting down, but needs to wait on 1 outstanding Http requests:
[2017.08.19-09.48.53:290][368]LogHttp: Display: 	verb=[POST] url=[https://datarouter.ol.epicgames.com/datarouter/api/v1/public/data?SessionID=%7B5AE9BB9F-4FE7-8BBC-EDF9-6CAC12519757%7D&AppID=UEEditor.Rocket.Release&AppVersion=4.17.1-3586342%2B%2B%2BUE4%2BRelease-4.17&UserID=0d8f2fdf4f5eb9806a059a9bd4b1d0e6%7Ce9abd0643c81437cbe0d3af0070a4d48%7C18e97090-3580-49b1-973a-f9e87114452e&AppEnvironment=datacollector-binary&UploadType=eteventstream] status=Processing
[2017.08.19-09.48.53:307][368]LogModuleManager: Shutting down and abandoning module SSL (40)
[2017.08.19-09.48.53:309][368]LogModuleManager: Shutting down and abandoning module AnimationModifiers (36)
[2017.08.19-09.48.53:309][368]LogModuleManager: Shutting down and abandoning module PropertyEditor (35)
[2017.08.19-09.48.53:309][368]LogModuleManager: Shutting down and abandoning module AudioEditor (32)
[2017.08.19-09.48.53:311][368]LogModuleManager: Shutting down and abandoning module TextureCompressor (30)
[2017.08.19-09.48.53:311][368]LogModuleManager: Shutting down and abandoning module ShaderCore (28)
[2017.08.19-09.48.53:311][368]LogModuleManager: Shutting down and abandoning module Landscape (26)
[2017.08.19-09.48.53:311][368]LogModuleManager: Shutting down and abandoning module SlateRHIRenderer (24)
[2017.08.19-09.48.53:313][368]LogModuleManager: Shutting down and abandoning module OpenGLDrv (22)
[2017.08.19-09.48.53:315][368]LogModuleManager: Shutting down and abandoning module D3D11RHI (20)
[2017.08.19-09.48.53:315][368]LogModuleManager: Shutting down and abandoning module AnimGraphRuntime (18)
[2017.08.19-09.48.53:315][368]LogModuleManager: Shutting down and abandoning module Renderer (16)
[2017.08.19-09.48.53:315][368]LogModuleManager: Shutting down and abandoning module Engine (14)
[2017.08.19-09.48.53:315][368]LogModuleManager: Shutting down and abandoning module CoreUObject (12)
[2017.08.19-09.48.53:315][368]LogModuleManager: Shutting down and abandoning module NetworkFile (10)
[2017.08.19-09.48.53:315][368]LogModuleManager: Shutting down and abandoning module CookedIterativeFile (8)
[2017.08.19-09.48.53:315][368]LogModuleManager: Shutting down and abandoning module StreamingFile (6)
[2017.08.19-09.48.53:315][368]LogModuleManager: Shutting down and abandoning module SandboxFile (4)
[2017.08.19-09.48.53:315][368]LogModuleManager: Shutting down and abandoning module PakFile (2)
[2017.08.19-09.48.53:318][368]LogExit: Exiting.
[2017.08.19-09.48.53:342][368]Log file closed, 08/19/17 18:48:53
