Log file open, 08/19/17 16:53:59
LogWindows: LoadLibraryWithSearchPaths failed for file aqProf.dll. GetLastError=0
LogWindows: LoadLibraryWithSearchPaths failed for file VSPerf140.dll. GetLastError=0
LogWindows: LoadLibraryWithSearchPaths failed for file VtuneApi.dll. GetLastError=0
LogWindows: LoadLibraryWithSearchPaths failed for file VtuneApi32e.dll. GetLastError=0
LogInit: Display: Running engine for game: RPG
LogPlatformFile: Not using cached read wrapper
LogInit: Display: RandInit(-631413858) SRandInit(-631413858).
LogTaskGraph: Started task graph with 5 named threads and 14 total threads with 3 sets of task threads.
LogStats: Stats thread started at 0.147045
LogD3D11RHI: Aftermath initialized
LogPluginManager: Mounting plugin Paper2D
LogPluginManager: Mounting plugin LightPropagationVolume
LogPluginManager: Mounting plugin CodeLiteSourceCodeAccess
LogPluginManager: Mounting plugin GitSourceControl
LogPluginManager: Mounting plugin KDevelopSourceCodeAccess
LogPluginManager: Mounting plugin NullSourceCodeAccess
LogPluginManager: Mounting plugin PerforceSourceControl
LogPluginManager: Mounting plugin SubversionSourceControl
LogPluginManager: Mounting plugin UObjectPlugin
LogPluginManager: Mounting plugin VisualStudioSourceCodeAccess
LogPluginManager: Mounting plugin XCodeSourceCodeAccess
LogPluginManager: Mounting plugin AssetManagerEditor
LogPluginManager: Mounting plugin AudioCapture
LogPluginManager: Mounting plugin FacialAnimation
LogPluginManager: Mounting plugin GameplayTagsEditor
LogPluginManager: Mounting plugin MobileLauncherProfileWizard
LogPluginManager: Mounting plugin PluginBrowser
LogPluginManager: Mounting plugin SpeedTreeImporter
LogPluginManager: Mounting plugin AlembicImporter
LogPluginManager: Mounting plugin CharacterAI
LogPluginManager: Mounting plugin HTML5Networking
LogPluginManager: Mounting plugin AndroidMedia
LogPluginManager: Mounting plugin AvfMedia
LogPluginManager: Mounting plugin MediaPlayerEditor
LogPluginManager: Mounting plugin WmfMedia
LogPluginManager: Mounting plugin TcpMessaging
LogPluginManager: Mounting plugin UdpMessaging
LogPluginManager: Mounting plugin LevelSequenceEditor
LogPluginManager: Mounting plugin MatineeToLevelSequence
LogPluginManager: Mounting plugin OnlineSubsystemGooglePlay
LogPluginManager: Mounting plugin OnlineSubsystemIOS
LogPluginManager: Mounting plugin OnlineSubsystem
LogPluginManager: Mounting plugin OnlineSubsystemNull
LogPluginManager: Mounting plugin OnlineSubsystemUtils
LogPluginManager: Mounting plugin AndroidDeviceProfileSelector
LogPluginManager: Mounting plugin AndroidMoviePlayer
LogPluginManager: Mounting plugin AndroidPermission
LogPluginManager: Mounting plugin AppleMoviePlayer
LogPluginManager: Mounting plugin ArchVisCharacter
LogPluginManager: Mounting plugin CableComponent
LogPluginManager: Mounting plugin CustomMeshComponent
LogPluginManager: Mounting plugin ExampleDeviceProfileSelector
LogPluginManager: Mounting plugin GoogleCloudMessaging
LogPluginManager: Mounting plugin ImmediatePhysics
LogPluginManager: Mounting plugin IOSDeviceProfileSelector
LogPluginManager: Mounting plugin LinuxDeviceProfileSelector
LogPluginManager: Mounting plugin LocationServicesBPLibrary
LogPluginManager: Mounting plugin MobilePatchingUtils
LogPluginManager: Mounting plugin OculusVR
LogPluginManager: Mounting plugin PhysXVehicles
LogPluginManager: Mounting plugin ProceduralMeshComponent
LogPluginManager: Mounting plugin RuntimePhysXCooking
LogPluginManager: Mounting plugin SteamVR
LogPluginManager: Mounting plugin WindowsMoviePlayer
LogInit: Using libcurl 7.47.1
LogInit:  - built for x86_64-pc-win32
LogInit:  - supports SSL with OpenSSL/1.0.2g
LogInit:  - supports HTTP deflate (compression) using libz 1.2.8
LogInit:  - other features:
LogInit:      CURL_VERSION_SSL
LogInit:      CURL_VERSION_LIBZ
LogInit:      CURL_VERSION_IPV6
LogInit:      CURL_VERSION_ASYNCHDNS
LogInit:      CURL_VERSION_LARGEFILE
LogInit:      CURL_VERSION_IDN
LogInit:  CurlRequestOptions (configurable via config and command line):
LogInit:  - bVerifyPeer = false  - Libcurl will NOT verify peer certificate
LogInit:  - bUseHttpProxy = false  - Libcurl will NOT use HTTP proxy
LogInit:  - bDontReuseConnections = false  - Libcurl will reuse connections
LogInit:  - CertBundlePath = nullptr  - Libcurl will use whatever was configured at build time.
LogInit: Build: ++UE4+Release-4.17-CL-3586342
LogInit: Engine Version: 4.17.1-3586342+++UE4+Release-4.17
LogInit: Compatible Engine Version: 4.17.0-3573198+++UE4+Release-4.17
LogInit: Net CL: 3573198
LogDevObjectVersion: Number of dev versions registered: 16
LogDevObjectVersion:   Dev-Blueprints (B0D832E4-1F89-4F0D-ACCF-7EB736FD4AA2): 10
LogDevObjectVersion:   Dev-Build (E1C64328-A22C-4D53-A36C-8E866417BD8C): 0
LogDevObjectVersion:   Dev-Core (375EC13C-06E4-48FB-B500-84F0262A717E): 2
LogDevObjectVersion:   Dev-Editor (E4B068ED-F494-42E9-A231-DA0B2E46BB41): 20
LogDevObjectVersion:   Dev-Framework (CFFC743F-43B0-4480-9391-14DF171D2073): 28
LogDevObjectVersion:   Dev-Mobile (B02B49B5-BB20-44E9-A304-32B752E40360): 0
LogDevObjectVersion:   Dev-Networking (A4E4105C-59A1-49B5-A7C5-40C4547EDFEE): 0
LogDevObjectVersion:   Dev-Online (39C831C9-5AE6-47DC-9A44-9C173E1C8E7C): 0
LogDevObjectVersion:   Dev-Physics (78F01B33-EBEA-4F98-B9B4-84EACCB95AA2): 0
LogDevObjectVersion:   Dev-Platform (6631380F-2D4D-43E0-8009-CF276956A95A): 0
LogDevObjectVersion:   Dev-Rendering (12F88B9F-8875-4AFC-A67C-D90C383ABD29): 19
LogDevObjectVersion:   Dev-Sequencer (7B5AE74C-D270-4C10-A958-57980B212A5A): 4
LogDevObjectVersion:   Dev-VR (D7296918-1DD6-4BDD-9DE2-64A83CC13884): 0
LogDevObjectVersion:   Dev-LoadTimes (C2A15278-BFE7-4AFE-6C17-90FF531DF755): 1
LogDevObjectVersion:   Private-Geometry (6EACA3D4-40EC-4CC1-B786-8BED09428FC5): 1
LogDevObjectVersion:   Dev-AnimPhys (29E575DD-E0A3-4627-9D10-D276232CDCEA): 7
LogInit: Compiled (64-bit): Aug 15 2017 02:05:26
LogInit: Compiled with Visual C++: 19.00.24215.01
LogInit: Build Configuration: Development
LogInit: Branch Name: ++UE4+Release-4.17
LogInit: Command line:  /Temp/Autosaves/Game/GrassLands/Maps/UEDPCMain -game -PIEVIACONSOLE -ResX=1280 -ResY=720  -Multiprocess -messaging -SessionName="Play in Standalone Game" -windowed 
LogInit: Base directory: D:/UE_4.17/Engine/Binaries/Win64/
LogInit: Installed Engine Build: 1
LogInit: Presizing for max 8388607 objects, including 0 objects not considered by GC, pre-allocating 0 bytes for permanent pool.
LogInit: Object subsystem initialized
[2017.08.19-07.53.59:962][  0]LogInit: Selected Device Profile: [Windows]
[2017.08.19-07.53.59:962][  0]LogInit: Applying CVar settings loaded from the selected device profile: [Windows]
[2017.08.19-07.53.59:966][  0]LogInit: Computer: PC074
[2017.08.19-07.53.59:966][  0]LogInit: User: Administrator
[2017.08.19-07.53.59:966][  0]LogInit: CPU Page size=4096, Cores=4
[2017.08.19-07.53.59:966][  0]LogInit: High frequency timer resolution =3.234482 MHz
[2017.08.19-07.53.59:966][  0]LogMemory: Memory total: Physical=8.0GB (8GB approx)
[2017.08.19-07.53.59:966][  0]LogMemory: Platform Memory Stats for Windows
[2017.08.19-07.53.59:966][  0]LogMemory: Process Physical Memory: 279.24 MB used, 279.24 MB peak
[2017.08.19-07.53.59:966][  0]LogMemory: Process Virtual Memory: 275.84 MB used, 275.84 MB peak
[2017.08.19-07.53.59:966][  0]LogMemory: Physical Memory: 5622.53 MB used,  2533.50 MB free, 8156.03 MB total
[2017.08.19-07.53.59:966][  0]LogMemory: Virtual Memory: 650.98 MB used,  2533.50 MB free, 8388608.00 MB total
[2017.08.19-07.54.00:062][  0]LogInit: Using OS detected language (ko-KR).
[2017.08.19-07.54.00:062][  0]LogInit: Using OS detected locale (ko-KR).
[2017.08.19-07.54.00:064][  0]LogTextLocalizationManager: No specific localization for 'ko-KR' exists, so the 'ko' localization will be used.
[2017.08.19-07.54.00:234][  0]LogD3D11RHI: D3D11 adapters:
[2017.08.19-07.54.00:246][  0]LogD3D11RHI:    0. 'NVIDIA GeForce GTX 960' (Feature Level 11_0)
[2017.08.19-07.54.00:246][  0]LogD3D11RHI:       1969/0/2048 MB DedicatedVideo/DedicatedSystem/SharedSystem, Outputs:1, VendorId:0x10de
[2017.08.19-07.54.00:246][  0]LogD3D11RHI: Chosen D3D11 Adapter: 0
[2017.08.19-07.54.00:252][  0]LogD3D11RHI: Creating new Direct3DDevice
[2017.08.19-07.54.00:253][  0]LogD3D11RHI:     GPU DeviceId: 0x1401 (for the marketing name, search the web for "GPU Device Id")
[2017.08.19-07.54.00:253][  0]LogWindows: EnumDisplayDevices:
[2017.08.19-07.54.00:253][  0]LogWindows:    0. 'NVIDIA GeForce GTX 960' (P:1 D:1)
[2017.08.19-07.54.00:253][  0]LogWindows:    1. 'NVIDIA GeForce GTX 960' (P:0 D:0)
[2017.08.19-07.54.00:253][  0]LogWindows:    2. 'NVIDIA GeForce GTX 960' (P:0 D:0)
[2017.08.19-07.54.00:253][  0]LogWindows:    3. 'NVIDIA GeForce GTX 960' (P:0 D:0)
[2017.08.19-07.54.00:253][  0]LogWindows:    4. 'RDPDD Chained DD' (P:0 D:0)
[2017.08.19-07.54.00:254][  0]LogWindows:    5. 'RDP Encoder Mirror Driver' (P:0 D:0)
[2017.08.19-07.54.00:254][  0]LogWindows:    6. 'RDP Reflector Display Driver' (P:0 D:0)
[2017.08.19-07.54.00:254][  0]LogWindows: DebugString: GetVideoDriverDetailsInvalid PrimaryIsNotTheChoosenAdapter GetVideoDriverDetailsInvalid PrimaryIsNotTheChoosenAdapter GetVideoDriverDetailsInvalid PrimaryIsNotTheChoosenAdapter FoundDriverCount:4 
[2017.08.19-07.54.00:254][  0]LogD3D11RHI:     Adapter Name: NVIDIA GeForce GTX 960
[2017.08.19-07.54.00:254][  0]LogD3D11RHI:   Driver Version: 347.25 (internal:9.18.13.4725, unified:347.25)
[2017.08.19-07.54.00:254][  0]LogD3D11RHI:      Driver Date: 1-9-2015
[2017.08.19-07.54.00:254][  0]LogRHI: Texture pool is 1361 MB (70% of 1945 MB)
[2017.08.19-07.54.00:262][  0]LogD3D11RHI: Async texture creation enabled
[2017.08.19-07.54.00:275][  0]LogD3D11RHI: GPU Timing Frequency: 1000.000000 (Debug: 2 2)
[2017.08.19-07.54.00:323][  0]LogShaderCompilers: Guid format shader working directory is 20 characters bigger than the processId version (C:/Users/Administrator/Desktop/RPG/Intermediate/Shaders/WorkingDirectory/6284/).
[2017.08.19-07.54.00:323][  0]LogShaderCompilers: Cleaned the shader compiler working directory 'C:/Users/Administrator/AppData/Local/Temp/UnrealShaderWorkingDir/0626BD0B4EA6F7FC3F2EC0961DD58635/'.
[2017.08.19-07.54.00:323][  0]LogShaderCompilers: Display: Using Local Shader Compiler.
[2017.08.19-07.54.01:052][  0]LogTemp: Display: Loaded TP WindowsClientTargetPlatform
[2017.08.19-07.54.01:083][  0]LogTemp: Display: Loaded TP WindowsNoEditorTargetPlatform
[2017.08.19-07.54.01:113][  0]LogTemp: Display: Loaded TP WindowsServerTargetPlatform
[2017.08.19-07.54.01:137][  0]LogTemp: Display: Loaded TP WindowsTargetPlatform
[2017.08.19-07.54.01:137][  0]LogTargetPlatformManager: Display: Building Assets For Windows
[2017.08.19-07.54.01:377][  0]LogDerivedDataCache: Display: Max Cache Size: 512 MB
[2017.08.19-07.54.01:483][  0]LogDerivedDataCache: Loaded boot cache 0.11s 93MB C:/Users/Administrator/AppData/Local/UnrealEngine/4.17/DerivedDataCache/Boot.ddc.
[2017.08.19-07.54.01:483][  0]LogDerivedDataCache: Display: Loaded Boot cache: C:/Users/Administrator/AppData/Local/UnrealEngine/4.17/DerivedDataCache/Boot.ddc
[2017.08.19-07.54.01:483][  0]LogDerivedDataCache: FDerivedDataBackendGraph:  Pak pak cache file C:/Users/Administrator/Desktop/RPG/DerivedDataCache/DDC.ddp not found, will not use a pak cache.
[2017.08.19-07.54.01:483][  0]LogDerivedDataCache: Unable to find inner node Pak for hierarchical cache Hierarchy.
[2017.08.19-07.54.01:483][  0]LogDerivedDataCache: FDerivedDataBackendGraph:  CompressedPak pak cache file C:/Users/Administrator/Desktop/RPG/DerivedDataCache/Compressed.ddp not found, will not use a pak cache.
[2017.08.19-07.54.01:483][  0]LogDerivedDataCache: Unable to find inner node CompressedPak for hierarchical cache Hierarchy.
[2017.08.19-07.54.01:500][  0]LogDerivedDataCache: Display: Pak cache opened for reading ../../../Engine/DerivedDataCache/Compressed.ddp.
[2017.08.19-07.54.01:511][  0]LogDerivedDataCache: Using Local data cache path C:/Users/Administrator/AppData/Local/UnrealEngine/Common/DerivedDataCache: Writable
[2017.08.19-07.54.01:522][  0]LogMaterial: Verifying Global Shaders for PCD3D_SM5
[2017.08.19-07.54.01:529][  0]LogSlate: Using Freetype 2.6.0
[2017.08.19-07.54.01:529][  0]LogSlate: SlateFontCache - WITH_FREETYPE: 1, WITH_HARFBUZZ: 1
[2017.08.19-07.54.01:529][  0]LogSlate: SlateFontCache - WITH_FREETYPE: 1, WITH_HARFBUZZ: 1
[2017.08.19-07.54.01:718][  0]LogCollisionProfile: Warning: Profile (Enemy) - Custom Channel Name = 'PlayerAttack' hasn't been found
[2017.08.19-07.54.01:722][  0]LogAssetRegistry: FAssetRegistry took 0.0037 seconds to start up
[2017.08.19-07.54.01:743][  0]LogPackageLocalizationCache: Processed 5 localized package path(s) for 2 prioritized culture(s) in 0.011341 seconds
[2017.08.19-07.54.01:857][  0]LogInit: Selected Device Profile: [Windows]
[2017.08.19-07.54.01:860][  0]LogContentStreaming: Texture pool size is 1000.00 MB
[2017.08.19-07.54.02:082][  0]LogSimplygon: Simplygon DLL not present - disabling.
[2017.08.19-07.54.02:102][  0]LogMeshReduction: Using SimplygonSwarm for distributed automatic mesh merging
[2017.08.19-07.54.02:102][  0]LogMeshReduction: Using QuadricMeshReduction for automatic static mesh reduction
[2017.08.19-07.54.02:102][  0]LogMeshReduction: No automatic skeletal mesh reduction module available
[2017.08.19-07.54.02:102][  0]LogMeshReduction: No automatic mesh merging module available
[2017.08.19-07.54.02:102][  0]LogMeshMerging: No automatic mesh merging module available
[2017.08.19-07.54.02:379][  0]LogNetVersion: RPG , NetCL: 3573198, EngineNetVer: 2, GameNetVer: 0 (Checksum: 1849868818)
[2017.08.19-07.54.02:493][  0]LogInit: WinSock: version 1.1 (2.2), MaxSocks=32767, MaxUdp=65467
[2017.08.19-07.54.03:144][  0]LogMoviePlayer: Initializing movie player
[2017.08.19-07.54.03:371][  0]LogCollectionManager: Loaded 0 collections in 0.000923 seconds
[2017.08.19-07.54.03:410][  0]LogFileCache: Scanning file cache for directory 'C:/Users/Administrator/Desktop/RPG/Saved/Collections/' took 0.01s
[2017.08.19-07.54.03:410][  0]LogFileCache: Scanning file cache for directory 'C:/Users/Administrator/Desktop/RPG/Content/Developers/Administrator/Collections/' took 0.01s
[2017.08.19-07.54.03:410][  0]LogFileCache: Scanning file cache for directory 'C:/Users/Administrator/Desktop/RPG/Content/Collections/' took 0.01s
[2017.08.19-07.54.03:410][  0]LogCollectionManager: Rebuilt the object cache for 0 collections in 0.000000 seconds (found 0 objects)
[2017.08.19-07.54.03:410][  0]LogCollectionManager: Fixed up redirectors for 0 collections in 0.000063 seconds (updated 0 objects)
[2017.08.19-07.54.03:484][  0]LogTcpMessaging: Initializing TcpMessaging bridge
[2017.08.19-07.54.03:508][  0]LogUdpMessaging: Initializing bridge on interface 0.0.0.0:0 to multicast group 230.0.0.1:6666.
[2017.08.19-07.54.03:743][  0]SourceControl: 소스 콘트롤이 꺼졌습니다.
[2017.08.19-07.54.03:743][  0]SourceControl: 소스 콘트롤이 꺼졌습니다.
[2017.08.19-07.54.03:765][  0]SourceControl: 소스 콘트롤이 꺼졌습니다.
[2017.08.19-07.54.03:882][  0]LogAndroidPermission: UAndroidPermissionCallbackProxy::GetInstance
[2017.08.19-07.54.03:993][  0]LogOcInput: OculusInput pre-init called
[2017.08.19-07.54.04:043][  0]LogUObjectArray: 38661 objects as part of root set at end of initial load.
[2017.08.19-07.54.04:043][  0]LogUObjectAllocator: 8461328 out of 0 bytes used by permanent object pool.
[2017.08.19-07.54.04:043][  0]LogUObjectArray: CloseDisregardForGC: 0/0 objects in disregard for GC pool
[2017.08.19-07.54.04:115][  0]LogEngine: Initializing Engine...
[2017.08.19-07.54.04:116][  0]LogHMD: Failed to initialize OpenVR with code 110
[2017.08.19-07.54.04:320][  0]LogStats: UGameplayTagsManager::ConstructGameplayTagTree: Construct from data asset -  0.000 s
[2017.08.19-07.54.04:320][  0]LogStats: UGameplayTagsManager::ConstructGameplayTagTree: GameplayTagTreeChangedEvent.Broadcast -  0.000 s
[2017.08.19-07.54.04:344][  0]LogInit: XAudio2 using '스피커1(7- High Definition Audio 장치)' : 2 channels at 44.1 kHz using 16 bits per sample (channel mask 0x3)
[2017.08.19-07.54.04:358][  0]LogInit: FAudioDevice initialized.
[2017.08.19-07.54.04:392][  0]LogInit: Texture streaming: Enabled
[2017.08.19-07.54.04:413][  0]LogMaterial: Uniform references updated for custom material expression Custom.
[2017.08.19-07.54.04:611][  0]LogSlateStyle: Warning: 'NormalText' 슬레이트 위젯 스타일을 찾을 수 없습니다. 대신 FTextBlockStyle 디폴트를 사용합니다.
[2017.08.19-07.54.04:611][  0]LogSlateStyle: Warning: 'SpinBox' 슬레이트 위젯 스타일을 찾을 수 없습니다. 대신 FSpinBoxStyle 디폴트를 사용합니다.
[2017.08.19-07.54.04:718][  0]LogInit: Display: Game Engine Initialized.
[2017.08.19-07.54.04:718][  0]LogGameplayTags: Display: UGameplayTagsManager::DoneAddingNativeTags. DelegateIsBound: 0
[2017.08.19-07.54.04:792][  0]LogInit: Display: Starting Game.
[2017.08.19-07.54.04:792][  0]LogNet: Browse: /Temp/Autosaves/Game/GrassLands/Maps/UEDPCMain?Name=Player
[2017.08.19-07.54.04:792][  0]LogLoad: LoadMap: /Temp/Autosaves/Game/GrassLands/Maps/UEDPCMain?Name=Player
[2017.08.19-07.54.04:811][  0]LogMemory: Platform Memory Stats for Windows
[2017.08.19-07.54.04:811][  0]LogMemory: Process Physical Memory: 772.12 MB used, 897.07 MB peak
[2017.08.19-07.54.04:811][  0]LogMemory: Process Virtual Memory: 900.60 MB used, 980.27 MB peak
[2017.08.19-07.54.04:811][  0]LogMemory: Physical Memory: 6045.44 MB used,  2110.59 MB free, 8156.03 MB total
[2017.08.19-07.54.04:811][  0]LogMemory: Virtual Memory: 1475.80 MB used,  2110.59 MB free, 8388608.00 MB total
[2017.08.19-07.54.04:811][  0]LogMemory: 
[2017.08.19-07.54.04:811][  0]Allocator Stats for TBB: (not implemented)
[2017.08.19-07.54.06:358][  0]LogAIModule: Creating AISystem for world Main
[2017.08.19-07.54.06:358][  0]LogLoad: Game class is 'GameMode_C'
[2017.08.19-07.54.06:386][  0]LogPhysics: Warning: Initialising Body : Scale3D is (nearly) zero: Component: '/Temp/Autosaves/Game/GrassLands/Maps/UEDPCMain.Main:PersistentLevel.Grunt_6.CollisionCylinder' 
[2017.08.19-07.54.06:400][  0]LogWorld: Bringing World /Temp/Autosaves/Game/GrassLands/Maps/UEDPCMain.Main up for play (max tick rate 0) at 2017.08.19-16.54.06
[2017.08.19-07.54.06:408][  0]LogWorld: Bringing up level for play took: 0.047085
[2017.08.19-07.54.06:411][  0]LogLoad: Took 1.619023 seconds to LoadMap(/Temp/Autosaves/Game/GrassLands/Maps/UEDPCMain)
[2017.08.19-07.54.06:521][  0]LogRenderer: Reallocating scene render targets to support 1280x720 Format 10 NumSamples 1 (Frame:1).
[2017.08.19-07.54.06:521][  0]LogLoad: (Engine Initialization) Total time: 7.59 seconds
[2017.08.19-07.54.06:521][  0]LogLoad: (Engine Initialization) Total Blueprint compile time: 0.00 seconds
[2017.08.19-07.54.06:521][  0]LogExternalProfiler: No external profilers were discovered.  External profiling features will not be available.
[2017.08.19-07.54.23:557][ 33]LogScript: Warning: BP_WarriorDiablo2_ExecuteUbergraph_Main_RefProperty 프로퍼티를 통해 BP_WarriorDiablo2 에 접근하려 하였으나, BP_WarriorDiablo2 는 킬 대기중입니다.
	Main_C /Temp/Autosaves/Game/GrassLands/Maps/UEDPCMain.Main:PersistentLevel.Main_C_1
	Function /Temp/Autosaves/Game/GrassLands/Maps/UEDPCMain.Main_C:ExecuteUbergraph_Main:02C3
[2017.08.19-07.54.23:557][ 33]LogScript: Warning: Script call stack:
	Function /Temp/Autosaves/Game/GrassLands/Maps/UEDPCMain.Main_C:InpActEvt_T_K2Node_InputKeyEvent_0
	Function /Temp/Autosaves/Game/GrassLands/Maps/UEDPCMain.Main_C:ExecuteUbergraph_Main

[2017.08.19-07.54.23:573][ 34]LogNet: Browse: /Temp/Autosaves/Game/GrassLands/Maps/UEDPCMain
[2017.08.19-07.54.23:574][ 34]LogLoad: LoadMap: /Temp/Autosaves/Game/GrassLands/Maps/UEDPCMain
[2017.08.19-07.54.23:658][ 34]LogMemory: Platform Memory Stats for Windows
[2017.08.19-07.54.23:658][ 34]LogMemory: Process Physical Memory: 1275.89 MB used, 1278.76 MB peak
[2017.08.19-07.54.23:658][ 34]LogMemory: Process Virtual Memory: 1589.04 MB used, 1592.22 MB peak
[2017.08.19-07.54.23:658][ 34]LogMemory: Physical Memory: 6520.76 MB used,  1635.27 MB free, 8156.03 MB total
[2017.08.19-07.54.23:658][ 34]LogMemory: Virtual Memory: 2195.50 MB used,  1635.27 MB free, 8388608.00 MB total
[2017.08.19-07.54.23:658][ 34]LogMemory: 
[2017.08.19-07.54.23:658][ 34]Allocator Stats for TBB: (not implemented)
[2017.08.19-07.54.25:067][ 34]LogAIModule: Creating AISystem for world Main
[2017.08.19-07.54.25:067][ 34]LogLoad: Game class is 'GameMode_C'
[2017.08.19-07.54.25:093][ 34]LogPhysics: Warning: Initialising Body : Scale3D is (nearly) zero: Component: '/Temp/Autosaves/Game/GrassLands/Maps/UEDPCMain.Main:PersistentLevel.Grunt_6.CollisionCylinder' 
[2017.08.19-07.54.25:108][ 34]LogWorld: Bringing World /Temp/Autosaves/Game/GrassLands/Maps/UEDPCMain.Main up for play (max tick rate 0) at 2017.08.19-16.54.25
[2017.08.19-07.54.25:114][ 34]LogWorld: Bringing up level for play took: 0.046243
[2017.08.19-07.54.25:119][ 34]LogLoad: Took 1.545779 seconds to LoadMap(/Temp/Autosaves/Game/GrassLands/Maps/UEDPCMain)
[2017.08.19-07.54.25:128][ 35]LogCharacterMovement: Warning: GetSimulationTimeStep() - Max iterations 8 hit while remaining time 0.081486 > MaxSimulationTimeStep (0.050) for 'Grunt5_322', movement 'Walking'
[2017.08.19-07.54.25:430][ 36]LogNet: Browse: /Temp/Autosaves/Game/GrassLands/Maps/UEDPCMain
[2017.08.19-07.54.25:441][ 36]LogLoad: LoadMap: /Temp/Autosaves/Game/GrassLands/Maps/UEDPCMain
[2017.08.19-07.54.25:512][ 36]LogMemory: Platform Memory Stats for Windows
[2017.08.19-07.54.25:512][ 36]LogMemory: Process Physical Memory: 1304.41 MB used, 1306.21 MB peak
[2017.08.19-07.54.25:512][ 36]LogMemory: Process Virtual Memory: 1627.24 MB used, 1668.32 MB peak
[2017.08.19-07.54.25:512][ 36]LogMemory: Physical Memory: 6670.31 MB used,  1485.71 MB free, 8156.03 MB total
[2017.08.19-07.54.25:512][ 36]LogMemory: Virtual Memory: 2227.38 MB used,  1485.71 MB free, 8388608.00 MB total
[2017.08.19-07.54.25:512][ 36]LogMemory: 
[2017.08.19-07.54.25:512][ 36]Allocator Stats for TBB: (not implemented)
[2017.08.19-07.54.26:908][ 36]LogAIModule: Creating AISystem for world Main
[2017.08.19-07.54.26:908][ 36]LogLoad: Game class is 'GameMode_C'
[2017.08.19-07.54.26:933][ 36]LogPhysics: Warning: Initialising Body : Scale3D is (nearly) zero: Component: '/Temp/Autosaves/Game/GrassLands/Maps/UEDPCMain.Main:PersistentLevel.Grunt_6.CollisionCylinder' 
[2017.08.19-07.54.26:947][ 36]LogWorld: Bringing World /Temp/Autosaves/Game/GrassLands/Maps/UEDPCMain.Main up for play (max tick rate 0) at 2017.08.19-16.54.26
[2017.08.19-07.54.26:954][ 36]LogWorld: Bringing up level for play took: 0.045205
[2017.08.19-07.54.26:960][ 36]LogLoad: Took 1.518976 seconds to LoadMap(/Temp/Autosaves/Game/GrassLands/Maps/UEDPCMain)
[2017.08.19-07.54.27:136][ 38]LogNet: Browse: /Temp/Autosaves/Game/GrassLands/Maps/UEDPCMain
[2017.08.19-07.54.27:192][ 38]LogLoad: LoadMap: /Temp/Autosaves/Game/GrassLands/Maps/UEDPCMain
[2017.08.19-07.54.27:271][ 38]LogMemory: Platform Memory Stats for Windows
[2017.08.19-07.54.27:271][ 38]LogMemory: Process Physical Memory: 1286.63 MB used, 1320.42 MB peak
[2017.08.19-07.54.27:271][ 38]LogMemory: Process Virtual Memory: 1595.88 MB used, 1680.82 MB peak
[2017.08.19-07.54.27:271][ 38]LogMemory: Physical Memory: 6654.54 MB used,  1501.48 MB free, 8156.03 MB total
[2017.08.19-07.54.27:271][ 38]LogMemory: Virtual Memory: 2202.07 MB used,  1501.48 MB free, 8388608.00 MB total
[2017.08.19-07.54.27:271][ 38]LogMemory: 
[2017.08.19-07.54.27:271][ 38]Allocator Stats for TBB: (not implemented)
[2017.08.19-07.54.28:673][ 38]LogAIModule: Creating AISystem for world Main
[2017.08.19-07.54.28:673][ 38]LogLoad: Game class is 'GameMode_C'
[2017.08.19-07.54.28:698][ 38]LogPhysics: Warning: Initialising Body : Scale3D is (nearly) zero: Component: '/Temp/Autosaves/Game/GrassLands/Maps/UEDPCMain.Main:PersistentLevel.Grunt_6.CollisionCylinder' 
[2017.08.19-07.54.28:712][ 38]LogWorld: Bringing World /Temp/Autosaves/Game/GrassLands/Maps/UEDPCMain.Main up for play (max tick rate 0) at 2017.08.19-16.54.28
[2017.08.19-07.54.28:719][ 38]LogWorld: Bringing up level for play took: 0.045345
[2017.08.19-07.54.28:725][ 38]LogLoad: Took 1.532567 seconds to LoadMap(/Temp/Autosaves/Game/GrassLands/Maps/UEDPCMain)
[2017.08.19-07.54.40:948][776]LogEngine: All Windows Closed
[2017.08.19-07.54.40:948][776]LogWindows: FPlatformMisc::RequestExit(0)
[2017.08.19-07.54.41:124][777]LogExit: Preparing to exit.
[2017.08.19-07.54.41:125][777]LogMoviePlayer: Shutting down movie player
[2017.08.19-07.54.41:698][777]LogExit: Game engine shut down
[2017.08.19-07.54.41:894][777]LogExit: Object subsystem successfully closed.
[2017.08.19-07.54.41:934][777]LogD3D11RHI: Shutdown
[2017.08.19-07.54.41:935][777]LogD3D11RHI: CleanupD3DDevice
[2017.08.19-07.54.41:939][777]LogD3D11RHI: ~FD3D11DynamicRHI
[2017.08.19-07.54.41:981][777]LogModuleManager: Shutting down and abandoning module SequenceRecorderSections (304)
[2017.08.19-07.54.41:981][777]LogModuleManager: Shutting down and abandoning module SequenceRecorder (302)
[2017.08.19-07.54.41:982][777]LogModuleManager: Shutting down and abandoning module AutomationController (300)
[2017.08.19-07.54.41:984][777]LogModuleManager: Shutting down and abandoning module AutomationWorker (298)
[2017.08.19-07.54.41:984][777]LogModuleManager: Shutting down and abandoning module AIModule (296)
[2017.08.19-07.54.41:985][777]LogModuleManager: Shutting down and abandoning module GameplayDebugger (295)
[2017.08.19-07.54.41:985][777]LogModuleManager: Shutting down and abandoning module AITestSuite (293)
[2017.08.19-07.54.41:985][777]LogModuleManager: Shutting down and abandoning module WmfMediaFactory (290)
[2017.08.19-07.54.41:985][777]LogModuleManager: Shutting down and abandoning module AvfMediaFactory (288)
[2017.08.19-07.54.41:985][777]LogModuleManager: Shutting down and abandoning module AndroidMediaFactory (286)
[2017.08.19-07.54.41:985][777]LogModuleManager: Shutting down and abandoning module Media (285)
[2017.08.19-07.54.41:985][777]LogModuleManager: Shutting down and abandoning module CharacterAI (282)
[2017.08.19-07.54.41:985][777]LogModuleManager: Shutting down and abandoning module SessionServices (280)
[2017.08.19-07.54.41:985][777]LogModuleManager: Shutting down and abandoning module MovieSceneCapture (278)
[2017.08.19-07.54.41:985][777]LogModuleManager: Shutting down and abandoning module MovieSceneTracks (276)
[2017.08.19-07.54.41:985][777]LogModuleManager: Shutting down and abandoning module MovieScene (274)
[2017.08.19-07.54.41:985][777]LogModuleManager: Shutting down and abandoning module GeometryCache (272)
[2017.08.19-07.54.41:985][777]LogModuleManager: Shutting down and abandoning module GeometryCacheEd (271)
[2017.08.19-07.54.41:985][777]LogModuleManager: Shutting down and abandoning module Niagara (268)
[2017.08.19-07.54.41:985][777]LogModuleManager: Shutting down and abandoning module NiagaraEditor (267)
[2017.08.19-07.54.41:990][777]LogModuleManager: Shutting down and abandoning module StreamingPauseRendering (264)
[2017.08.19-07.54.41:990][777]LogModuleManager: Shutting down and abandoning module PortalServices (262)
[2017.08.19-07.54.41:990][777]LogModuleManager: Shutting down and abandoning module PortalRpc (260)
[2017.08.19-07.54.41:990][777]LogModuleManager: Shutting down and abandoning module MessagingRpc (258)
[2017.08.19-07.54.41:990][777]LogModuleManager: Shutting down and abandoning module ProfilerService (256)
[2017.08.19-07.54.42:086][777]LogModuleManager: Shutting down and abandoning module TaskGraph (254)
[2017.08.19-07.54.42:091][777]LogModuleManager: Shutting down and abandoning module SteamVRController (252)
[2017.08.19-07.54.42:091][777]LogModuleManager: Shutting down and abandoning module ProceduralMeshComponent (250)
[2017.08.19-07.54.42:091][777]LogModuleManager: Shutting down and abandoning module OculusInput (248)
[2017.08.19-07.54.42:091][777]LogModuleManager: Shutting down and abandoning module MobilePatchingUtils (246)
[2017.08.19-07.54.42:091][777]LogModuleManager: Shutting down and abandoning module CustomMeshComponent (244)
[2017.08.19-07.54.42:091][777]LogModuleManager: Shutting down and abandoning module CableComponent (242)
[2017.08.19-07.54.42:091][777]LogModuleManager: Shutting down and abandoning module ArchVisCharacter (240)
[2017.08.19-07.54.42:091][777]LogModuleManager: Shutting down and abandoning module AndroidPermission (238)
[2017.08.19-07.54.42:091][777]LogModuleManager: Shutting down and abandoning module HTML5Networking (234)
[2017.08.19-07.54.42:091][777]LogModuleManager: Shutting down and abandoning module VisualStudioSourceCodeAccess (232)
[2017.08.19-07.54.42:091][777]LogModuleManager: Shutting down and abandoning module DesktopPlatform (231)
[2017.08.19-07.54.42:092][777]LogModuleManager: Shutting down and abandoning module HotReload (229)
[2017.08.19-07.54.42:093][777]LogModuleManager: Shutting down and abandoning module UObjectPlugin (226)
[2017.08.19-07.54.42:093][777]LogModuleManager: Shutting down and abandoning module SubversionSourceControl (224)
[2017.08.19-07.54.42:094][777]LogModuleManager: Shutting down and abandoning module PerforceSourceControl (222)
[2017.08.19-07.54.42:097][777]LogModuleManager: Shutting down and abandoning module SourceControl (221)
[2017.08.19-07.54.42:099][777]LogModuleManager: Shutting down and abandoning module RuntimePhysXCooking (218)
[2017.08.19-07.54.42:099][777]LogModuleManager: Shutting down and abandoning module PhysXVehiclesEditor (216)
[2017.08.19-07.54.42:099][777]LogModuleManager: Shutting down and abandoning module PhysXVehicles (214)
[2017.08.19-07.54.42:099][777]LogModuleManager: Shutting down and abandoning module LocationServicesBPLibrary (212)
[2017.08.19-07.54.42:099][777]LogModuleManager: Shutting down and abandoning module ImmediatePhysicsEditor (210)
[2017.08.19-07.54.42:099][777]LogModuleManager: Shutting down and abandoning module ImmediatePhysics (208)
[2017.08.19-07.54.42:101][777]LogModuleManager: Shutting down and abandoning module UdpMessaging (206)
[2017.08.19-07.54.42:201][777]LogModuleManager: Shutting down and abandoning module TcpMessaging (204)
[2017.08.19-07.54.42:485][777]LogModuleManager: Shutting down and abandoning module GameplayTagsEditor (202)
[2017.08.19-07.54.42:488][777]LogModuleManager: Shutting down and abandoning module FacialAnimation (200)
[2017.08.19-07.54.42:488][777]LogModuleManager: Shutting down and abandoning module AssetManagerEditor (198)
[2017.08.19-07.54.42:491][777]LogModuleManager: Shutting down and abandoning module GraphEditor (197)
[2017.08.19-07.54.42:491][777]LogModuleManager: Shutting down and abandoning module ContentBrowser (195)
[2017.08.19-07.54.42:491][777]LogModuleManager: Shutting down and abandoning module CollectionManager (194)
[2017.08.19-07.54.42:492][777]LogDirectoryWatcher: A directory notification for 'C:/Users/Administrator/Desktop/RPG/Content/Collections/' was aborted.
[2017.08.19-07.54.42:492][777]LogDirectoryWatcher: A directory notification for 'C:/Users/Administrator/Desktop/RPG/Content/Developers/Administrator/Collections/' was aborted.
[2017.08.19-07.54.42:492][777]LogDirectoryWatcher: A directory notification for 'C:/Users/Administrator/Desktop/RPG/Saved/Collections/' was aborted.
[2017.08.19-07.54.42:492][777]LogModuleManager: Shutting down and abandoning module DirectoryWatcher (193)
[2017.08.19-07.54.42:492][777]LogModuleManager: Shutting down and abandoning module LightPropagationVolumeRuntime (188)
[2017.08.19-07.54.42:492][777]LogModuleManager: Shutting down and abandoning module Paper2D (186)
[2017.08.19-07.54.42:493][777]LogModuleManager: Shutting down and abandoning module WindowsMoviePlayer (184)
[2017.08.19-07.54.42:493][777]LogModuleManager: Shutting down and abandoning module WmfMedia (182)
[2017.08.19-07.54.42:493][777]LogModuleManager: Shutting down and abandoning module PacketHandler (180)
[2017.08.19-07.54.42:493][777]LogModuleManager: Shutting down and abandoning module ClothingSystemEditor (178)
[2017.08.19-07.54.42:493][777]LogModuleManager: Shutting down and abandoning module ClothingSystemRuntime (176)
[2017.08.19-07.54.42:495][777]LogModuleManager: Shutting down and abandoning module Overlay (174)
[2017.08.19-07.54.42:495][777]LogModuleManager: Shutting down and abandoning module OverlayEditor (173)
[2017.08.19-07.54.42:495][777]LogModuleManager: Shutting down and abandoning module MediaAssets (170)
[2017.08.19-07.54.42:495][777]LogModuleManager: Shutting down and abandoning module VREditor (168)
[2017.08.19-07.54.42:496][777]LogModuleManager: Shutting down and abandoning module StringTableEditor (166)
[2017.08.19-07.54.42:497][777]LogModuleManager: Shutting down and abandoning module GameplayTasksEditor (164)
[2017.08.19-07.54.42:497][777]LogModuleManager: Shutting down and abandoning module BehaviorTreeEditor (162)
[2017.08.19-07.54.42:501][777]LogModuleManager: Shutting down and abandoning module FunctionalTesting (160)
[2017.08.19-07.54.42:501][777]LogModuleManager: Shutting down and abandoning module CollisionAnalyzer (158)
[2017.08.19-07.54.42:502][777]LogModuleManager: Shutting down and abandoning module WorkspaceMenuStructure (157)
[2017.08.19-07.54.42:502][777]LogModuleManager: Shutting down and abandoning module UMG (154)
[2017.08.19-07.54.42:502][777]LogModuleManager: Shutting down and abandoning module UMGEditor (153)
[2017.08.19-07.54.42:503][777]LogModuleManager: Shutting down and abandoning module Sequencer (152)
[2017.08.19-07.54.42:503][777]LogModuleManager: Shutting down and abandoning module MessageLog (149)
[2017.08.19-07.54.42:503][777]LogModuleManager: Shutting down and abandoning module SlateReflector (144)
[2017.08.19-07.54.42:507][777]LogModuleManager: Shutting down and abandoning module Slate (142)
[2017.08.19-07.54.42:507][777]LogModuleManager: Shutting down and abandoning module EditorStyle (140)
[2017.08.19-07.54.42:508][777]LogModuleManager: Shutting down and abandoning module MRMesh (138)
[2017.08.19-07.54.42:508][777]LogModuleManager: Shutting down and abandoning module Messaging (136)
[2017.08.19-07.54.42:508][777]LogModuleManager: Shutting down and abandoning module SourceCodeAccess (134)
[2017.08.19-07.54.42:508][777]LogModuleManager: Shutting down and abandoning module HeadMountedDisplay (132)
[2017.08.19-07.54.42:508][777]LogModuleManager: Shutting down and abandoning module XAudio2 (130)
[2017.08.19-07.54.42:508][777]LogModuleManager: Shutting down and abandoning module Networking (128)
[2017.08.19-07.54.42:508][777]LogModuleManager: Shutting down and abandoning module Core (124)
[2017.08.19-07.54.42:508][777]LogModuleManager: Shutting down and abandoning module KismetCompiler (122)
[2017.08.19-07.54.42:508][777]LogModuleManager: Shutting down and abandoning module MeshUtilities (120)
[2017.08.19-07.54.42:509][777]LogModuleManager: Shutting down and abandoning module MeshMergeUtilities (119)
[2017.08.19-07.54.42:510][777]LogModuleManager: Shutting down and abandoning module MeshReductionInterface (118)
[2017.08.19-07.54.42:510][777]LogModuleManager: Shutting down and abandoning module SimplygonSwarm (117)
[2017.08.19-07.54.42:511][777]LogModuleManager: Shutting down and abandoning module SimplygonMeshReduction (115)
[2017.08.19-07.54.42:511][777]LogModuleManager: Shutting down and abandoning module QuadricMeshReduction (113)
[2017.08.19-07.54.42:512][777]LogModuleManager: Shutting down and abandoning module MaterialBaking (109)
[2017.08.19-07.54.42:512][777]LogModuleManager: Shutting down and abandoning module LevelSequence (106)
[2017.08.19-07.54.42:512][777]LogModuleManager: Shutting down and abandoning module DerivedDataCache (102)
[2017.08.19-07.54.42:541][777]LogDerivedDataCache: Shutdown
[2017.08.19-07.54.42:541][777]LogModuleManager: Shutting down and abandoning module TargetPlatform (100)
[2017.08.19-07.54.42:541][777]LogModuleManager: Shutting down and abandoning module VulkanShaderFormat (99)
[2017.08.19-07.54.42:543][777]LogModuleManager: Shutting down and abandoning module ShaderFormatVectorVM (97)
[2017.08.19-07.54.42:545][777]LogModuleManager: Shutting down and abandoning module ShaderFormatOpenGL (95)
[2017.08.19-07.54.42:545][777]LogModuleManager: Shutting down and abandoning module ShaderFormatD3D (93)
[2017.08.19-07.54.42:545][777]LogModuleManager: Shutting down and abandoning module MetalShaderFormat (91)
[2017.08.19-07.54.42:547][777]LogModuleManager: Shutting down and abandoning module TextureFormatUncompressed (89)
[2017.08.19-07.54.42:547][777]LogModuleManager: Shutting down and abandoning module TextureFormatPVR (87)
[2017.08.19-07.54.42:547][777]LogModuleManager: Shutting down and abandoning module TextureFormatDXT (85)
[2017.08.19-07.54.42:547][777]LogModuleManager: Shutting down and abandoning module TextureFormatIntelISPCTexComp (83)
[2017.08.19-07.54.42:548][777]LogModuleManager: Shutting down and abandoning module TextureFormatASTC (81)
[2017.08.19-07.54.42:548][777]LogModuleManager: Shutting down and abandoning module ImageWrapper (80)
[2017.08.19-07.54.42:548][777]LogModuleManager: Shutting down and abandoning module TextureFormatAndroid (77)
[2017.08.19-07.54.42:548][777]LogModuleManager: Shutting down and abandoning module AudioFormatOpus (75)
[2017.08.19-07.54.42:548][777]LogModuleManager: Shutting down and abandoning module AudioFormatOgg (73)
[2017.08.19-07.54.42:548][777]LogModuleManager: Shutting down and abandoning module AudioFormatADPCM (71)
[2017.08.19-07.54.42:548][777]LogModuleManager: Shutting down and abandoning module WindowsTargetPlatform (69)
[2017.08.19-07.54.42:548][777]LogModuleManager: Shutting down and abandoning module WindowsServerTargetPlatform (67)
[2017.08.19-07.54.42:548][777]LogModuleManager: Shutting down and abandoning module WindowsNoEditorTargetPlatform (65)
[2017.08.19-07.54.42:548][777]LogModuleManager: Shutting down and abandoning module WindowsClientTargetPlatform (63)
[2017.08.19-07.54.42:548][777]LogModuleManager: Shutting down and abandoning module InputCore (60)
[2017.08.19-07.54.42:548][777]LogModuleManager: Shutting down and abandoning module Settings (58)
[2017.08.19-07.54.42:548][777]LogModuleManager: Shutting down and abandoning module PhysXCooking (56)
[2017.08.19-07.54.42:548][777]LogModuleManager: Shutting down and abandoning module SteamVR (54)
[2017.08.19-07.54.42:548][777]LogModuleManager: Shutting down and abandoning module OculusHMD (52)
[2017.08.19-07.54.42:549][777]LogModuleManager: Shutting down and abandoning module ExampleDeviceProfileSelector (50)
[2017.08.19-07.54.42:549][777]LogModuleManager: Shutting down and abandoning module OnlineBlueprintSupport (48)
[2017.08.19-07.54.42:549][777]LogModuleManager: Shutting down and abandoning module OnlineSubsystem (44)
[2017.08.19-07.54.42:549][777]LogOnline: Display: Unloading online subsystem: NULL
[2017.08.19-07.54.42:551][777]LogModuleManager: Shutting down and abandoning module XMPP (43)
[2017.08.19-07.54.42:553][777]LogModuleManager: Shutting down and abandoning module HTTP (41)
[2017.08.19-07.54.42:556][777]LogModuleManager: Shutting down and abandoning module SSL (40)
[2017.08.19-07.54.42:558][777]LogModuleManager: Shutting down and abandoning module AnimationModifiers (36)
[2017.08.19-07.54.42:560][777]LogModuleManager: Shutting down and abandoning module PropertyEditor (35)
[2017.08.19-07.54.42:560][777]LogModuleManager: Shutting down and abandoning module AudioEditor (32)
[2017.08.19-07.54.42:564][777]LogModuleManager: Shutting down and abandoning module TextureCompressor (30)
[2017.08.19-07.54.42:564][777]LogModuleManager: Shutting down and abandoning module ShaderCore (28)
[2017.08.19-07.54.42:564][777]LogModuleManager: Shutting down and abandoning module Landscape (26)
[2017.08.19-07.54.42:564][777]LogModuleManager: Shutting down and abandoning module SlateRHIRenderer (24)
[2017.08.19-07.54.42:567][777]LogModuleManager: Shutting down and abandoning module OpenGLDrv (22)
[2017.08.19-07.54.42:569][777]LogModuleManager: Shutting down and abandoning module D3D11RHI (20)
[2017.08.19-07.54.42:569][777]LogModuleManager: Shutting down and abandoning module AnimGraphRuntime (18)
[2017.08.19-07.54.42:569][777]LogModuleManager: Shutting down and abandoning module Renderer (16)
[2017.08.19-07.54.42:569][777]LogModuleManager: Shutting down and abandoning module Engine (14)
[2017.08.19-07.54.42:569][777]LogModuleManager: Shutting down and abandoning module CoreUObject (12)
[2017.08.19-07.54.42:569][777]LogModuleManager: Shutting down and abandoning module NetworkFile (10)
[2017.08.19-07.54.42:569][777]LogModuleManager: Shutting down and abandoning module CookedIterativeFile (8)
[2017.08.19-07.54.42:569][777]LogModuleManager: Shutting down and abandoning module StreamingFile (6)
[2017.08.19-07.54.42:569][777]LogModuleManager: Shutting down and abandoning module SandboxFile (4)
[2017.08.19-07.54.42:569][777]LogModuleManager: Shutting down and abandoning module PakFile (2)
[2017.08.19-07.54.42:572][777]LogExit: Exiting.
[2017.08.19-07.54.42:574][777]Log file closed, 08/19/17 16:54:42
